100
10 992 5
14 981 23
20 825 50 816 50 824 50 860 41
15 796 50 804 29
1 278 50 293 50 322 47
2 805 50 787 50 820 50 835 50 833 40
12 633 50 635 50 623 29
7 753 8
85 34 10
65 17 10
92 248 10
77 244 10
70 103 10
73 89 10
51 282 10
4 733 50 728 36
16 697 50 693 50 706 26
9 708 50 699 50 709 50 703 50 705 50 712 50 700 27
17 305 50 292 50 297 50 307 50 257 50 339 50 289 50 309 50 223 50 323 43
62 145 10
87 531 10
50 506 10
97 489 10
44 251 10
28 331 10
40 240 10
52 491 10
5 8 50 12 50 14 32
3 236 50 284 50 268 50 324 50 344 34
71 250 10
89 503 10
82 99 10
83 554 10
43 63 10
27 588 10
48 55 10
72 5 10
35 555 10
75 48 10
54 86 10
100 15 10
93 621 10
18 674 50 679 50 688 50 666 50 682 50 661 50 676 50 673 50 681 31
19 652 50 697 25 670 50 690 50 674 25 694 50 650 50 655 50 713 50 653 50 707 50 667 50 672 50 657 50 643 50 680 50 640 43
59 75 10
21 625 10
64 697 10
49 607 10
33 64 10
13 586 50 594 50 578 50 580 50 590 50 585 50 591 50 576 29
47 607 10
53 711 10
41 610 10
96 633 10
67 664 10
58 674 10
38 722 10
57 693 10
94 721 10
25 738 10
26 649 10
69 685 10
61 3 10
95 698 10
45 647 10
37 706 10
6 666 25 654 50 675 50 630 50 671 50 642 50 621 40 646 50 661 25 676 25 664 40 626 50 658 50 656 50 673 25 652 25 633 15 663 23
66 715 10
86 679 10
55 725 10
32 688 10
39 695 10
23 720 10
79 747 10
56 708 10
11 758 7
88 741 10
24 719 10
31 691 10
60 714 10
29 717 10
84 699 10
42 730 10
91 696 10
34 723 10
68 686 10
30 737 10
36 752 10
76 718 10
90 727 10
98 739 10
78 682 10
74 693 10
81 751 10
80 759 10
46 762 10
63 706 10
8 709 25 711 40 763 50 760 50 722 40 678 50 679 15 688 15 703 25 731 50 724 50 764 50 684 50 729 50 773 50 754 50 769 50 666 13 710 50 735 50 721 40 738 40 766 50 708 15 685 40 698 37
22 715 10
99 779 10
