5
1
30
7 97 2
25 98 2
26 96 2
1 75 2
6 93 6
16 92 3
5 94 3
13 91 4
20 90 9
30 63 9
9 59 7
14 97 2
17 71 5 87 5 72 5
24 65 3
4 66 5 67 9
27 62 5 68 5 65 3 69 5
10 85 5 88 9
3 64 5 61 5 60 8
12 57 5 56 5 54 5
15 92 3 65 2 70 5 83 5 89 5 63 1 59 1 66 4
11 52 5 55 5 59 1 58 5 65 1 62 2 53 5 68 2 27 5 29 5 51 5 22 6
23 82 5 77 6
28 59 1 65 1 73 5 62 1 49 5 47 7
22 78 5 75 4 74 5 76 5 71 2 69 2 68 1 66 1 28 5 48 5 62 1 67 1 57 2 64 2 56 2 50 4
29 79 5 81 5 80 5 68 1 30 5 61 2 72 2 62 1 24 5 32 9
2 86 6
21 84 5 19 5 18 5 91 3 21 5 87 2 85 2 20 5 16 5 68 1 34 5 54 2 25 5 71 1 69 1 35 5 31 5 70 2 44 4
19 11 5 14 5 91 1 15 5 12 5 83 2 75 2 46 5 38 8
18 98 4 97 3 99 5 96 4 95 5 93 2 94 3 92 2 42 5 89 2 26 5 91 1 33 5 71 1 57 1 64 1 69 1 56 1 87 2
8 3 5 4 5 93 1 7 5 94 2 92 1 6 4
2
30
4 98 1
10 97 2
11 93 6
23 9 1
3 96 5 97 4 92 5
21 52 5 43 9
25 63 5 65 6
5 85 3
24 94 5 95 5 82 8
30 10 5 17 8
7 1 5 2 5 0 6
8 66 5 67 9
20 98 4 91 5 93 2 78 8
12 59 5 63 2 62 8
22 68 5 72 5 71 9
14 63 1 65 2 69 5 64 5 90 5 70 6
26 63 1 59 2 61 5 55 7
29 63 1 57 5 59 1 56 5 58 5 54 5 53 5
15 75 5 83 7
9 60 1
6 59 1 97 2 65 1 66 3
16 77 3
1 89 5 87 5 86 5 84 5 73 5 59 1 74 5 65 1 79 5 93 1 60 8
18 23 8
28 5 5 3 5 9 7
17 99 8
19 39 5 37 5 41 5 27 7
27 36 5 29 5 19 5 18 5 92 2 45 5 76 5 40 5 93 1 88 5 51 6
2 8 2
13 13 5 98 2 11 5 96 2 7 5 97 1 85 3 49 5 68 2 8 4 94 2 50 5 66 1 81 5 92 1 28 8
3
30
12 97 1
27 96 2
6 52 1
26 93 3
22 59 2
11 98 4
19 80 7
2 85 4
25 92 5 91 5
1 72 7
8 97 4
13 77 1
5 90 1
21 59 4 48 9
7 94 5 95 5 93 5
15 96 4 87 5 90 5
16 77 2
18 75 5
24 89 5 70 5 86 5 97 2 84 4
28 61 9
3 66 5 68 5 67 5 69 5 98 3 73 5 88 5
9 63 8
14 62 5 30 7
17 65 5 63 1 57 5 64 5 56 5 54 5 59 2 58 5 52 4 53 7
4 44 5 63 1 65 2 47 5 34 5 35 5 46 5 42 6
10 65 1 59 1 66 2 55 4
29 65 1 59 1 74 1
30 6 5 22 5 21 5 24 8
23 1 5 2 5 4 5 3 5 20 5 16 5 14 5 5 5 25 5 15 5 31 5
20 12 5 26 5 33 5 10 5 29 5 19 5 79 8
4
30
22 99 3
9 27 1
25 92 6
30 97 1
16 93 4
24 77 6
15 91 8
5 94 1
28 83 9
26 97 2
18 4 3
17 82 2
6 63 7
3 65 2
21 71 5 67 5 59 5 68 6
8 62 5 76 8
7 39 8
29 66 5 74 5 69 5 65 4 85 5 49 8
27 63 1 57 5 64 5 60 5 56 7
12 78 5 96 9
14 37 7
19 41 5 63 1 36 5 50 5 54 7
23 81 5 51 5 52 5 63 1 75 5 87 5 90 5 82 4 72 5
10 94 4 95 5 97 3 32 5 93 3 38 5 59 2 58 5 45 9
11 27 4 22 5 21 5 89 7
13 18 5 65 2 67 2 70 5 40 5 55 5 47 5 84 5 62 2 66 2 20 8
2 13 3
4 71 2 17 5 86 5 88 5 44 5
1 11 4
20 9 5 8 5 59 1 61 5 16 5 23 7
5
30
12 92 1
19 94 1
23 93 3
1 98 3
16 92 3
22 94 5
8 80 5
20 98 4
5 85 2
7 73 5
14 99 5 97 8
30 90 5 93 3 87 5
3 68 4
28 63 5 65 5
6 67 5 69 7
4 71 5 77 5 74 9
25 62 5 66 5 63 2 64 7
10 59 5 57 5 60 5 43 5 46 5
21 53 5 63 1 82 7
2 78 5 75 5 63 1 72 8
27 34 5 25 5 29 5 35 7
13 52 6
26 91 1
11 63 1 85 4 42 5 48 7
15 56 5 68 3 65 2 59 2 51 5 81 5 67 2 70 5 58 7
17 31 5 28 5 30 5 33 5 27 5 54 5 50 5 66 2 83 5 61 5
24 26 5 92 3 24 5 91 4 65 1 55 5 62 2 79 5 88 5 59 1 41 5 86 5 84 6
9 95 5 98 1 22 5 93 2 96 5 65 1 32 8
18 2 5 7 5 3 5 4 5 6 5 14 5 5 6
29 2 2 13 5 15 5 11 5 19 5 12 5 18 5 3 2 10 5 7 2 4 2 9 5 6 2 8 5 21 7
