200
9 4625 50 4641 50 4665 50 4697 50 4618 32
29 4609 50 4635 50 4639 50 4711 50 4679 35
11 4516 50 4553 50 4536 50 4557 50 4519 50 4577 50 4574 36
19 4152 50 4017 50 4183 50 4091 50 3926 50 4042 37
17 4600 50 4572 50 4576 50 4570 50 4593 50 4769 43
15 4454 50 4479 50 4525 50 4508 50 4503 50 4483 50 4527 50 4537 50 4465 50 4512 50 4473 50 4518 50 4528 50 4426 50 4602 50 4595 50 4599 50 4620 50 4477 50 4614 37
6 4338 50 4305 50 4335 50 4326 50 4293 50 4294 50 4228 50 4346 50 4298 50 4325 50 4352 50 4339 50 4270 32
8 4240 50 4226 50 4268 50 4267 50 4273 50 4243 50 4144 50 4223 41
1 2973 50 2954 50 3003 50 2943 50 2876 50 2955 50 2881 50 2874 50 2970 50 2956 50 3103 50 3104 50 2983 50 3078 50 3030 50 2962 50 2964 50 2883 50 2910 50 2891 47
31 365 50 395 50 339 50 459 50 397 50 544 50 340 50 327 50 378 50 359 50 344 50 475 50 990 50 473 50 550 50 476 50 367 50 951 50 630 50 910 50 323 50 948 35
21 4374 19
10 4395 50 4397 50 4700 50 4419 50 4751 50 4666 50 4634 50 4552 50 4659 50 4550 50 4587 50 4430 50 4605 50 4678 50 4453 50 4597 50 4626 27
23 4377 50 4417 50 4580 50 4451 50 4440 50 4562 50 4539 50 4584 50 4482 50 4564 50 4449 50 4499 50 4423 50 4585 50 4439 50 4475 50 4401 50 4433 50 4371 50 4516 25 4608 50 4460 50 4533 50 4625 25 4418 50 4478 36
3 3648 50 4421 50 3636 50 4393 50 4389 50 4368 50 4422 50 4367 50 4309 31
16 1171 50 1107 50 1297 50 1364 50 1186 50 1282 50 1245 50 1221 50 1041 50 1193 50 1342 50 995 50 1163 50 1075 50 1326 50 1271 50 1115 50 1330 50 1287 50 1025 50 1294 50 1154 50 1201 50 1215 50 1003 50 1231 50 1044 50 1094 50 1187 50 1273 50 1004 50 1147 50 1247 50 1327 50 1179 50 1170 50 1234 43
138 1462 10
186 1420 10
27 292 50 287 50 1412 50 1423 50 1389 50 1172 50 1057 50 1190 50 1068 50 315 50 1280 50 1406 50 1151 50 1357 50 1348 50 1195 50 1426 50 1168 50 1005 50 1136 50 1099 50 291 50 1434 50 1200 50 1226 50 1023 50 1259 50 1383 50 1130 50 1089 50 286 50 1243 50 312 50 1517 50 1016 50 1049 50 1165 50 1331 50 1386 50 1268 50 1436 50 1358 50 1123 50 1288 50 1184 50 1474 50 285 50 1254 25
12 4535 50 4487 50 4553 25 4598 50 4610 50 4468 50 4668 50 4624 50 4741 50 4784 50 4680 50 3518 50 4691 50 4794 50 4717 50 4551 50 4705 50 4410 50 4725 50 4651 50 4629 50 4776 50 4536 25 4567 50 4543 50 4777 50 4752 50 4677 50 4767 50 4441 50 4586 50 4557 25 4461 50 4459 50 4467 50 4592 50 4307 50 4488 50 4304 50 4548 28
187 2576 10
2 4388 50 4632 50 4481 50 4340 50 4474 50 4396 50 4594 50 4641 25 4429 50 3529 27
75 1153 10
132 220 10
14 3491 50 3334 50 3397 50 3432 50 3341 50 4540 50 3598 50 3347 50 4568 50 4531 50 4583 42
92 168 10
53 1433 10
57 15 10
104 1206 10
155 1278 10
103 1336 10
81 144 10
32 4714 50 4292 50 4454 25 4703 50 4788 50 4372 50 4431 50 4522 50 4513 50 4381 50 4479 25 4686 50 4519 25 4534 50 4330 50 4507 50 4313 50 4642 50 4577 25 4296 50 4458 50 4660 50 4282 50 3576 50 4320 50 3338 50 4445 50 4547 50 4241 50 4432 50 4480 50 3691 50 4302 50 4612 50 4364 50 4444 50 4259 50 4051 50 4435 50 4665 25 4463 50 4312 50 4734 50 4800 50 3588 50 4390 50 4354 50 4227 50 4476 50 4450 50 4175 50 4697 25 4150 50 3310 50 4456 50 4761 28
101 2540 10
167 1135 10
122 111 10
67 196 10
168 65 10
47 568 10
190 404 10
107 2699 10
30 3070 50 3164 50 2993 50 3020 50 2966 50 2858 50 3170 50 2787 50 2947 50 2982 50 2859 50 3140 50 2873 50 2852 50 3231 50 2960 50 3085 50 2830 50 2997 50 3120 50 2936 50 2924 50 2853 50 3124 50 2973 25 3071 50 2975 50 2935 50 2932 50 3016 50 3177 50 3111 50 2867 50 2930 50 3106 50 3076 50 2808 50 2813 50 3127 50 2871 50 2878 50 3075 50 3142 50 2985 50 2974 50 3148 46
183 2470 10
72 2882 10
37 3261 50 3258 50 3281 50 3237 50 3223 50 3250 50 3265 50 3290 50 3220 50 3225 50 3239 50 3283 50 3251 50 3222 50 3256 50 3262 50 3294 50 3279 50 3248 50 4200 50 4222 50 4452 50 4525 25 4563 50 4122 50 4775 50 4828 50 3343 50 3604 50 4355 50 4350 50 4323 50 4120 50 4255 50 4589 50 4398 50 4812 50 4378 50 4469 50 3954 50 4315 50 4746 47
74 2512 10
98 2721 10
154 179 10
123 2471 10
181 1126 10
125 2753 10
59 2511 10
7 3014 50 3009 50 2959 50 2854 50 2911 50 3046 50 3132 50 2941 50 2980 50 2954 25 2940 50 2905 50 3008 50 3182 50 3042 50 3135 50 3003 25 3044 50 3017 50 3024 50 3039 50 3154 50 3213 50 2991 50 2894 50 3153 50 3056 50 2886 50 3163 50 2999 50 3118 50 3059 50 2913 50 2797 50 3133 50 2892 50 2902 50 3082 50 2943 25 3080 50 2895 50 3084 25
145 2890 10
199 45 10
49 2973 10
90 2737 10
20 2876 25 2955 25 2953 50 3169 50 2872 50 2862 50 3058 50 2881 25 2914 50 3027 50 2977 50 3193 50 3196 50 2874 25 2719 50 3203 50 3156 50 3167 50 3116 50 2978 50 3214 50 3197 50 2814 50 2828 50 2992 50 2995 50 2823 50 3198 50 2795 50 2740 50 3117 50 3091 50 3191 50 3089 50 2971 50 3178 50 2970 25 3208 50 2868 50 2934 50 3094 50 2754 50 2802 50 2885 50 2915 50 2956 25 3077 50 2909 50 2800 50 2833 50 2861 50 3066 50 2939 50 2887 50 2749 50 3043 50 3048 50 3103 25 2848 50 2903 50 2764 50 2921 50 3104 25 3204 50 2869 50 3123 50 2983 25 2954 13 2942 50 3160 50 3078 25 2816 50 2933 50 3098 50 3136 50 3030 25 2948 50 3074 50 3146 50 2825 50 2741 50 2774 50 2962 25 2767 45
44 2824 10
94 2952 10
56 2880 10
191 58 10
112 17 10
51 458 10
96 3131 10
136 3125 10
173 251 10
197 3003 10
18 3139 50 2882 40 2964 25 2883 25 3021 50 2910 25 2917 50 3031 50 3032 50 3179 50 2721 40 3023 50 3105 50 3200 50 3018 50 2994 50 2857 50 2855 50 3158 50 2729 50 2780 50 2841 50 3070 25 3181 50 3112 50 2879 50 2762 50 2790 50 2958 50 3164 25 2732 50 2781 50 2938 50 3063 50 3121 50 3101 50 3109 50 2765 50 2926 50 2998 50 3194 50 2735 50 3145 50 3037 50 3050 50 4772 50 4347 36
182 2555 10
172 2671 10
91 265 10
184 76 10
137 5 10
121 2847 10
106 2993 10
159 214 10
28 3020 25 2966 25 3276 50 4070 50 2843 50 2864 50 3159 50 3342 50 2791 50 2943 13 4063 50 3162 31
195 132 10
105 2715 10
70 2753 10
169 2900 10
157 86 10
34 4542 50 4408 50 4334 50 4198 50 4161 50 4573 50 4508 25 4579 50 4194 50 4516 13 4284 50 4529 50 4358 50 3430 50 4406 50 3318 50 3183 50 3626 50 4310 50 3549 50 3226 50 4308 50 4365 50 4009 50 4436 50 3234 50 4314 50 3215 50 4380 50 3001 50 3891 50 4342 50 2807 50 3245 50 4511 50 2972 50 3403 50 3511 50 3505 50 3273 50 4351 50 3621 50 2820 50 3672 50 2876 13 2955 13 4399 50 3848 50 3548 50 4212 50 4332 50 2849 50 3277 50 3867 50 4087 50 2986 50 4184 50 3143 50 3309 50 4333 50 4254 50 4506 50 3747 50 3696 50 2920 50 3352 50 3190 50 4553 13 3187 50 4360 50 2988 50 3690 50 4503 25 2881 13 2858 25 2946 50 3069 50 4457 50 3130 50 4218 43
78 3151 10
200 20 10
176 3289 10
144 2931 10
80 3184 10
117 2874 10
87 3240 10
22 4600 25 4797 50 4778 50 4625 13 4699 50 4833 50 4613 50 4225 50 4336 50 4443 50 3346 50 3165 50 4631 50 3380 50 3057 50 3409 50 4338 25 4650 50 4606 50 3170 25 4172 50 4258 50 4187 50 4555 50 4188 50 4803 50 2787 25 4219 50 4427 50 4387 50 2839 50 3244 50 4163 50 4663 50 3061 50 4374 31 4622 50 4321 50 4492 50 2725 50 4182 50 4327 50 3022 50 3235 50 2906 50 3285 50 4363 50 3157 29
82 2723 10
43 2798 10
85 3129 10
143 2840 10
162 21 10
146 2827 10
42 3249 10
95 3274 10
140 3374 10
148 4049 10
142 3060 10
38 3238 50 3311 50 2890 40 2672 50 3271 50 3423 50 3099 50 2801 50 3406 50 3331 50 3348 50 2737 40 3402 50 3571 50 3115 50 3172 50 3126 50 3267 50 2947 25 3328 50 3387 50 3218 50 2766 50 3367 50 3192 50 2970 13 3394 50 2982 25 3034 50 3006 50 2699 40 2987 50 3205 50 3171 50 3284 50 3217 50 3401 50 2850 50 3119 50 3209 50 3107 50 2772 50 2956 13 3243 50 3210 50 3028 50 3054 50 2859 25 3140 25 3088 50 3474 50 2873 25 3557 50 3002 50 3029 50 2957 50 3019 50 3103 13 3292 50 2722 50 3390 50 3113 50 3268 50 3506 50 3104 13 2965 50 3134 50 3572 50 2983 13 3733 50 2852 25 3681 50 3067 50 3659 50 3231 25 2945 50 2960 25 3180 50 3750 50 2680 50 2865 50 3078 13 3322 50 3266 50 3085 25 2829 50 2835 50 3166 50 2927 50 3479 50 2830 25 3030 13 3355 50 3662 50 3206 50 3327 50 2997 25 3120 25 3011 50 2962 13 3533 50 3340 50 3396 50 3468 50 3563 50 3253 50 2695 50 2936 25 3282 50 3233 50 3362 50 3412 50 2924 25 3645 50 2785 50 3068 50 3260 50 2739 50 3472 50 2951 50 3398 50 3211 50 3392 50 3523 50 2811 50 2863 50 3465 50 3620 40
147 3052 10
108 4019 10
171 3100 10
124 2853 10
127 3928 10
135 3860 10
41 3124 10
33 4204 50 4486 50 4136 50 4572 25 4207 50 4189 50 4167 50 4545 50 4329 50 4394 50 4138 50 4238 50 4560 50 4530 50 4438 50 4420 50 4483 25 4386 50 4264 50 4544 50 4164 50 4379 50 4571 50 4134 50 4318 50 4527 25 4500 50 4362 50 4383 50 4295 50 4489 50 4369 50 4536 13 4361 50 3911 50 4442 50 4464 50 4311 50 4322 50 4357 50 4537 25 4343 50 4300 50 4286 50 4283 50 4305 25 4413 50 4349 50 4557 13 4128 50 4281 50 4491 50 4538 50 4083 50 3982 50 4277 50 4324 50 3971 50 4148 50 3808 50 4031 50 4209 50 4505 50 4576 25 4104 50 4485 50 4271 50 4278 50 4034 50 4205 50 4206 50 4465 25 4242 50 4018 50 4132 50 4251 50 4466 50 4081 50 3855 50 4129 50 4501 50 4247 50 4093 50 4166 50 4149 50 4403 50 4272 50 4168 50 4249 50 4123 50 4402 50 4234 50 3908 50 4142 50 4260 50 4409 50 4213 50 4448 50 4512 25 3985 50 4048 50 4337 50 4541 50 4299 50 3939 43
97 3199 10
99 3411 10
62 3890 10
39 2984 50 3344 50 3254 50 2759 50 2964 13 2883 13 3055 50 2910 13 2771 50 3102 50 3137 50 2904 50 2908 50 3288 50 3230 50 3097 50 3461 50 3095 50 3373 50 3004 50 2724 50 3128 50 2979 50 2792 50 3366 50 3444 50 3427 50 3093 50 2993 15 3353 50 2692 50 3227 50 3041 50 3071 25 3070 13 3354 50 2923 50 3272 50 3316 50 2773 50 2768 50 3164 13 2928 50 2975 25 3176 50 3436 50 3038 50 3365 50 3349 50 2935 25 3424 50 2824 40 2932 25 3433 50 3189 50 3306 50 2693 50 3450 50 3131 40 3202 50 3304 50 3125 40 2711 50 3141 50 3377 50 2641 50 2952 40 3350 50 3016 25 3320 14
158 3580 10
65 4005 10
164 3464 10
35 4689 50 4873 50 4805 50 4802 50 4609 25 4684 50 4701 50 4819 50 4683 50 4635 25 4673 50 4865 50 4704 50 4617 50 4667 50 4641 13 4639 25 4747 50 4773 50 4871 50 4661 50 4618 18 4711 25 4549 29
26 42 50 85 50 51 50 50 50 56 50 69 50 83 50 82 50 74 50 68 50 45 40 2880 40 2838 50 2698 50 2625 50 2671 40 2916 50 2803 50 108 50 40 50 3111 25 114 50 2706 50 2867 25 2901 50 3020 13 3079 50 2966 13 2832 50 2930 25 2937 50 2746 50 2634 50 3026 50 3106 25 3076 25 2690 50 2808 25 2845 50 2813 25 2812 50 3127 25 66 50 2871 25 2817 50 2878 25 2969 50 3053 50 3075 25 2834 50 2775 50 2985 25 2761 50 70 50 2899 50 73 50 2974 25 3014 25 3072 50 2793 50 3009 25 2959 25 2753 30 3083 50 65 40 154 50 58 40 2918 50 2666 50 2858 13 2783 50 2770 50 2893 50 3015 50 46 50 2760 50 72 50 2751 50 2981 50 3025 50 89 50 115 50 2787 13 2898 50 2769 50 2847 40 2854 25 2689 50 2884 50 2716 50 2911 25 107 50 2912 50 91 50 3046 25 2900 40 3132 25 2941 25 2617 50 3092 50 2747 50 2815 50 2856 50 141 50 2980 25 2940 25 95 50 2727 50 2905 25 2950 50 3138 50 2715 40 2989 50 3012 50 3008 25 3064 50 2870 50 49 50 189 50 2784 50 3042 25 2888 32
100 3489 10
76 3623 10
128 3881 10
58 3812 10
88 3740 10
165 3714 10
151 3177 10
55 3892 10
84 4454 10
45 4276 10
4 4554 50 4603 50 4582 50 4570 25 4462 50 4479 13 4143 50 4519 13 4089 50 4115 50 4000 50 4137 50 4280 50 4404 50 4577 13 4285 50 4044 50 4074 50 4319 50 4472 50 4317 50 3776 50 4066 50 3941 50 3665 50 3927 50 4100 50 4578 50 4335 25 3934 50 3884 50 4517 50 4574 14 3973 50 4262 50 4370 50 3920 50 4181 50 4504 50 3966 50 4119 50 4197 50 4236 50 4080 50 3956 50 4109 50 4297 50 4110 50 4593 25 4199 50 4263 50 4274 50 3832 50 4416 50 3492 50 3904 50 4425 50 3514 50 4105 50 3664 50 4525 13 4348 50 4359 50 3874 50 3356 50 3501 50 3997 50 4382 50 3451 50 4373 50 3326 50 3188 50 4174 50 4210 50 4121 50 3293 50 3301 50 3376 50 3713 50 3670 50 4269 50 3323 50 3753 50 3400 50 3418 50 3559 50 4057 50 3152 50 4575 50 3802 50 3286 50 3743 50 3252 50 4114 49
163 3488 10
133 4160 10
89 3452 10
149 3300 10
73 3574 10
68 4395 10
13 4698 50 4692 50 4730 50 4740 50 4672 50 4687 50 4731 50 4647 50 4811 50 4636 50 4665 13 4697 13 4795 50 4706 50 4694 50 4728 50 4656 50 4721 50 4648 50 4630 50 4832 50 4743 50 4707 50 4779 50 4753 50 4141 50 4508 13 4600 13 3469 50 4061 50 4177 50 3391 50 4786 50 3333 50 4745 50 3404 50 4135 50 4591 50 3329 50 3259 50 4202 50 4139 50 3149 50 3496 50 3324 50 3315 50 4239 50 3460 50 4854 50 4288 50 4790 50 4546 50 3369 50 3417 50 3613 50 3815 50 3319 50 3687 50 3893 50 3446 50 3414 50 3428 50 3840 50 3921 50 3674 50 4067 50 4157 50 4079 50 4596 50 3242 50 4799 50 4257 50 3447 50 3943 50 3142 25 3345 50 4391 50 4895 50 3727 50 4147 50 4178 50 3305 50 3587 50 3173 50 3368 50 4708 50 3155 50 4473 25 4818 50 4842 50 3847 50 3317 50 3302 50 3382 50 4029 50 3247 50 3609 50 4816 50 3637 50 3358 50 3185 50 4863 50 3607 50 4434 50 4215 50 4766 50 3960 50 3269 50 4503 13 3618 50 3295 50 3312 50 3357 50 3657 50 4211 50 3528 50 3994 50 4830 50 3938 50 4643 50 4581 50 4518 25 4771 50 4338 13 4588 50 3170 13 4356 50 4424 50 4331 50 4117 50 3337 50 3388 50 3484 50 4244 50 4792 50 3475 41
131 4078 10
109 3375 10
189 3584 10
198 30 10
54 3275 10
61 3299 10
36 4047 50 4621 50 3736 50 4528 25 4341 50 4426 25 4685 50 3990 50 4217 50 3568 50 4662 50 4208 50 4737 50 3195 50 3668 50 3537 50 4245 50 4810 50 4720 50 4590 50 3555 50 4173 50 4291 50 3466 50 3483 50 4572 13 3216 50 4007 50 4146 50 4623 50 4231 50 4813 50 4180 50 4235 50 3819 50 4825 50 3935 50 4375 50 4397 25 3869 50 4186 50 4602 25 3385 50 4099 50 4155 50 4595 25 4250 50 3280 50 4056 50 4384 50 4785 50 4158 50 4599 25 3767 50 4230 28
116 3147 10
180 4896 10
77 3507 10
102 3495 10
188 3161 10
5 3493 50 3600 50 3553 50 3612 50 3298 50 3456 50 3232 50 3219 50 3389 50 3482 50 3640 50 3593 50 3780 50 3755 50 3236 50 3689 50 3308 50 3372 50 3291 50 3330 50 3182 25 3201 50 3381 50 3546 50 3700 50 3086 50 3321 50 2626 50 3540 50 2947 13 3303 50 3325 50 3261 25 3278 50 3314 50 3516 50 138 50 2806 50 3443 50 2982 13 3601 50 2846 50 3339 50 3470 50 143 50 3463 50 3531 50 2896 50 76 40 3122 50 3081 50 3384 50 3524 50 3289 40 3151 40 3184 40 3221 50 3697 50 3144 50 3240 40 3586 50 3351 50 105 50 2604 50 2931 40 3013 50 3582 50 2738 50 3825 50 3799 50 78 50 3135 25 3543 50 3544 50 3660 50 3044 25 144 26
46 4229 10
66 4131 10
130 4012 10
129 2708 10
118 4101 10
134 4084 10
160 4153 10
25 3992 50 3859 50 3863 50 4113 50 4106 50 4108 50 4006 50 3857 50 3974 50 4062 50 3924 50 4082 50 4022 50 4064 50 4014 50 4041 50 3899 50 4035 50 3255 50 3174 50 2859 13 2925 50 3040 50 3140 13 3918 50 4046 50 2696 50 3565 50 3737 50 3872 50 2602 50 2686 50 3090 50 3894 50 3931 50 4020 50 2601 50 4032 50 3554 50 3467 50 2873 13 2743 50 3017 25 3024 25 4024 50 2798 40 3129 40 3207 50 2866 50 3386 50 2723 40 3845 50 3421 50 4049 40 3108 50 3399 50 3263 50 3039 25 3634 50 3246 50 3065 50 3455 50 4156 50 3425 50 3154 25 3213 25 3442 50 3249 40 3274 23
86 4757 10
177 4085 10
178 4344 10
113 4620 10
141 4781 10
179 4835 10
192 4477 10
196 4008 10
120 4301 10
194 4483 10
24 4609 13 4303 50 4527 13 4515 50 4700 25 4574 7 4618 9 4750 50 4446 50 4497 50 4615 50 4419 25 4751 25 4195 50 4722 50 4633 50 4666 25 4634 25 4718 50 4552 25 4628 50 4537 13 4733 50 4196 50 4659 25 4447 50 4305 13 4176 50 4455 50 4550 25 4763 50 4185 50 4587 25 4430 25 4605 25 4693 50 4678 25 4576 13 4646 50 4726 50 4328 50 4326 25 4635 13 4453 25 4597 25 4316 50 4232 50 4233 50 4345 50 4377 25 4417 25 4465 13 4495 50 4580 25 4682 50 4405 50 4493 50 4256 50 2949 50 4502 50 4221 50 4765 50 2840 40 4451 25 4293 25 2703 50 2827 40 3374 40 4294 25 2891 3 3060 40 3296 50 3007 50 3212 50 4440 25 4562 25 4524 50 3313 50 3684 50 4498 50 3359 50 4220 50 3861 50 4102 50 2852 13 3229 50 4287 50 2853 15 3124 15 4019 40 4374 16 3258 25 4159 50 4652 50 3231 13 4098 50 4306 50 3688 50 4043 50 4275 50 4290 50 2929 50 3928 40 4539 25 3738 50 4559 50 4001 50 2960 13 2697 50 2991 25 4228 25 2894 25 3846 50 4126 50 3383 50 3504 50 4584 25 2709 50 2796 50 2642 50 3792 50 3035 50 3860 40 4639 13 2685 50 3085 13 2619 50 3062 50 3989 50 4203 50 4526 50 3153 25 3056 25 3950 50 4130 50 4165 50 2968 50 3420 50 4512 13 3335 50 3951 50 2830 13 4072 50 4414 50 4611 50 3986 50 3999 50 4090 50 4346 25 4791 50 4482 25 4564 25 2618 50 3228 50 4385 50 2886 25 4116 50 4764 50 3434 50 3745 50 4607 50 4653 50 3163 25 3264 50 3976 50 3087 50 3471 50 4449 25 4713 50 2997 13 3120 13 4036 50 4676 50 2752 50 4145 50 4499 25 3862 50 4762 50 2789 50 3946 50 3486 50 2882 20 3426 50 4289 50 2756 50 4759 50 4125 50 4626 23 4711 13 4237 50 4140 50 4423 25 2936 13 3962 50 2656 49
111 4834 10
110 125 10
83 2891 2 2999 9
175 4055 10
60 4808 10
170 2924 10
193 39 10
119 4874 10
50 3307 10
40 128 50 117 50 137 50 124 50 176 50 206 50 122 50 116 50 237 50 118 50 2650 50 119 50 3499 50 168 40 2694 50 2731 50 111 40 2842 50 3363 50 140 50 3917 50 2805 50 3118 25 3806 50 3059 25 2799 50 3779 50 3378 50 2967 50 205 50 2721 20 2913 25 3763 50 2797 25 3805 50 3462 50 3829 50 3413 50 3644 50 3010 50 3849 50 4179 50 2844 50 3677 50 4224 50 2976 50 3133 25 4026 50 3525 50 4073 50 4151 50 231 50 226 50 2776 50 2892 25 2745 50 3361 50 4253 50 2644 50 2707 50 2877 50 2902 25 3532 50 256 50 3082 25 3683 50 2837 50 2730 50 3224 50 3287 50 191 50 2990 50 2608 50 3364 50 4054 50 4096 50 3080 25 4071 50 4252 50 4298 25 4261 50 3410 50 182 50 3445 50 2748 50 3508 50 3661 50 3177 15 3535 50 3577 50 3615 50 3744 50 3988 50 2688 50 2895 25 3096 50 3810 50 3036 50 3987 50 4021 50 4335 13 3478 50 3888 50 2963 50 3084 25 2778 50 3732 50 3959 50 2713 50 4068 50 3578 50 3049 50 4190 50 2674 50 2794 50 3768 50 4059 50 2822 50 2687 50 3671 50 3542 50 4112 50 2580 50 3570 50 134 50 2836 50 2763 50 4171 50 2579 50 2581 50 4325 25 3552 50 3071 13 3395 50 3520 38
153 4401 10
115 4439 10
93 4566 10
63 4475 10
69 106 10
79 4585 10
48 4570 10
161 4353 10
185 31 10
71 4804 10
166 4845 10
150 23 10
114 4858 10
174 4688 10
64 4433 10
152 4820 10
126 4934 10
52 4880 10
156 10 10
139 4846 10
