5
1
100
10 992 5
14 981 23
20 825 25 816 25 824 25 860 41
15 796 25 804 29
1 278 25 293 25 322 47
2 805 25 787 25 820 25 835 25 833 40
12 633 25 635 25 623 29
7 753 8
85 34 10
65 17 10
92 248 10
77 244 10
70 103 10
73 89 10
51 282 10
4 733 25 728 36
16 697 25 693 25 706 26
9 708 25 699 25 709 25 703 25 705 25 712 25 700 27
17 305 25 292 25 297 25 307 25 257 25 339 25 289 25 309 25 223 25 323 43
62 145 10
87 531 10
50 506 10
97 489 10
44 251 10
28 331 10
40 240 10
52 491 10
5 8 25 12 25 14 32
3 236 25 284 25 268 25 324 25 344 34
71 250 10
89 503 10
82 99 10
83 554 10
43 63 10
27 588 10
48 55 10
72 5 10
35 555 10
75 48 10
54 86 10
100 15 10
93 621 10
18 674 25 679 25 688 25 666 25 682 25 661 25 676 25 673 25 681 31
19 652 25 697 12 670 25 690 25 674 12 694 25 650 25 655 25 713 25 653 25 707 25 667 25 672 25 657 25 643 25 680 25 640 43
59 75 10
21 625 10
64 697 10
49 607 10
33 64 10
13 586 25 594 25 578 25 580 25 590 25 585 25 591 25 576 29
47 607 10
53 711 10
41 610 10
96 633 10
67 664 10
58 674 10
38 722 10
57 693 10
94 721 10
25 738 10
26 649 10
69 685 10
61 3 10
95 698 10
45 647 10
37 706 10
6 666 12 654 25 675 25 630 25 674 1 671 25 642 25 621 20 646 25 661 12 676 12 664 20 626 25 658 25 656 25 673 12 652 12 633 7 663 22
66 715 10
86 679 10
55 725 10
32 688 10
39 695 10
23 720 10
79 747 10
56 697 1 708 9
11 758 7
88 697 1 741 9
24 719 10
31 691 10
60 714 10
29 717 10
84 699 10
42 730 10
91 696 10
34 723 10
68 686 10
30 737 10
36 752 10
76 718 10
90 727 10
98 739 10
78 674 1 682 9
74 693 10
81 751 10
80 759 10
46 762 10
63 706 10
8 709 12 711 20 763 25 760 25 722 20 678 25 679 7 688 7 703 12 731 25 724 25 764 25 684 25 729 25 773 25 754 25 708 8 769 25 666 6 710 25 735 25 721 20 738 20 766 25 685 20 698 36
22 715 10
99 779 10
2
100
11 213 39
5 962 42
9 605 25 615 25 619 36
20 836 25 879 28
14 821 24
10 697 13
4 758 25 753 25 705 25 725 25 750 46
91 276 10
23 78 10
95 513 10
96 38 10
51 80 10
43 249 10
85 285 10
63 287 10
57 19 10
49 92 10
67 28 10
61 7 10
73 272 10
17 674 25 697 18 687 25 625 25 649 25 699 25 637 25 704 25 733 25 742 25 692 25 695 25 767 42
70 281 10
34 579 10
94 232 10
6 670 34
13 47 25 52 25 55 25 45 25 60 25 63 49
36 21 10
84 17 10
54 606 10
32 616 10
79 115 10
21 608 10
28 43 10
87 639 10
16 679 25 720 25 747 25 761 25 682 25 669 25 693 25 688 25 732 25 726 25 775 29
71 571 10
45 597 10
31 48 10
86 647 10
88 631 10
48 577 10
3 741 23
46 614 10
7 29 25 32 44
83 633 10
37 690 10
39 712 10
52 609 10
25 666 10
41 706 10
90 745 10
8 651 25 659 27
82 689 10
2 719 25 702 25 681 25 660 49
47 691 10
29 714 10
35 756 10
59 743 10
62 717 10
27 736 10
44 708 10
72 635 10
24 730 10
55 696 10
42 629 10
19 749 25 748 25 723 25 694 25 776 25 734 25 686 25 737 25 765 25 752 25 650 25 768 25 655 25 718 25 645 25 709 33
33 713 10
56 653 10
76 772 10
92 810 10
15 727 25 739 25 700 25 622 25 780 25 827 25 703 25 751 25 661 25 676 25 746 25 759 25 665 25 809 25 762 25 677 25 744 25 668 25 623 25 662 25 611 25 707 25 610 32
100 667 10
99 673 10
78 652 10
60 814 10
12 803 25 778 25 672 25 777 25 783 25 641 25 784 25 657 25 627 25 617 25 632 25 643 25 706 20 674 12 666 31
30 680 10
81 881 10
98 715 10
1 6 25 697 9 638 25 701 33
18 3 25 4 25 648 25 690 20 633 20 712 20 601 25 716 25 607 25 708 20 683 25 634 43
69 983 10
58 770 10
22 774 10
68 911 10
50 740 10
66 791 10
40 946 10
75 997 10
74 839 10
38 771 10
77 757 10
80 792 10
26 840 10
89 779 10
97 913 10
93 951 10
64 785 10
53 938 10
65 988 10
3
100
18 826 25 842 25 807 49
5 853 25 858 25 920 30
6 819 46
1 848 46
9 612 25 598 25 635 44
7 849 46
67 252 10
83 258 10
37 352 10
47 304 10
65 122 10
23 345 10
44 532 10
74 13 10
82 533 10
31 82 10
13 628 25 624 25 647 25 636 25 644 25 850 25 822 25 813 25 939 25 713 47
86 40 10
45 61 10
64 583 10
26 541 10
70 9 10
79 128 10
93 559 10
33 342 10
11 613 25 587 31
76 595 10
88 545 10
84 33 10
22 588 10
42 24 10
62 572 10
68 606 10
24 23 10
29 653 10
48 600 10
81 584 10
53 639 10
8 691 25 714 25 717 25 697 25 745 25 730 25 696 25 711 25 604 25 631 25 621 25 689 25 722 36
99 652 10
89 35 10
16 976 25 982 25 828 25 781 25 788 25 802 25 978 25 755 25 923 25 905 25 935 49
71 592 10
59 673 10
30 570 10
54 674 10
80 620 10
85 602 10
52 756 10
34 616 10
91 603 10
3 808 25 941 25 944 25 782 44
90 667 10
94 629 10
50 743 10
10 887 25 806 25 908 25 922 25 841 27
78 664 10
4 728 25 736 25 793 25 866 25 837 25 864 25 799 25 794 31
15 618 25 614 25 693 25 654 25 679 25 561 25 589 25 675 25 688 25 680 25 685 25 564 25 682 25 593 25 568 25 608 25 630 25 599 25 609 41
87 597 10
56 16 10
39 699 10
98 582 10
35 721 10
92 772 10
96 715 10
57 31 10
21 851 10
36 671 10
19 738 25 810 47
69 790 10
95 800 10
58 969 10
77 888 10
75 7 10
73 934 10
49 705 10
63 733 10
20 994 25 992 25 993 25 980 25 977 25 956 25 987 25 953 25 949 25 968 25 995 25 972 25 878 25 902 25 915 25 989 25 950 25 985 25 983 25 961 25 964 25 975 25 894 37
25 798 10
14 937 25 958 25 889 25 867 25 912 25 970 25 918 25 942 25 815 44
27 812 10
28 859 10
55 786 10
60 954 10
97 925 10
72 814 10
2 801 25 674 20 795 42
40 933 10
46 581 10
32 936 10
100 914 10
43 642 10
41 971 10
51 706 10
38 797 10
66 27 10
12 11 25 10 25 18 25 929 25 573 25 566 25 681 25 563 25 882 25 653 20 575 25 881 25 30 25 911 25 823 25 919 25 15 25 829 25 673 20 844 25 779 25 557 25 770 25 652 20 921 25 19 25 909 25 917 25 763 25 596 25 774 25 740 25 884 25 760 25 846 25 633 25 791 34
17 979 25 940 25 943 25 973 25 946 25 857 25 932 25 20 25 839 25 22 25 708 25 646 25 861 25 663 25 678 25 974 25 928 25 771 25 26 25 699 20 948 25 947 25 625 25 649 25 796 25 960 25 757 25 703 25 840 25 725 25 955 25 667 20 959 23
61 986 10
4
100
14 758 11
7 984 25 988 28
11 913 16
18 876 25 965 25 951 48
6 792 26
9 963 45
12 938 25 785 25 830 25 753 25 741 43
5 661 32
19 676 25 694 25 871 25 897 39
10 731 25 883 25 695 25 863 25 904 25 724 25 764 28
26 280 10
45 235 10
16 981 25 729 25 720 25 747 25 930 25 818 25 712 25 899 25 957 25 773 25 952 27
41 333 10
69 321 10
13 551 25 558 25 567 25 650 25 640 25 655 25 684 25 588 40
47 116 10
100 197 10
60 432 10
74 118 10
3 664 25 700 25 690 25 606 25 639 25 754 25 626 25 658 42
56 483 10
70 553 10
91 262 10
82 54 10
34 560 10
8 789 25 890 25 656 25 769 25 579 25
88 595 10
38 623 10
80 34 10
2 616 7
4 670 25 583 25 600 25 629 25 666 25 565 25 552 25 637 25 571 25 569 25 592 36
65 577 10
23 530 10
25 28 10
31 73 10
76 605 10
89 36 10
54 697 10
21 710 10
83 41 10
77 572 10
61 620 10
66 721 10
92 602 10
64 657 10
20 735 25 705 37
29 766 10
94 615 10
32 706 10
17 847 25 817 25 831 25 862 25 843 25 885 25 825 25 756 25 743 25 715 47
75 584 10
33 719 10
67 733 10
49 709 10
96 707 10
42 687 10
87 704 10
95 672 10
27 723 10
99 686 10
30 772 10
28 855 10
98 737 10
84 692 10
62 742 10
48 906 10
40 931 10
43 816 10
50 907 10
37 910 10
78 752 10
71 603 10
97 934 10
46 671 10
81 643 10
44 945 10
58 25 10
59 718 10
1 761 25 58 25 669 25 42 25 674 25 727 25 732 25 726 25 739 25 44 25 570 25 574 25 642 25 697 20 548 25 38 25 53 25 651 25 693 25 751 25 787 25 534 30
93 898 10
57 5 10
39 824 10
36 851 10
86 804 10
35 17 10
52 893 10
22 880 10
79 852 10
68 967 10
90 888 10
85 865 10
63 926 10
15 966 25 969 25 900 25 903 25 805 25 875 25 597 25 820 25 927 25 759 25 544 25 562 25 814 25 539 30
73 872 10
24 999 10
72 679 10
53 991 10
51 13 10
55 702 10
5
100
4 971 17
1 762 3
6 790 25 749 37
12 954 4
16 821 25 698 25 706 25 688 25 607 25 800 25 798 25 748 39
14 845 25 835 30
35 248 10
38 316 10
46 243 10
71 308 10
84 89 10
15 990 25 996 25 859 25 874 25 869 25 776 25 812 35
30 247 10
40 290 10
32 90 10
41 418 10
59 106 10
93 536 10
61 279 10
24 161 10
45 317 10
53 228 10
86 306 10
48 21 10
60 472 10
22 559 10
57 475 10
13 550 30
2 547 25 510 35
18 659 25 836 25 734 25 786 25 765 25 623 25 709 25 925 26
44 374 10
47 84 10
10 556 25 768 25 914 25 924 26
7 555 25 758 25 586 35
66 537 10
63 594 10
33 62 10
21 50 10
75 645 10
8 733 25 775 25 721 25 870 25 582 25 616 25 549 25 762 23 581 25 711 25 682 25 509 31
65 531 10
17 933 25 936 25 901 25 856 25 896 25 838 25 873 25 647 25 728 25 797 39
27 361 10
79 24 10
26 294 10
19 622 25 780 25 621 25 895 25 832 25 673 25 707 25 827 25 652 25 699 25 811 25 710 26
49 275 10
73 67 10
36 241 10
96 269 10
5 886 25 719 25 746 38
85 267 10
28 672 10
80 653 10
100 178 10
62 49 10
68 103 10
81 665 10
42 546 10
3 892 25 809 25 478 25 766 32
83 33 10
51 40 10
82 201 10
52 341 10
78 217 10
9 691 25 834 25 677 25 714 25 299 25 744 25 328 25 527 25 657 25 717 25 668 25 506 25 662 25 730 25 611 25 679 25 643 25 526 25 696 25 517 25 535 26
89 244 10
69 91 10
94 234 10
39 214 10
58 150 10
97 56 10
95 86 10
37 156 10
20 282 25 680 25 633 25 364 25 854 25 363 25 723 25 891 25 687 29
29 209 10
43 96 10
23 187 10
50 708 10
98 681 10
91 514 10
90 74 10
70 686 10
74 803 10
92 778 10
54 104 10
67 141 10
87 737 10
55 288 10
72 497 10
25 199 10
99 264 10
34 69 10
76 51 10
11 986 25 991 25 877 25 777 25 152 25 207 25 752 25 704 25 233 25 356 25 868 25 554 25 783 25 738 25 399 25 641 25 671 25 784 25 595 25 718 25 189 25 538 25 627 25 477 25 326 25 420 25 188 25 617 25 954 23 605 25 916 43
88 218 10
77 97 10
31 23 10
64 35 10
56 31 10
