3000
595 9991 1
549 9987 14
453 9970 11
119 9870 44
205 9928 30
479 9915 69
36 8995 88
376 9790 88
452 9638 69
143 9829 26
255 9755 103
589 9789 103
74 9846 105
298 9801 27
465 9601 157
295 8479 72
220 9880 112
45 9796 125
463 9750 25
12 9151 174
90 9387 9
82 9628 81
113 9746 101
278 8777 159
304 9676 68
258 9738 189
583 9509 102
451 9387 195
144 9638 64
109 9094 275
98 9726 8
502 9390 86
166 9701 237
448 9576 81
384 9526 21
21 9526 18
248 9468 140
93 9585 223
486 9648 128
75 9482 92
405 9253 239
303 9220 325
592 9574 52
149 9157 224
253 8947 26
406 9413 91
247 9509 167
104 6529 180
227 9343 370
39 9449 336
96 8928 293
499 9526 256
449 9457 276
355 8648 398
25 9017 415
267 9431 291
233 9182 18
53 8707 357
251 9440 328
538 7526 480
207 9379 339
175 9429 65
287 9452 472
417 9412 240
256 8824 580
67 9203 388
162 9283 133
208 9191 470
348 9345 191
204 8880 212
38 7621 511
279 9245 373
95 9217 31
111 9312 411
337 9277 204
306 9182 571
574 9084 429
212 9390 514 9298 351
435 6393 600 6430 349
461 7134 69
431 9283 467 9351 264
518 9371 207
172 9304 424
429 8976 469
533 9251 379
558 9262 11
226 8947 11
381 9196 446
506 9193 404
343 5906 473
117 7955 600 8070 453
416 9015 502
482 8947 563 8923 462
328 9101 600 9217 457
360 8995 357
68 9047 232
400 8597 133
570 9226 600 9202 450
286 9060 600 9091 311
243 8920 93
100 9105 484
7 8818 364
163 8892 600 8703 497
259 2840 600 2699 402
415 8986 324
414 8868 124
264 8817 26
4 8777 255
171 9005 426
46 8766 582
225 8955 230
581 8833 600 8701 416
123 8971 339
319 8747 600 8752 600 8852 306
369 4265 454
454 9066 357
469 8815 600 8817 574 8872 419
188 8902 600 8958 304
284 2221 9
211 9038 198
146 8953 600 9114 510
55 8741 328
528 8922 445
285 8942 600 9050 440
551 7026 114
114 4365 387
273 8876 600 8920 507 9048 362
158 7153 597
290 9151 311
217 8493 600 8484 519
310 8845 600 8835 488
8 9228 401
598 9169 600 8977 600 8797 345
196 8862 600 9021 590
54 9123 600 9237 592
556 9177 600 8855 600 8780 600 8861 304
199 8667 286
78 5811 232
410 8609 600 8865 600 8908 512
478 668 600 639 375
56 7497 459
553 9115 600 9052 600 8745 460
252 5986 600 5885 600 6154 600 5974 338
335 6296 600 6353 600 6225 600 6282 372
540 6983 600 7585 600 7178 416
522 9009 600 8849 600 8739 517
209 7917 600 8164 566
261 8883 235
189 8830 600 8859 600 8801 519
459 9112 600 9100 600 9189 350
576 9152 271
534 8880 388 8938 600 9016 504
210 8737 600 8886 600 8754 488
473 8828 600 9262 589 8968 600 9028 395
548 8917 600 9033 600 9206 525
397 9255 600 9078 600 9075 483
89 9051 600 9000 412
221 9204 126
399 4991 600 5006 600 4974 600 5001 600 4994 305
362 8767 600 8810 600 8868 476 8588 488
515 8860 600 8728 600 8783 389
371 8699 562
488 2556 600 2221 483
296 9094 325 9001 600 9083 600 8992 380
30 8822 600 8671 600 8869 600 8583 396
33 8891 600 8641 600 8840 600 8870 500
475 8653 586
505 9118 600 9103 600 8983 600 9025 574
344 5835 600 6155 600 6200 426
76 8571 600 8557 600 8497 600 8560 600 8526 404
508 8424 600 8400 600 8477 384
219 9087 331
365 9129 185
71 9058 171
289 8903 398
375 2336 600 2576 435
428 8646 127
83 8709 600 8674 600 9252 600 8664 328
269 8836 600 9157 376 8606 600 8716 600 8776 379
385 5841 600 6101 600 6122 462
358 8916 566
169 8934 600 9156 600 8678 578
206 9125 600 9173 600 8733 600 8950 600 8894 453
596 6568 600 6566 600 6588 551
597 8625 600 9519 600 8831 600 9510 600 8809 356
445 8804 379
588 6141 137
389 8874 600 8834 571
430 8928 307 9415 600 8742 600 8657 600 9126 520
512 8479 528 8508 600 6998 600 6982 600 7148 462
543 8594 446
532 9171 600 9274 600 9269 600 9065 337
214 8756 600 8875 600 8521 430
72 9334 600 9036 600 9417 600 8895 600 8537 473
37 9499 254
557 2567 146
383 9413 509 8748 337
2 8585 381
472 6669 600 7016 600 8398 600 7349 393
283 2371 600 2172 308
374 9149 525
594 6539 600 6505 600 6512 600 6526 600 6551 412
312 2650 600 2641 600 2684 600 2646 600 2757 301
24 9148 405
61 6039 600 6021 600 6034 481
105 8650 600 9488 600 8926 600 9387 396 9144 256
150 9322 600 9044 600 9034 449
223 9382 600 9281 600 8909 600 8665 311
58 9045 50
17 9272 128
185 6191 600 5889 600 6074 328
359 8997 600 8554 600 8853 600 8711 600 8596 534
511 9381 600 9482 508 9428 421
281 8788 600 8706 308
215 9539 83
408 8877 600 8559 600 8763 600 8913 600 8736 600 8608 413
52 6085 600 6213 600 5971 600 5865 386
531 9323 600 9291 600 9392 600 9287 600 9155 600 8939 487
392 6186 600 6204 600 6206 600 6273 600 6280 539
514 8941 600 8732 423
157 9429 152
179 2621 600 2599 600 2529 600 2610 600 2528 406
563 9502 600 8915 497
341 5015 600 2883 600 2943 392
134 8774 600 8841 600 8603 471
321 9024 600 9188 416
65 8887 600 8620 600 8978 554
268 5099 600 5094 600 5129 583
266 8758 600 8777 186 8787 600 8527 600 6673 312
409 6112 600 6073 600 6265 600 6153 547
340 8975 600 8879 600 9043 600 9109 421
484 2090 600 2366 600 2383 600 2335 600 2388 398
239 6415 600 6343 600 6361 600 6350 333
477 5721 600 5672 600 5681 468
386 5815 600 5630 600 5911 600 5951 600 5876 600 5894 600 5659 410
554 8981 562
466 9375 376
201 6244 430
560 6580 600 8798 367
198 9225 600 9339 600 9214 600 9220 275 9306 509
125 2439 600 2151 600 2474 600 2299 600 2452 346
275 5759 600 5946 600 6041 600 5617 600 5745 600 5861 591
407 9166 600 8980 600 9307 600 9397 600 8898 600 9483 427
462 8462 26
590 6255 600 5629 327
299 5639 555
447 6165 600 6178 600 5692 600 5918 600 5947 600 5778 600 5979 392
48 8658 338
307 6609 600 8448 600 8690 591
160 6339 600 6334 600 6297 600 6329 600 6477 597
699 2260 10
1809 2359 10
1754 2588 10
2203 156 10
627 2276 10
2949 58 10
436 6272 600 6150 600 6238 600 6141 463 6127 600 6287 600 6234 302
1392 2287 10
1620 770 10
1823 2153 10
1873 2407 10
1730 2486 10
665 2069 10
1332 2260 10
317 9026 600 8509 600 8778 600 9491 600 8330 600 7777 322
872 929 10
351 8772 600 8677 600 8422 501
1320 122 10
580 9468 460 8469 600 7850 600 8749 600 9253 361 8919 600 9133 600 9456 490
1661 2423 10
2518 415 10
1153 2481 10
1768 216 10
1099 2226 10
1709 2547 10
1056 2359 10
2490 2588 10
1113 2099 10
1713 652 10
944 2542 10
1699 2380 10
2120 2276 10
1576 2287 10
2632 2625 10
2820 2153 10
1037 2407 10
2497 216 10
1634 2486 10
744 2414 10
1913 2436 10
2613 2069 10
913 2423 10
1105 2260 10
2848 2481 10
1565 2288 10
257 9096 600 7844 600 8514 600 8972 511
91 2226 590 2313 600 2547 590 2359 580 2588 580 2372 600 2099 385
2731 2484 10
2593 2542 10
911 2276 10
263 6651 600 7065 600 6596 600 8952 600 8765 516
1244 482 10
1653 2501 10
1898 652 10
2064 599 10
968 415 10
2323 2754 10
1227 482 10
1314 156 10
1248 2287 10
62 2714 600 2380 590 2134 600 2625 590 2647 600 2153 580 2407 359
2496 665 10
2687 929 10
2673 2486 10
349 5828 600 5780 600 5729 600 5924 600 5788 600 6051 600 5796 600 5927 361
2144 482 10
1460 2544 10
1668 652 10
1669 2398 10
274 6461 306
1475 948 10
1649 162 10
2965 553 10
1622 415 10
1908 478 10
1258 2414 10
2234 2344 10
1317 2656 10
1420 2436 10
2124 156 10
2986 2633 10
277 9183 591
1609 2069 10
1569 2423 10
2554 2481 10
2980 5152 10
2804 2288 10
2573 2800 10
2238 5059 10
2342 2073 10
1381 2484 10
959 2451 10
31 5553 600 6023 600 6032 600 6107 600 5849 600 5855 600 5955 489
1580 2542 10
135 9421 600 9198 600 8523 600 8239 600 9178 600 8495 600 9153 488
765 2427 10
1366 778 10
1922 665 10
2967 2501 10
2934 2754 10
22 5146 600 5152 590 5145 600 5138 360
1293 2125 10
2765 2405 10
1924 2220 10
827 2858 10
446 7005 600 6881 600 9160 600 8309 469
1454 282 10
2918 2368 10
2943 599 10
1044 2503 10
1598 5151 10
5 8612 600 9232 600 8352 600 8967 460
1792 515 10
943 282 10
2674 2414 10
1438 2544 10
231 6664 600 6650 600 8351 600 8808 600 8613 533
910 2398 10
1059 2471 10
2098 872 10
110 6115 13
903 5175 10
2208 2344 10
2241 599 10
1453 2436 10
877 2656 10
2193 2633 10
1862 635 10
1169 872 10
2562 2776 10
2612 646 10
2407 2244 10
276 5635 600 5893 600 5873 600 5913 600 5751 600 5767 600 5999 472
1404 73 10
2475 2339 10
2243 2197 10
664 2288 10
2199 557 10
1950 5012 10
1500 2352 10
1942 5203 10
2446 2073 10
914 553 10
1797 2800 10
2834 5124 10
2524 200 10
151 6035 600 5859 600 5816 600 6157 600 6201 600 5830 510
1720 523 10
1252 84 10
2792 12 10
550 6471 600 6479 600 6483 600 6469 600 6481 600 6496 402
1990 1109 10
1582 929 10
1953 321 10
704 2484 10
1256 2540 10
815 478 10
2607 2451 10
1655 515 10
43 9359 600 9229 600 7285 478
1917 2124 10
85 8948 600 9212 600 7339 600 8759 600 6720 600 6727 464
1321 948 10
2211 2091 10
1440 2358 10
1266 2084 10
1929 268 10
2648 2427 10
2859 2364 10
234 6061 600 6115 587 5960 600 6049 419
423 5625 600 5986 300 6152 600 6078 600 5600 600 5908 600 5935 584
1610 2309 10
1411 2501 10
2049 216 10
136 8150 475
1147 2754 10
331 2265 600 1984 600 2476 522
2022 635 10
721 2125 10
1882 2405 10
2427 200 10
2905 986 10
1472 968 10
450 5649 158
620 2220 10
1601 248 10
2812 58 10
1414 2283 10
2107 2858 10
1374 872 10
57 5993 600 6063 600 6130 600 5717 600 5763 600 5912 600 5900 532
1436 2457 10
1838 5311 10
2645 770 10
10 8794 600 9507 600 8714 600 9179 600 9008 600 8503 600 9479 600 9167 479
152 6181 600 6398 600 6269 600 6253 600 6066 600 6333 600 6092 401
1928 2738 10
2659 2611 10
544 2810 600 2368 590 2503 308
2735 2609 10
2660 412 10
2337 552 10
517 5786 571
2244 167 10
131 6510 600 6528 600 6525 600 6598 600 6605 600 6506 600 7452 553
418 5885 300 5878 600 6025 600 5929 600 5827 535
2132 2544 10
241 6185 281
785 948 10
771 5351 10
2966 73 10
820 986 10
988 659 10
2472 2734 10
1851 200 10
712 728 10
2685 511 10
1992 478 10
1068 5223 10
2303 1977 10
366 6433 600 6347 600 6442 600 6301 421
2174 5199 10
1542 2398 10
1108 5044 10
1303 2344 10
1457 2471 10
1767 5059 10
1804 5351 10
2506 4987 10
124 6154 300 5556 589
1750 2656 10
2048 2173 10
1536 5454 10
2623 968 10
715 5179 10
2459 122 10
305 6242 600 5670 600 5715 380
694 5351 10
2639 2633 10
672 1000 10
1221 523 10
2630 32 10
2908 2459 10
708 2776 10
1880 5223 10
2015 2164 10
1656 5234 10
1046 4997 10
2956 2244 10
1825 122 10
2682 2039 10
2676 392 10
1359 764 10
2775 2339 10
2368 5223 10
1194 5276 10
992 5234 10
2611 2197 10
573 5772 600 5726 600 6093 600 5521 361
2714 4965 10
1711 12 10
1486 523 10
470 8597 467 9311 600 9134 600 9270 600 8470 600 8485 600 9282 600 9346 500
1938 6 10
1161 2884 10
1162 2073 10
1824 2800 10
2734 5012 10
1331 349 10
2895 1109 10
2480 2352 10
2268 2782 10
2068 392 10
2802 5311 10
101 6143 600 6056 600 6116 600 6302 600 6322 534
1689 5101 10
1333 829 10
2973 2540 10
2500 412 10
909 2451 10
2541 5506 10
51 6550 600 6601 600 9425 526
915 5377 10
2429 2632 10
2483 869 10
2917 5506 10
2646 2124 10
567 5892 197
1370 2302 10
1409 5340 10
168 7415 600 8882 600 8556 600 7474 600 7849 600 8464 600 8488 600 8499 417
572 2091 590 2427 580 2084 590 2358 590 2310 600 2429 600 2364 316
1232 58 10
1570 2695 10
1812 5285 10
1574 247 10
1082 309 10
1729 778 10
2579 2309 10
1077 282 10
1676 2125 10
2860 557 10
834 4895 10
740 162 10
14 7458 600 8158 600 8696 544
1125 2416 10
2140 321 10
1980 5643 10
1342 5093 10
823 5377 10
1088 2405 10
2292 5126 10
691 2220 10
2693 5151 10
1089 829 10
316 6362 600 6367 600 6344 600 6324 600 6340 600 6385 600 6364 600 6437 600 6426 600 6326 305
1343 5072 10
2609 2858 10
2256 2283 10
1271 5309 10
1839 504 10
336 5854 600 5774 600 6019 600 5660 600 5831 455
663 5601 10
1357 2457 10
1549 5123 10
1156 1012 10
1085 180 10
1766 2833 10
1093 728 10
1617 2478 10
1251 2738 10
1899 770 10
1901 2207 10
642 2611 10
1276 2626 10
496 5793 600 5782 600 5858 600 5643 590 5601 443
26 6010 600 6292 600 5943 600 5987 600 6081 600 5920 600 6028 600 6006 600 6040 380
2156 1999 10
2233 5558 10
2466 5059 10
180 5602 600 5642 600 6283 600 5837 600 6121 600 6246 600 5835 300 5819 248
1069 1185 10
2669 2609 10
818 2734 10
16 9047 368 9545 213
1878 5199 10
1964 515 10
2749 581 10
1793 5424 10
1623 1977 10
2264 511 10
2266 5506 10
1452 5558 10
2176 968 10
1854 5120 10
244 8525 600 7966 600 8698 311
1581 5340 10
2355 873 10
1006 959 10
2875 2471 10
784 164 10
2087 5234 10
2838 5655 10
1544 136 10
2864 4940 10
380 6158 600 5990 600 5998 600 6261 324
402 5888 600 5696 600 5679 600 6211 580
2441 2936 10
2499 147 10
480 6125 600 5743 600 6136 600 6008 600 5652 600 6151 600 6126 480
1763 2319 10
504 6591 600 6579 600 6643 600 6660 600 9102 600 6649 364
977 2173 10
2040 1985 10
1193 2776 10
2931 84 10
1972 967 10
2366 5228 10
1658 349 10
338 6155 300 6139 448
1537 986 10
2381 5492 10
2375 1976 10
2884 2449 10
159 5655 590 5596 600 6005 600 5738 600 5841 300 6022 600 5938 600 5974 262 5996 600 5590 600 5811 368 5925 407
2037 600 10
1450 764 10
650 4965 10
378 6258 600 6087 600 6298 600 6159 600 5856 600 5733 574
1716 2459 10
2351 489 10
2486 5311 10
683 2244 10
527 6110 600 5558 580 5826 600 5732 600 5731 600 5981 548
1798 646 10
141 6360 600 6365 600 6445 600 6444 600 6014 600 6227 600 5787 575
1571 392 10
2014 5453 10
2575 5574 10
2340 2688 10
822 5492 10
1491 1000 10
2672 2164 10
1733 2039 10
2122 2016 10
94 5957 600 6184 455
2056 5768 10
161 6133 600 6296 300 6171 600 6342 600 6209 600 6182 600 6416 540
29 5982 600 6096 600 6101 300 5994 600 6260 600 6439 600 6018 600 6305 549
1111 84 10
2207 5454 10
1412 5448 10
537 5699 600 5820 600 5705 600 5917 434
2106 5720 10
2911 778 10
2825 882 10
1007 5183 10
1971 728 10
1596 5663 10
2772 5574 10
1138 389 10
1674 2339 10
1777 5276 10
982 5067 10
591 7316 600 8472 600 8871 600 8404 600 8803 600 9466 600 8786 600 9506 501
1443 955 10
2117 2197 10
1521 5159 10
2756 5260 10
2557 5755 10
347 5923 600 6057 600 5870 600 6037 600 5725 510
500 5939 226
1895 412 10
195 6135 600 6460 559
229 5685 600 5664 600 5540 600 5768 453
2099 5416 10
108 6325 600 6229 600 6310 600 6315 399
1463 97 10
2182 5208 10
2426 5864 10
2336 271 10
2177 764 10
73 5977 600 5741 600 5734 368
354 5821 600 5975 600 5922 600 5890 600 5986 150 5654 600 5926 600 5720 590 5755 317
819 5348 10
122 5769 600 6039 300 5906 127 6103 197
897 665 10
1523 5176 10
1424 823 10
390 242 178
86 5468 590
1397 701 10
529 6172 600 5492 580 5663 590 6065 600 6021 300 6027 600 5622 600 6055 380
575 6024 600 5482 600 5574 580 6168 600 5864 590 5942 600 6394 600 6331 600 5883 496
940 5203 10
2343 348 10
2391 776 10
2649 5454 10
780 5084 10
2549 5453 10
2013 635 10
361 6090 600 5936 600 6323 600 6336 600 6353 300 6401 600 6131 600 6263 499
614 5607 10
1318 749 10
644 5845 10
1159 1968 10
679 5799 10
1784 2884 10
2012 2353 10
2901 5724 10
2359 5453 10
2250 1109 10
1618 5882 10
2718 5072 10
2076 5093 10
1725 776 10
2599 2352 10
839 268 10
2681 829 10
186 6363 600 5610 495
547 5614 600 6191 300 5885 150 6030 600 6235 416
1255 5505 10
2710 2891 10
1403 2279 10
609 5228 10
1372 5607 10
1334 73 10
1467 5570 10
1704 23 10
2984 2396 10
732 2782 10
412 6411 600 6392 600 6278 600 6377 600 6414 600 6422 600 6423 600 6351 600 6319 535
1787 909 10
802 809 10
1650 2540 10
2169 2892 10
372 6156 289
2717 248 10
2161 309 10
605 5201 10
2145 5931 10
2300 5377 10
2291 5860 10
793 5032 10
934 2124 10
132 6215 456
2925 823 10
2365 877 10
437 399 600 418 600 426 600 463 600 432 600 504 590 439 600 489 590 440 600 511 580 449 600 466 306
1061 5902 10
1884 5309 10
2899 2632 10
42 6016 600 5845 476
1919 5822 10
1126 2410 10
2960 581 10
2732 1012 10
1283 5882 10
370 6154 150 6198 534
2044 5648 10
1633 723 10
69 5886 103
1696 2302 10
66 5799 421
2136 4987 10
748 5724 10
1249 475 10
1128 3027 10
2249 5628 10
2773 1889 10
2678 1176 10
853 736 10
1776 646 10
2617 5666 10
1683 278 10
1243 5340 10
722 5505 10
2634 684 10
2930 5607 10
427 6111 512
565 6368 600 6438 600 6386 600 6384 600 6330 600 6304 600 6436 600 6482 600 6494 600 6390 568
2695 5208 10
990 6043 10
1654 5570 10
1324 247 10
696 182 10
240 6231 600 6106 600 6144 600 6299 600 6220 537
1994 5724 10
2423 5120 10
1807 93 10
730 349 10
2627 4997 10
2900 809 10
2770 5044 10
1755 99 10
441 5868 600 5818 600 5931 590 5832 600 5860 590 5902 590 5882 356
2768 5822 10
1502 545 10
1870 659 10
1663 5833 10
2888 6 10
1728 86 10
1943 5721 10
2994 5889 10
2890 1105 10
1076 348 10
1274 1952 10
1703 5019 10
2913 5984 10
2929 5424 10
788 5137 10
880 869 10
1847 2845 10
2737 784 10
799 600 10
2608 776 10
1932 389 10
1060 5170 10
314 6267 600 5781 600 5932 390
2350 5448 10
1541 5644 10
1926 942 10
88 6451 600 6141 232 5650 600 5776 600 5869 600 5884 600 6043 590 8847 600 6417 368
64 8746 600 5648 590 5937 600 6756 600 5587 600 7671 600 8442 600 5844 600 5719 600 5628 590 6949 600 5623 397
1365 2317 10
2877 823 10
894 5416 10
2478 723 10
2795 5906 10
2536 2214 10
1769 701 10
2992 5199 10
367 5666 590 5752 600 5958 600 5645 357
242 7751 600 8039 600 6175 379
625 551 10
1484 5505 10
1181 5539 10
218 5615 600 5515 600 5570 580 5680 600 5672 300 5452 600 5424 580 5644 590 5448 580 5491 378
1560 5348 10
2449 376 10
966 5410 10
1272 5056 10
2319 6251 10
238 9138 600 9029 600 8489 600 8540 600 8358 600 8800 600 6250 382
638 2945 10
2065 5889 10
908 5771 10
1987 162 10
630 5205 10
2983 5416 10
1995 2648 10
345 8617 600 9327 600 6176 600 8605 600 6831 388
1040 5721 10
2062 5704 10
2907 5822 10
2760 5412 10
846 5175 10
2185 4895 10
2394 805 10
667 553 10
2436 5352 10
2066 5833 10
2217 684 10
613 5520 10
1145 5101 10
1721 5217 10
2045 552 10
873 6281 10
555 9399 27
2529 491 10
2051 5203 10
869 5984 10
2310 5520 10
2288 5285 10
1558 407 10
2586 5852 10
809 46 10
139 9533 600 9409 600 8555 409
2698 5124 10
937 5410 10
2215 557 10
896 5539 10
2103 6129 10
600 5678 600 5771 590 5835 150 5637 600 5649 442 5833 580 5810 597
2559 6007 10
2622 5440 10
1344 97 10
2975 5309 10
1497 167 10
1651 6289 10
2380 2309 10
2819 5550 10
63 7550 90
960 684 10
2118 5775 10
2167 5276 10
2231 784 10
2800 348 10
173 6577 600 8705 600 6684 600 7583 586
526 8346 600 9020 600 6511 600 6716 600 7018 600 7635 600 8687 600 9267 600 6257 557
2191 545 10
1189 5153 10
1667 5126 10
994 5591 10
1673 873 10
860 5921 10
1379 847 10
2030 263 10
2742 6332 10
521 8462 574 9088 600 8551 600 9038 402 9045 550 8955 370 9089 600 8807 600 6454 600 6710 600 6683 600 8623 514
779 5959 10
571 8755 600 6478 525
128 6613 600 6583 600 6764 600 7134 531 6859 484
1681 5176 10
1474 808 10
2220 6000 10
2201 5151 10
2857 458 10
878 5836 10
1154 484 10
1875 5548 10
684 5976 10
2667 5123 10
2637 5539 10
1977 5669 10
2938 6169 10
2580 739 10
2998 136 10
1107 103 10
2641 5260 10
2705 5792 10
203 9031 600 8438 600 9095 600 8449 600 6970 600 8455 600 7824 600 8428 600 8684 600 8951 514
811 659 10
2594 5746 10
2039 521 10
1210 5583 10
118 9200 600 6413 472
564 6524 600 6718 600 7652 600 6866 600 6427 600 6607 600 6225 300 6251 590 6658 600 6845 600 6085 300 6497 600 6200 174 6317 413
2287 5704 10
1678 711 10
2261 5971 10
1391 6381 10
2329 6129 10
657 6281 10
840 5348 10
1608 5352 10
455 9277 396 9315 600 8563 600 8829 600 8846 600 8994 600 9119 600 8708 480
680 5012 10
1535 5523 10
2016 5592 10
2677 362 10
1148 23 10
2624 6247 10
2827 5984 10
2590 6289 10
2505 701 10
1023 6359 10
2699 6213 10
1053 6007 10
364 8842 600 8272 600 7908 600 9094 163 9553 600 6645 600 7236 600 8103 600 8264 576
1593 182 10
147 7502 600 7053 600 6448 600 6642 600 6793 600 6370 392
951 5044 10
2946 5550 10
126 8770 600 6615 600 9248 600 6883 600 6243 600 8672 600 7810 600 8600 324
327 9564 600 6212 600 8222 600 6332 590 6366 600 6887 600 8691 600 8821 600 6233 599
1022 5605 10
1096 6228 10
1785 5325 10
2999 653 10
1300 6358 10
1224 5852 10
2661 5481 10
2408 5921 10
2883 6431 10
1427 2695 10
1968 5974 10
2020 648 10
2602 4940 10
2080 47 10
1934 6285 10
1879 628 10
2212 56 10
742 46 10
1712 164 10
2774 5959 10
1646 1185 10
1957 6194 10
1519 2926 10
2893 475 10
1888 723 10
70 5179 590 5183 590 5175 580 5176 580 5186 600 5170 590 5134 600 5159 590 5116 600 5125 600 5137 590 5133 600 5148 379
2142 6180 10
2346 5850 10
1423 6000 10
1456 959 10
1485 5412 10
1831 6321 10
2240 5674 10
193 7070 600 8880 194 8771 600 8892 300 7563 600 8482 463
346 6554 600 6543 600 6570 600 6631 600 6210 600 6294 600 6541 600 6270 600 6169 590 6202 600 6213 290 6498 600 6189 429
2757 271 10
1278 5753 10
1501 1022 10
1993 5124 10
707 20 10
420 9477 600 8792 600 9204 474 8195 600 8344 600 8995 155 7400 388
952 5194 10
887 796 10
931 5368 10
2822 6277 10
1826 5806 10
674 5067 10
245 6721 600 8632 590
1202 648 10
766 5500 10
2836 6295 10
2588 5285 10
2109 147 10
1204 5662 10
2964 5813 10
1629 749 10
2469 136 10
752 5992 10
2906 389 10
2844 5064 10
991 385 10
2055 5971 10
2222 5775 10
1052 5177 10
2173 5591 10
1552 551 10
2970 5792 10
536 7309 600 7034 473
2232 629 10
2133 5714 10
2789 229 10
1466 552 10
2148 5836 10
202 7135 600 7323 600 6670 600 7476 600 6281 580 6381 590 6419 600 6635 600 6289 580 6247 590 6578 548
1198 268 10
1628 5976 10
938 321 10
2053 6470 10
2464 326 10
807 5095 10
2327 6129 10
921 5597 10
1245 180 10
1830 6187 10
852 6359 10
2083 93 10
864 309 10
1433 5991 10
1700 6082 10
2331 6558 10
626 223 10
19 7414 600 6840 600 7406 600 7490 600 7125 600 6074 272 7111 600 6099 600 7346 600 6345 600 7149 600 6155 150 6432 600 6945 600 6495 322
633 151 10
2664 6490 10
330 8115 600 8289 600 7862 600 7609 600 8284 600 8268 600 6584 337
190 8552 600 8984 600 8693 600 8353 600 8769 600 8881 600 8598 600 9081 600 8878 600 8586 445
2482 6007 10
2006 6303 10
2322 6313 10
129 5921 580 6228 590 6358 590 6431 590 5669 590 6285 590 6194 590 6162 600 6180 325
2697 5548 10
2139 532 10
1951 5852 10
2395 6321 10
1594 6177 10
294 8361 600 8417 600 6700 600 8230 600 8450 600 6476 600 6699 600 6581 600 6674 600 6736 540
632 5704 10
1355 5279 10
1702 736 10
970 5840 10
174 5324 600 5325 590 5286 600 5294 600 5279 590 5329 308
1013 6410 10
1554 5410 10
377 9321 600 9266 600 9230 600 9581 600 9430 600 8639 600 8949 600 8681 547
2184 5959 10
2471 5850 10
835 6618 10
879 5746 10
1306 6000 10
837 6502 10
983 5674 10
1845 5753 10
2987 5583 10
2744 5527 10
106 9106 184
2778 252 10
1889 5841 10
2052 5571 10
1619 5087 10
2776 248 10
669 6266 10
2126 5806 10
1121 117 10
2920 6277 10
2285 5621 10
639 5662 10
1599 5084 10
942 5813 10
2815 5478 10
1167 6441 10
1288 5992 10
1960 204 10
1778 6637 10
753 6295 10
1751 247 10
791 229 10
2784 524 10
1946 491 10
1921 208 10
1597 6594 10
2793 326 10
2344 5976 10
2435 6098 10
781 6187 10
2374 5433 10
2263 314 10
1864 5260 10
1292 6540 10
660 6288 10
1028 5228 10
2945 6810 10
803 5991 10
2726 5516 10
2247 5592 10
421 8656 29
301 7945 595
1432 5605 10
2626 6160 10
1462 5301 10
148 8966 600 8715 425
1055 5550 10
902 5379 10
353 9319 600 9671 600 9365 600 8912 600 9211 600 9399 573 9580 592
13 6876 600 7582 600 6914 600 6723 600 6838 600 6709 600 6359 580 6470 590 6558 590 6412 600 6186 300 6082 590 6522 360
1956 581 10
2183 561 10
1048 6031 10
2782 6529 10
1773 167 10
112 326 580 342 325
60 9260 600 8595 600 8229 600 9408 600 9076 600 8345 469
2360 5871 10
1345 5440 10
2794 5201 10
1590 5626 10
2589 5775 10
2029 5700 10
1387 5836 10
2897 6224 10
1285 6761 10
11 8610 14
1132 614 10
2690 6320 10
50 9250 600 8805 600 8415 600 9576 455
2912 6248 10
224 6621 600 7084 600 5792 580 6701 600 6490 590 6715 600 5815 300 6303 590 6313 590 6163 600 5698 600 5714 590 5848 600 6407 342
1562 521 10
2154 5591 10
2510 5301 10
678 604 10
2121 263 10
1684 5525 10
2333 5651 10
1135 475 10
2868 38 10
1910 147 10
322 7765 101
1100 376 10
80 8323 600 8986 276 8454 600 8533 357
545 8343 600 8185 600 8040 600 7744 600 8076 600 8316 600 7599 310
2894 5597 10
2280 5630 10
1715 6046 10
2385 5548 10
2791 6446 10
2092 5802 10
2652 6742 10
617 435 10
901 5520 10
1978 5323 10
2008 5547 10
2321 5437 10
2023 6321 10
2707 5911 10
1480 6817 10
957 5823 10
1468 204 10
2597 6406 10
586 6457 600 5529 600 6177 590 5694 600 5840 590 6410 590 6112 300 6456 287
2339 6732 10
1906 6599 10
874 5850 10
1235 458 10
2163 6618 10
2229 6 10
2279 5746 10
1616 5674 10
989 484 10
1948 6004 10
2876 5753 10
844 5527 10
1390 6781 10
1049 6502 10
1322 421 10
924 5989 10
1904 98 10
1488 5583 10
1764 5571 10
986 5806 10
2569 6810 10
562 7896 600 7115 600 7247 600 7921 600 7866 600 7199 600 6712 600 7543 600 6829 495
2665 5621 10
2079 5318 10
170 8781 600 8856 600 8685 600 8461 600 8743 600 8920 254 9061 600 8928 154 8642 378
419 8064 600 8124 600 8592 600 8566 600 8589 600 8240 600 8646 473 8131 600 8593 339
2272 6073 10
1383 6675 10
2491 5646 10
764 32 10
2009 6441 10
2995 6204 10
2254 6266 10
1567 5523 10
2539 6277 10
1856 5662 10
995 6637 10
1478 6296 10
2856 6206 10
1308 6273 10
1749 362 10
794 6586 10
2743 559 10
2843 6492 10
1174 6594 10
1442 5992 10
2542 5516 10
1173 99 10
800 6295 10
1504 5973 10
1670 5592 10
2061 271 10
2502 313 10
2799 6113 10
2437 5352 10
1945 145 10
964 5208 10
153 8933 600 8796 600 8867 600 8397 330
2942 6540 10
2078 5940 10
235 8315 600 8149 414
2258 6752 10
404 6529 410 6537 600 6288 590 6187 580 6467 600 6800 600 6160 590 6098 590 6567 600 5813 580 5991 371
949 5412 10
621 5605 10
2038 6183 10
2273 6306 10
1717 6094 10
756 5575 10
1996 5630 10
2826 313 10
1981 5417 10
2863 6031 10
121 8386 600 8471 600 8170 600 7716 600 7728 600 5911 290 6224 590 6240 600 6629 600 5871 545
535 9300 600 9472 431
1144 32 10
1195 5481 10
578 6523 600 6761 590 5626 590 5951 300 6376 600 6320 590 5876 300 6597 600 6248 590 6265 300 6622 506
1829 5500 10
1916 5513 10
2162 6101 10
2814 6545 10
1828 5525 10
2011 5651 10
906 6977 10
1098 5700 10
2392 6533 10
2007 5323 10
2604 5478 10
2421 5597 10
1925 6600 10
2509 46 10
1290 5547 10
3 9524 600 9268 600 9418 600 9485 600 9461 596
1479 5894 10
1605 6409 10
1550 6204 10
1680 6519 10
1752 14 10
2063 47 10
2248 5802 10
1861 5367 10
2376 6073 10
724 6857 10
530 8519 347
706 5433 10
866 5823 10
2752 6046 10
388 9693 600 9017 185 9246 600 9099 600 9643 600 9163 600 9539 517 9617 600 9619 600 9233 600 9187 600 9007 600 9659 600 9602 526
490 8940 358
2082 5759 10
2170 6446 10
2558 6819 10
1083 5985 10
1821 5527 10
2180 6742 10
28 9512 275
2296 6095 10
1818 6206 10
825 6273 10
1603 5571 10
501 8911 600 9004 600 9280 600 9548 600 8757 600 8962 600 9062 600 9131 600 9509 331 9046 600 8610 411
849 6817 10
2537 6961 10
2758 6732 10
542 6406 590 6167 600 6781 590 6618 580 6666 600 6599 590 6810 580 6502 580 6346 533
1114 6507 10
2050 5946 10
2861 6734 10
1526 6004 10
2997 5391 10
582 8061 600 8190 600 7971 600 8145 500
2921 5968 10
1413 6775 10
2166 6054 10
783 5543 10
2236 86 10
2566 5617 10
2711 6606 10
2108 6041 10
2112 6441 10
15 8668 440
1428 6675 10
2535 6725 10
851 8 10
2151 5989 10
2701 6266 10
1257 6927 10
2027 184 10
2453 5745 10
1230 5980 10
623 5621 10
1465 5585 10
254 5973 590 5940 590 5646 590 5512 600 5523 580 5894 290 5440 580 5516 580 5901 600 5519 600 5575 590 5437 574
2326 6586 10
2750 6113 10
728 5481 10
1368 7013 10
1697 6208 10
1496 5683 10
2424 6637 10
2548 5318 10
2831 6594 10
615 5500 10
2530 6492 10
2605 6094 10
1714 6031 10
2371 5513 10
831 6540 10
1757 5525 10
622 265 10
2425 5417 10
339 9352 600 8679 600 9366 600 8695 600 8924 339
1556 5686 10
2031 6641 10
1808 5478 10
373 5700 580 5759 290 5946 290 5651 580 5802 580 5547 580 5617 290 5823 580 5745 290 5985 590 5594 600 5433 580 5589 600 6004 580 5485 523
2141 320 10
1848 6735 10
2753 278 10
1297 6284 10
969 5543 10
102 7379 600 7343 600 7311 600 7711 600 6337 600 6318 600 6752 590 6464 600 6573 600 6396 423
457 6569 600 6595 600 6122 138 6255 300 7496 600 6192 600 6561 600 6183 590 6306 590 7026 486 6784 600 7265 586
1127 5953 10
2067 5363 10
1226 5549 10
2269 6222 10
2451 6041 10
1903 5487 10
705 6262 10
1021 5692 10
2283 6165 10
493 8897 600 9092 600 8965 600 8655 600 9265 600 8510 339
1380 314 10
2887 6145 10
444 8012 600 7817 600 7811 600 7008 451
300 9455 600 9101 300 8403 600 9541 600 8441 600 9285 600 8567 600 8721 600 9314 600 9324 600 8727 600 8541 549
2172 6179 10
2111 6545 10
1263 5811 10
1451 97 10
270 8136 600 6977 590 8138 332
2947 6787 10
928 6533 10
1799 6947 10
953 5368 10
197 8258 600 8575 600 8405 580
87 8661 600 8813 600 8851 600 8722 600 8704 600 9497 600 9612 516
996 6409 10
1525 5379 10
2410 5493 10
847 6935 10
1446 5367 10
2596 6600 10
2716 6404 10
2025 5466 10
495 6646 600 6857 590 6519 590 6819 556
1548 6046 10
1844 7266 10
1930 6742 10
2341 6817 10
2463 5585 10
2910 6446 10
1952 6095 10
2810 6589 10
789 6961 10
2642 6732 10
871 6039 10
604 6161 10
2556 5417 10
2152 6293 10
2543 6164 10
2927 5391 10
2443 5542 10
438 8730 600 8833 300 8276 600 8436 600 8761 600 8817 287 8785 214
1894 6534 10
1087 223 10
97 9157 188 9185 600 9128 600 9203 212 9628 519 9345 409 9060 300 8979 600 8991 600 9226 300 9531 600 8456 600 9439 600 9638 467 8656 571 8663 600 8826 600 9574 546
1176 6778 10
666 5968 10
1461 5989 10
1299 6237 10
2245 6178 10
1459 6349 10
2462 5513 10
2684 6058 10
2150 6311 10
1103 5918 10
1506 6195 10
736 65 10
35 8427 600 8303 600 8277 600 8322 600 8327 600 8020 600 8283 600 8025 600 6393 300 6507 590 6734 590 6418 419
1645 6026 10
2089 5363 10
2915 6080 10
826 6148 10
1050 93 10
2235 6775 10
2511 6054 10
1966 6606 10
2951 6675 10
2026 6021 10
293 6200 87 6352 600 6254 600 6492 580 6429 600 5980 590 6284 590 6113 580 6165 290 6380 600 5967 600 6327 600 6388 600 6208 590 5730 442
1102 6725 10
1175 5947 10
2430 6530 10
816 5778 10
1747 6142 10
1726 6846 10
154 8850 600 8866 600 8918 600 8615 600 9384 600 8818 236 8899 600 9241 600 9012 600 9151 115 8535 600 8544 600 8686 600 9077 600 8782 455
520 8682 600 8760 600 8747 300 6927 308
1591 5809 10
2428 6166 10
2591 7013 10
2936 6094 10
1112 6842 10
2418 6509 10
1693 6648 10
1660 6282 10
1398 5683 10
382 6586 580 6698 600 6816 600 7052 600 7358 600 6585 600 6641 590 6735 590 6893 600 7350 600 6678 600 6731 600 7292 559
870 5379 10
1277 5686 10
1532 6222 10
932 6549 10
2563 6262 10
1688 7058 10
2060 5712 10
710 7499 10
246 8976 131 9011 600 8960 600 8832 600 8348 600 8373 600 7788 600 8391 600 9010 600 7837 600 9022 573
1364 5532 10
471 9220 138 9301 600 9372 600 8622 600 8119 600 9369 600 8570 600 7787 600 8707 243 8752 300 9256 600 6627 600 7450 600 8587 600 8990 549
754 5368 10
1727 6520 10
2816 5692 10
297 6885 441
2354 5828 10
1019 5479 10
2420 5952 10
726 6178 10
1547 6545 10
432 8998 600 7392 600 8260 600 8713 480
2950 5631 10
2005 6145 10
1963 6179 10
946 6559 10
177 8890 84
2817 6779 10
1795 5682 10
2803 5839 10
2708 6533 10
2465 7293 10
442 7865 600 8167 600 8267 600 8375 600 8751 600 9180 600 7717 600 8412 564
1621 164 10
1885 6787 10
1820 6755 10
2230 5961 10
2348 6353 10
2583 6947 10
394 6375 600 6409 580 6484 600 6404 590 6272 300 6095 580 6161 590 6293 590 6534 590 5918 290 6164 590 6174 600 6237 590 6045 600 5798 600 6349 590 5803 578
775 5487 10
2680 5892 10
1723 5493 10
812 6058 10
1816 5543 10
717 6047 10
637 5466 10
460 6600 580 6935 590 7075 600 7337 600 7352 600 7266 590 6769 600 6961 580 6589 424
323 5549 590 5585 580 5449 600 5542 590 5532 590 5559 600 5586 600 5545 600 5553 300 5561 600 5450 600 5367 580 5391 580 5473 600 5487 580 5493 580 5466 360
1483 7633 10
137 9645 600 9567 600 9563 600 9501 425
1422 128 10
1939 6708 10
796 6290 10
899 6311 10
925 56 10
2968 6778 10
1143 5919 10
2297 6449 10
1183 5947 10
2075 6909 10
656 5968 10
1051 5896 10
302 6195 273
262 8614 600 8331 600 8486 600 8233 600 8640 600 8241 600 8252 342
2433 6026 10
984 6870 10
893 7237 10
2961 6948 10
2305 7451 10
961 5633 10
1119 6775 10
2282 6054 10
2824 6080 10
1796 6148 10
2715 5629 10
2361 5729 10
2003 5953 10
1434 6606 10
1876 6997 10
1289 6725 10
426 7013 580 6846 590 6282 218 6530 590 6842 590 6938 600 6509 590 6648 590 5862 600 6286 600 5778 290 6191 150 5780 300 7175 600 6480 600 6691 600 6501 600 6726 600 6128 600 6399 376
2125 5728 10
2033 5828 10
18 8779 600 8815 300 8355 600 8231 600 8409 600 8293 600 7918 600 8669 600 8852 294 8573 304
1171 5479 10
2603 6142 10
2779 5665 10
1241 5363 10
967 12 10
2281 5924 10
541 7941 600 7909 514
1615 6150 10
2503 6357 10
1746 6549 10
2313 7058 10
2514 6166 10
84 7767 600 7833 600 7988 600 7370 600 7499 590 6504 600 6574 600 6717 600 6900 600 7160 600 6036 600 7512 600 7890 600 7903 375
2839 6222 10
867 5683 10
424 7434 600 6869 600 7072 600 6520 590 6544 600 6738 600 7240 600 7293 590 6238 300 6262 465
2670 5788 10
566 8581 600 8673 600 8227 600 8396 600 8536 600 8255 600 8129 600 8546 600 8451 600 8381 600 8122 600 8383 600 8498 452
676 7876 10
2581 5809 10
587 8931 600 8720 600 8885 600 8219 600 8411 600 8565 600 8902 300 6420 600 6652 600 7556 600 6685 404
2763 6984 10
2369 5687 10
2783 5952 10
2916 6145 10
2689 6179 10
1309 6694 10
1665 5686 10
1339 5712 10
1296 5584 10
1553 6559 10
2320 5756 10
1302 7542 10
1315 7300 10
81 8393 600 7633 590 6779 590 6787 580 6828 600 8793 600 6205 600 6947 580 7020 600 8071 600 6190 600 6755 590 6219 600 6626 600 8148 416
1441 5892 10
739 5839 10
1367 6369 10
2362 7242 10
1205 5668 10
2736 28 10
1872 7383 10
601 6348 10
2972 5629 10
1273 7137 10
2577 6415 10
2054 5631 10
2584 5961 10
2209 6124 10
2357 5667 10
2738 7227 10
318 9534 600 9676 532 9630 600 9385 600 9332 600 9500 600 9556 600 9137 600 9437 600 9454 600 9651 600 9053 600 9084 171 9422 600 9073 600 9116 600 9295 434
1016 6708 10
401 8447 600 8193 600 8194 600 8529 600 8500 600 8066 392
2047 6778 10
2456 5729 10
1325 5682 10
1197 6458 10
1514 6870 10
1508 6058 10
2521 6311 10
919 5633 10
2896 6909 10
1151 6973 10
979 6290 10
838 5865 10
2364 6754 10
806 7237 10
2330 6452 10
1287 5919 10
559 9091 289 9113 600 9058 429 9071 600 9085 600 8985 600 9002 600 8868 238 8889 311
456 9464 600 9669 600 9207 600 9221 600 9490 600 9294 600 9546 600 9272 472 9288 444
1874 6943 10
2485 5796 10
885 7054 10
814 6948 10
2513 7372 10
2495 5788 10
280 8426 154
2450 6861 10
1498 6047 10
2767 6051 10
974 6449 10
1131 7451 10
164 8027 151
2473 6026 10
1354 6080 10
422 9333 600 9357 600 9453 600 8549 600 8964 475
1233 5671 10
1401 6148 10
2962 6560 10
1490 5953 10
230 6150 290 6372 600 6997 590 5886 497 6119 600 6138 600 6624 600 6951 600 7299 600 6245 600 6745 600 6906 600 5896 590 6132 600 6640 600 7123 396
2663 6127 10
2417 6603 10
768 7059 10
1395 5924 10
1218 7735 10
1786 5634 10
2853 6516 10
342 9672 600 8126 600 8958 296 9139 600 7998 600 8629 600 9330 600 9586 600 8306 600 8953 300 9129 415 8458 600 9098 600 9231 600 8288 600 8058 600 7943 515
2123 5983 10
200 8413 600 8942 300 6750 600 9079 600 6808 374
2702 6593 10
2747 6034 10
2093 6729 10
2259 5915 10
2933 6023 10
646 7602 10
492 5728 590 5665 590 5809 580 5765 600 5865 204 5687 590 5599 600 5703 600 5712 580 5887 522
2454 28 10
552 6142 580 6373 600 6549 580 6571 600 6166 580 6357 590 6499 600 6415 290 6513 600 6032 300 5952 580 6100 600 6107 300 6355 600 6559 580 6051 290 5494 600 5756 590 5748 497
997 5849 10
1984 7883 10
1539 7159 10
2226 5839 10
2400 6836 10
1386 5961 10
2102 7847 10
191 9642 600 9406 600 8290 600 9283 234 8784 600 8923 138 9518 407
59 9049 600 7058 580 8888 600 6969 600 8611 600 7320 600 7260 600 6783 600 6972 600 7087 600 8113 600 8437 600 8511 427
762 6369 10
917 91 10
497 6348 590 6389 600 5668 590 5796 290 6034 109 6127 290 5638 600 6124 590 6341 600 6458 590 5631 580 5667 590 5855 300 5682 383
2095 5374 10
1036 7094 10
1834 6703 10
2094 6707 10
1643 6984 10
1470 103 10
1855 6290 10
2046 6765 10
787 7876 10
2090 5635 10
1832 6694 10
2493 8011 10
2315 7542 10
1058 7686 10
1388 8192 10
1246 6452 10
855 6771 10
1505 7300 10
1377 7143 10
1469 6867 10
1517 7550 10
1636 5677 10
2635 7242 10
2356 8021 10
1062 6708 10
746 6047 10
1822 5740 10
2335 5919 10
653 103 10
1511 6909 10
2574 6592 10
2643 7191 10
182 9622 600 8666 600 8604 600 8329 600 8616 600 8717 600 9064 600 8883 365 8937 600 9236 600 9120 600 9154 600 9107 600 9599 600 8959 600 8457 548
568 9750 575 8837 600 8607 600 9583 600 9264 600 8542 600 8308 600 8356 600 8364 600 9341 600 9104 600 7383 590 8263 547
27 7957 600 8507 317
2036 6870 10
1141 6449 10
1732 6023 10
2928 7137 10
1421 6973 10
2487 5879 10
176 7227 590 7237 580 6754 590 6657 600 6948 580 7054 590 7372 590 6656 295
965 5903 10
2598 6560 10
1893 68 10
333 8914 600 9338 600 8702 600 7877 600 8157 600 8421 600 8532 600 8576 600 9017 93 8350 600 9124 600 8007 600 9164 600 9343 230 8689 600 8310 446
863 5431 10
1907 6249 10
2923 98 10
702 6903 10
2955 25 10
1184 151 10
948 7799 10
2422 5633 10
1079 6122 10
1426 6943 10
155 9465 600 7986 600 8014 600 9368 600 6861 590 8367 600 8378 600 8490 600 7186 600 7451 580 8478 600 9470 600 8318 600 9014 600 6796 600 6928 600 9474 600 7060 493
1101 6430 10
1607 6610 10
20 9677 600 9726 592 8543 485
561 7886 600 6860 600 6603 590 7059 590 7735 590 7785 600 8048 600 5790 600 6516 590 6702 600 8207 600 5479 580 5983 590 7883 590 5727 600 5893 300 6593 590 6729 549
1887 5898 10
720 5915 10
2570 7047 10
2404 6836 10
2798 7732 10
1584 7602 10
1034 7159 10
1843 5671 10
2919 5634 10
2866 6287 10
1573 6826 10
2384 7847 10
2317 5584 10
1104 5849 10
2981 6075 10
2059 170 10
2595 5441 10
1833 99 10
2325 6001 10
1168 7003 10
2179 6312 10
1417 7291 10
892 6487 10
288 8907 600 8466 600 8876 300 8921 600 8971 261 8738 600 8298 600 8626 600 8379 600 8811 600 8844 345
2576 7094 10
2865 5702 10
685 8192 10
1614 6703 10
1718 6707 10
1742 7876 10
485 5718 600 5635 290 5397 600 6064 600 5672 150 6369 580 6343 300 5476 600 6084 600 6264 600 6354 600 6275 600 5657 421
2766 7550 10
2780 6814 10
1534 6654 10
1094 6765 10
2434 5867 10
2032 6984 10
1791 7703 10
883 7326 10
2777 6428 10
651 6694 10
2306 6475 10
2808 7991 10
1043 7542 10
2587 7300 10
1186 6771 10
1867 6430 10
2898 5761 10
34 6867 590 6686 600 6863 340
2932 6592 10
2666 8317 10
2721 6918 10
1078 7143 10
2353 7686 10
2650 6737 10
975 98 10
1399 7126 10
649 163 10
2914 7605 10
1868 7242 10
1026 6013 10
1679 8011 10
1707 8217 10
1106 8365 10
1225 8018 10
1445 7225 10
2850 6062 10
2010 7191 10
2833 7137 10
832 5956 10
904 8021 10
516 8660 600 8430 600 8496 600 8473 600 8601 600 8371 600 8221 600 8249 600 8446 600 7278 600 8522 600 8644 600 6974 600 8481 368
2069 180 10
1592 5374 10
2654 6739 10
1481 6973 10
2260 5577 10
1378 8151 10
828 6890 10
2127 8189 10
1384 8130 10
1533 6943 10
2270 6234 10
2728 6307 10
1346 6967 10
1439 8243 10
1765 6452 10
2565 6903 10
673 6780 10
2135 8325 10
1406 8360 10
2104 7799 10
1425 8463 10
2989 5873 10
848 5677 10
2219 6391 10
1694 8354 10
2370 8286 10
624 6560 10
2703 5740 10
1719 5913 10
1005 6035 10
1648 7104 10
1212 5879 10
2974 5903 10
79 6713 600 7136 600 7978 600 6287 290 8023 600 7024 600 5431 590 5751 300 7333 600 6562 600 8206 600 5656 600 6076 600 6249 590 6688 600 5767 300 6239 340
1860 90 10
1269 5742 10
884 5909 10
1311 70 10
2781 5582 10
1814 5966 10
1164 5916 10
368 9127 600 9056 600 9364 600 9190 312
1866 7968 10
2137 6924 10
411 8580 600 8621 600 8631 600 8262 600 8416 600 6610 590 6894 600 8010 600 8387 600 5930 600 6788 600 6291 600 8505 600 6491 431
2683 5560 10
2378 38 10
999 6619 10
1520 5915 10
2741 7282 10
941 5851 10
2544 7602 10
1356 6371 10
690 6463 10
2205 6682 10
2963 7047 10
434 9193 196 8814 600 8764 600 8973 600 9308 600 9635 600 9072 600 9429 383 8910 600 9296 600 8976 66 9019 600 9441 600 9243 511
747 7159 10
1180 7732 10
1353 6772 10
2991 6836 10
1857 7847 10
1627 8049 10
1038 5898 10
1944 6067 10
772 5671 10
2858 6680 10
1282 5859 10
2239 6115 10
2533 6338 10
1455 5634 10
1979 5816 10
1859 6225 10
2636 8270 10
2432 5443 10
760 5616 10
2442 25 10
2119 8143 10
2821 6157 10
1701 6826 10
1986 5584 10
2523 6572 10
1035 6724 10
2227 5758 10
2694 7295 10
1551 7731 10
2298 6085 10
1220 5904 10
2440 6075 10
1206 6564 10
2885 7003 10
1492 7733 10
1662 6201 10
634 6898 10
1362 163 10
1231 7094 10
862 8192 10
1137 7155 10
1373 7291 10
603 182 10
797 5441 10
2192 6312 10
643 6703 10
356 6707 580 6001 590 6279 600 6487 590 6587 600 6811 600 6843 600 6147 600 6814 590 6765 580 5702 590 6602 502
1937 6234 10
1595 65 10
2519 6428 10
2286 47 10
2084 8365 10
805 7703 10
661 7326 10
2727 8419 10
1182 6654 10
923 8317 10
1827 6475 10
2706 6771 10
607 8562 10
830 7686 10
2164 8011 10
2311 6834 10
1242 5847 10
1095 7991 10
1208 8302 10
2277 6188 10
836 5873 10
1748 6207 10
889 7605 10
1090 6538 10
1185 7143 10
1410 8018 10
1782 8182 10
481 8217 590 8281 600 6855 600 7643 600 5913 290 6035 290 6662 600 7010 600 7126 590 8021 580 8203 600 7191 580 7225 590 6074 136 7177 600 8266 600 5613 600 5874 600 8168 600 6835 600 8271 600 5573 396
510 8773 600 8823 600 9108 600 9042 600 8904 600 8969 600 9037 600 8845 300 8906 600 8753 600 8790 600 8977 300 8635 600 8667 314 8925 600 8480 600 8515 499
973 6697 10
1155 6453 10
1340 6459 10
1415 6918 10
1129 6632 10
1543 5934 10
222 9258 600 9398 600 9162 600 9349 600 9361 600 9350 600 9278 600 9416 600 9299 600 9313 600 9371 393 9191 130 9253 181 9150 124
1915 6737 10
1054 7329 10
2653 6739 10
1305 7522 10
2948 8109 10
1869 6592 10
2842 8741 10
1254 8414 10
1691 8189 10
888 7561 10
1349 8429 10
2114 5867 10
236 8724 600 8524 600 8314 600 8645 600 8492 600 8463 590 8325 590 8151 590 5576 600 5761 590 8030 369
1756 6013 10
741 56 10
993 6062 10
1335 6625 10
1437 8311 10
167 9498 600 9489 600 9593 600 9390 257 9528 600 9172 600 9279 600 9169 300 9577 600 9424 600 9516 600 9354 600 9504 600 9462 600 9142 600 9245 227 9411 600 8862 300 9055 600 9054 600 9030 600 9066 243 9393 406
2401 6890 10
2790 7799 10
2452 5374 10
2188 5956 10
1219 6060 10
2294 6061 10
357 9644 600 9660 600 9732 600 9767 600 9670 600 9613 600 8957 600 9074 600 9123 300 9152 329 8130 590 8360 590 8243 590 6903 580 6967 590 8278 438
1124 5641 10
2110 6307 10
1361 5577 10
1236 7216 10
1385 7055 10
1347 7246 10
1997 5677 10
503 8354 590 8286 590 6552 600 6780 488
895 5740 10
1976 5859 10
2398 6339 10
868 6981 10
645 5816 10
1316 8155 10
2216 7376 10
2953 5879 10
2206 5903 10
2393 6391 10
1941 6518 10
1158 7104 10
1004 8819 10
1358 5807 10
1267 6157 10
1970 7449 10
1405 5965 10
833 6424 10
1800 6455 10
1 8892 150 9380 600 9284 600 8762 600 8439 600 8577 600 8548 600 8253 600 7133 600 7968 590 7983 600 5742 590 5909 590 6201 290 6397 600 6924 590 8279 600 8408 600 6361 300 7204 600 8824 20 5582 516
920 5966 10
2615 6757 10
2195 255 10
569 5916 590 9471 600 5995 600 8440 600 8741 262 8820 600 6760 600 7196 600 8468 600 8974 600 9203 106 6556 600 8183 600 8545 600 8562 590 5560 590 5880 600 6619 312
1735 6677 10
1686 7047 10
2869 7282 10
2088 7732 10
655 5595 10
1529 6371 10
593 6682 590 6786 600 7591 600 8049 590 5851 590 5898 580 6463 590 6623 600 6772 590 6953 600 6067 590 6680 590 7271 600 6338 590 8096 600 5713 600 6553 600 7919 600 8143 590 5443 590 5616 433
2813 5716 10
2284 6826 10
2924 5881 10
291 9370 600 8999 600 8270 590 8550 600 8987 600 8349 600 8518 600 9177 300 7731 590 6724 590 8147 600 5423 600 5905 600 6572 590 7459 600 9448 600 9478 600 5625 300 5758 590 6473 522
2845 6075 10
2979 7295 10
1564 8200 10
329 6957 9
142 7003 580 5904 590 5960 300 6564 590 7291 580 7733 590 5441 580 5962 600 6312 580 6898 590 7155 590 7505 600 7830 600 5360 600 6300 600 7253 600 7703 580 6152 300 7326 580 6308 600 6590 600 6654 315
658 208 10
1762 6061 10
1280 6428 10
1487 6475 10
2474 8301 10
1348 6902 10
2712 7991 10
1745 151 10
2870 8365 10
2416 243 10
2178 7605 10
2787 8419 10
1416 8317 10
1612 6078 10
1510 8401 10
2561 8414 10
2692 8590 10
439 8302 590 8395 600 8609 300 8259 600 8418 600 6241 600 6937 600 8018 535
955 170 10
1640 8176 10
2477 8905 10
2691 5600 10
2547 6108 10
2304 6834 10
2534 5847 10
971 5945 10
1974 8855 10
890 6188 10
1499 6232 10
2959 6704 10
2631 6339 10
324 6608 600 6207 442
1215 6538 10
670 6825 10
2338 7264 10
2971 5908 10
790 5389 10
1933 7234 10
2019 5954 10
2560 6547 10
2522 6616 10
2600 8182 10
688 8780 10
611 6918 10
1025 5783 10
1166 6334 10
2218 6697 10
2993 8429 10
1327 6737 10
1710 8402 10
725 145 10
1279 8530 10
1557 8824 10 8110 5
2806 6453 10
1152 6841 10
1216 6865 10
682 14 10
2982 38 10
641 6459 10
2498 8568 10
391 9632 600 9084 86 8986 138 9601 443 9347 600 9047 184 9273 600 9458 600 9297 600 9634 600 9582 600 6632 590 6739 580 7522 590 8140 600 8189 580 8944 600 5934 423
629 7329 10
692 5867 10
2719 5462 10
687 8216 10
2851 5514 10
922 7874 10
1588 7561 10
2902 8109 10
6 9257 600 8697 600 5659 190 6013 580 6062 580 8125 600 8238 600 8865 300 6297 300 6888 507
599 6890 580 8311 590 8816 600 5956 580 6625 590 7616 600 8031 600 8380 600 6307 580 7189 600 5577 580 5993 300 6060 590 5641 507
1063 6079 10
1301 7216 10
2525 5632 10
2077 8181 10
1802 86 10
1190 6089 10
1045 7055 10
2271 7246 10
311 9648 472 9196 154 7860 600 6391 580 8155 590 8819 590 9115 300 9132 600 5891 600 6873 600 6981 590 7104 580 7376 590 8861 296 9442 600 6518 590 8162 600 8988 600 9604 600 6827 600 8133 600 5807 590 6917 553
608 5408 10
1600 6503 10
1477 6576 10
546 68 590 70 590 91 590 65 580 61 600 85 600 90 590 59 600 101 600 74 600 100 600 107 600 117 590 57 354
1065 7449 10
2564 5695 10
332 171 600 184 336
519 8257 600 8399 600 7769 600 5762 600 5965 590 7360 600 7808 600 5927 239 6003 251
1988 6424 10
1852 6455 10
2096 6803 10
585 5966 580 6063 300 6130 300 6521 600 5857 600 6472 600 6757 590 6434 600 6185 319 5403 521
1396 8420 10
2811 5717 10
1761 8574 10
907 8214 10
978 5763 10
2128 8026 10
1298 7394 10
2181 252 10
936 8896 10
1811 7905 10
778 7588 10
2367 8923 10
2977 8292 10
1836 77 10
1883 6515 10
2041 6677 10
738 6371 10
1677 7141 10
734 8173 10
2444 5595 10
2854 8929 10
786 7282 10
2614 8390 10
1602 9018 10
875 7992 10
2314 8637 10
773 8337 10
1734 6872 10
1954 7704 10
130 9310 600 9614 600 9097 600 9052 300 9208 600 9436 600 9146 600 9560 600 9112 300 9584 600 9727 600 9391 600 9009 300 8855 290 9254 600 9378 600 8564 600 9431 309 9571 162
2582 6078 10
2081 263 10
320 6134 600 6929 600 8110 342
1130 8250 10
1494 5442 10
2159 5600 10
2129 6329 10
2954 8780 10
1911 76 10
2468 6402 10
2578 5912 10
1268 6957 10
2567 5716 10
2713 7224 10
743 5533 10
2396 5881 10
2841 8701 10
1011 7181 10
2223 5908 10
2517 9165 10
745 6747 10
933 7051 10
1291 8120 10
2751 7021 10
2555 7165 10
1476 6443 10
2275 244 10
2592 20 10
2849 9093 10
181 9487 600 9618 600 8578 600 8849 300 7295 580 8001 600 9412 360 9657 600 5445 600 8200 590 8301 590 8205 600 8818 118 6334 290 7099 600 7765 499 8022 600 8419 580 8905 590 7750 560
474 8734 600 5979 208 8062 600 5737 600 6252 600 7963 600 6489 353
1604 5447 10
1528 7593 10
2116 7888 10
749 8401 10
1931 6181 10
1073 5353 10
2832 8414 10
2909 6620 10
2969 6834 10
1613 6902 10
1229 8434 10
1962 8139 10
1307 8683 10
1261 5847 10
1179 8407 10
1336 128 10
2414 5964 10
876 8198 10
2274 6188 10
363 9235 461
2891 8590 10
1014 7077 10
44 6108 590 6146 600 5945 590 6232 590 6538 580 6704 590 6186 150 6488 600 6825 590 7264 590 6462 600 6665 600 6244 170 7257 600 5389 345
379 9396 600 8176 590 8182 384
2725 8429 10
652 7823 10
954 89 10
950 7836 10
1738 7234 10
2190 7871 10
2958 8305 10
1435 5323 10
433 8602 600 8402 590 8078 600 7882 600 8369 600 8530 590 5954 590 6697 580 6453 580 6547 590 6616 590 7804 600 8731 600 5783 590 6459 580 8680 528
1985 6730 10
714 6841 10
1234 6865 10
1018 8955 10
2628 7329 10
709 9100 10
1375 6862 10
2846 9015 10
843 6839 10
1482 7046 10
1295 6398 10
2086 8109 10
1464 7312 10
2160 7561 10
1783 8568 10
2675 5462 10
1965 8459 10
1177 8216 10
1896 5503 10
2572 8927 10
2058 7874 10
2237 6762 10
2318 8101 10
841 5514 10
1264 5572 10
1009 5606 10
2276 6517 10
1503 9005 10
777 8134 10
187 8628 600 5658 600 5717 290 5763 290 8077 600 5384 600 7216 580 7797 600 8701 174 5815 150 7055 580 7246 580 8377 314
2651 6079 10
1923 6535 10
1149 5632 10
2762 8181 10
1739 6089 10
1758 8935 10
761 8627 10
1568 8299 10
2419 6329 10
498 7431 600 5829 600 5846 600 6044 600 6387 600 5912 290 7012 600 7202 600 5819 352 5603 600 6109 600 6269 300 7449 580 5408 590 5972 600 5988 600 6503 302
1546 23 10
2352 6576 10
628 7989 10
1170 7792 10
1192 6714 10
334 8224 600 5695 590 8574 590 6782 600 7006 600 6424 580 7809 600 8517 600 6455 580 8235 600 8420 590 5486 600 6803 590 7462 359
2550 8729 10
770 8214 10
1737 9117 10
2175 8896 10
525 9682 600 9674 600 9495 600 9318 600 9329 600 9663 600 9706 600 9578 600 9158 600 9624 600 9705 600 9145 600 9240 600 8929 590 9018 412
1780 8410 10
1900 5496 10
2553 5420 10
1319 8026 10
1801 7025 10
2197 7394 10
2879 7891 10
2461 5853 10
40 9654 600 9262 295 6253 300 7288 600 8292 590 9222 600 9432 600 5899 600 6679 600 7905 590 8390 590 5970 300
2668 5933 10
1222 7588 10
1284 8218 10
2818 8173 10
703 5378 10
494 105 600 113 600 102 600 77 590 76 590 67 600 71 600 128 580 131 446
393 8830 300 8859 300 9217 112 8637 590 6112 150 6677 580 8337 590 9376 600 9402 600 6066 300 6515 590 7141 590 7477 600 7969 600 7992 590 8726 600 9015 88 5595 580 6083 600 6181 290 6872 590 7704 590 9360 600 8250 590 9511 600 5442 384
759 5567 10
2189 6402 10
602 7017 10
2143 7488 10
1672 265 10
1524 5878 10
1587 6957 10
2457 8254 10
801 5716 10
249 92 600 89 590 145 580 132 600 123 600 143 600 163 580 95 600 109 600 138 600 141 600 170 580 80 600 179 600 204 580 150 600 229 580 208 580 222 600 133 519
1394 6025 10
2409 5347 10
2545 5459 10
1250 9165 10
2042 7455 10
2202 5881 10
2091 6565 10
1260 9093 10
1666 223 10
2113 7022 10
1846 7224 10
1024 5544 10
2402 6333 10
271 9749 600 8864 600 9100 290 9215 600 7181 590 9523 600 9713 600 5533 590 6747 590 7051 590 8120 445
1897 236 10
2278 5749 10
2696 5929 10
2852 6882 10
1989 7021 10
23 7165 590 6443 590 6923 600 5681 132 7161 600 7381 600 7479 600 6274 600 6378 600 6751 600 6980 600 6398 290 6532 600 6383 600 6350 267 6474 600 5318 580 5447 518
2568 8982 10
2807 7593 10
1444 8139 10
1527 8362 10
1448 6902 10
1150 6773 10
1081 5353 10
156 9048 238 8938 300 9005 164 9289 600 8366 600 8797 255 9373 600 8401 580 8707 122 8372 600 8434 590 8467 600 8590 560
1642 7888 10
2619 6620 10
2740 8683 10
1165 5964 10
774 8407 10
648 6805 10
2153 7077 10
194 8712 600 8432 600 9191 65 8737 300 8198 237
804 8089 10
2324 255 10
2204 5301 10
1630 5627 10
675 6400 10
1813 6548 10
1959 6091 10
1313 9348 10
2372 9035 10
2903 7823 10
1842 8431 10
1770 6447 10
1003 6514 10
2640 7079 10
2147 7836 10
2447 130 10
2242 8009 10
2671 6692 10
731 8106 10
795 7234 10
2764 8107 10
2389 243 10
1837 8305 10
2488 8659 10
2017 8223 10
1999 8662 10
2458 7871 10
1116 6103 10
1419 6461 10
733 8035 10
2221 6841 10
1047 8927 10
2874 6865 10
2299 7107 10
2379 8568 10
1133 6242 10
1585 6730 10
2073 252 10
1522 8216 10
1561 5951 10
579 9413 255 9351 336 6862 590 7874 580 8024 600 8459 590 8886 300 9101 150 5462 580 6839 590 7046 590 7312 590 8799 600 5514 580 5670 300 5876 150 5907 600 6854 600 8208 600 8838 600 5503 590 6433 300 6762 520
2516 7538 10
2996 7884 10
216 8037 600 8101 590 8102 600 5572 590 5606 590 6259 600 6265 150 6517 227
1031 8307 10
1914 8935 10
326 6471 300 7597 600 6097 600 7203 600 6079 580 6636 600 7692 600 5632 580 6089 580 6535 590 6806 600 5773 600 5878 290 7388 600 6655 600 6011 600 6025 290 5772 300 6576 580 7000 600 6333 290 6714 590 5929 290 6114 351
1228 8134 10
1969 9213 10
1012 7792 10
1200 7989 10
2551 8280 10
2926 8828 10
1850 8692 10
2830 8181 10
1369 8184 10
1853 6770 10
2411 7994 10
963 5726 10
2290 8627 10
524 8299 590 8443 600 8313 600 8214 580 6038 600 6546 600 8026 580 8410 590 5496 590 6012 600 6256 600 6435 600 6485 600 7394 580 8326 600 8425 600 5420 590 6093 300 7025 590 7068 600 7891 590 5853 535
2312 7588 10
2540 6271 10
2224 9457 10
824 6347 10
1270 9544 10
2057 195 10
350 9675 600 9117 590 9277 198 9551 600 8729 590 8647 600 9535 600 8968 300 9655 600 9038 201 9320 600 8506 600 9514 600 8896 580 9450 600 9069 600 9640 600 9057 600 6442 300 7949 600 6053 600 7508 600 8173 580 8218 590 8917 300 5933 215
2585 8970 10
1247 5378 10
2295 8312 10
821 244 10
671 5436 10
2439 6693 10
1863 7057 10
1142 7714 10
1030 5872 10
2538 6557 10
810 278 10
1286 8833 10
116 6402 580 5567 590 6776 600 7017 590 7488 590 6633 600 7128 600 5510 600 7224 580 5343 600 5347 590 5459 590 5948 573
1973 9757 10
1675 7455 10
2501 8254 10
2528 8553 10
2657 5854 10
980 6104 10
697 245 10
813 8433 10
1187 9033 10
1790 19 10
1214 6565 10
49 7022 590 7324 600 5544 590 6696 600 6853 600 7021 580 6858 600 5749 590 5834 600 6882 590 7632 600 6071 600 8362 590 6421 600 6461 284 6604 600 6408 574
1781 8694 10
1057 9093 10
1071 9275 10
1262 9165 10
2886 9795 10
2785 6468 10
695 8670 10
713 265 10
2194 9773 10
677 8890 10
900 6733 10
2293 194 10
1740 8175 10
1975 9040 10
2882 5774 10
92 6242 290 5895 600 7168 600 7197 600 7593 390
1706 9459 10
1512 5747 10
2527 6103 10
1074 8812 10
2467 8932 10
2349 9517 10
228 255 580 257 600 7485 600 5710 600 5875 600 6223 600 7498 600 5333 600 5353 580 6143 300 6620 580 7183 600 7590 600 5964 580 6493 600 6773 590 7077 580 5805 600 6255 150 5312 507
2871 7888 10
1447 8982 10
1815 8956 10
491 9755 497 9661 600 9238 600 9255 300 8989 600 8097 600 9078 300 9762 600 8340 600 9060 150 9451 600 8654 600 8683 580 8407 580 9226 150 9443 600 9457 314 8139 580 9468 230 8828 290 7832 600 9051 300 7823 580 9348 590 9449 264 6805 590 8089 310
757 9035 10
882 5334 10
1841 5627 10
2939 5723 10
2837 6019 10
1123 6400 10
1418 6548 10
845 7669 10
1840 6091 10
829 6447 10
2904 7836 10
2386 8839 10
2520 6514 10
1329 8 10
2723 8034 10
1891 8305 10
2881 14 10
1652 8431 10
315 8513 600 8275 600 7079 590 7640 600 7845 600 8009 590 8106 590 8107 590 8659 590 8703 103 9244 600 5537 600 7082 600 7871 580 8479 264 8662 590 6137 600 7206 600 8223 590 6465 600 6692 496
1690 8547 10
1304 5697 10
1625 7119 10
2134 9782 10
1909 8004 10
1647 9271 10
1017 5660 10
737 6056 10
1402 9482 10
763 7272 10
858 5498 10
140 9590 600 8927 580 6527 600 8035 590 8767 300 9159 600 5726 290 7107 590 6730 580 8810 300 9302 600 6116 300 5308 600 7757 600 8319 600 9205 600 5793 300 9192 600 9193 98 5568 437
2021 5684 10
1685 6347 10
1998 8872 10
2138 7538 10
1912 7653 10
1240 7884 10
854 8935 10
1788 6379 10
1458 236 10
898 6479 10
1803 9544 10
2105 7102 10
2610 7341 10
2072 6753 10
282 9795 590 9754 600 9695 600 9769 600 9656 600 9700 600 9757 590 8134 580 8307 590 9213 590 6944 600 7706 600 9209 600 9355 600 5808 600 7695 600 8159 600 8280 468
2097 7268 10
2944 9033 10
2399 9182 10
698 8627 10
1199 6985 10
1209 8692 10
47 8848 600 7374 600 5693 600 6910 600 7772 600 7989 580 8558 600 7792 580 8184 590 8444 496
2647 8538 10
1606 9532 10
1775 6807 10
2733 9815 10
1134 6639 10
1091 7900 10
2448 8638 10
2755 8528 10
1572 5854 10
618 6302 10
523 9773 590 9227 600 9633 600 5249 309
1109 6617 10
115 6849 600 8112 600 8406 600 8860 300 6009 600 7928 600 6770 590 6915 600 7994 590 7739 600 5477 600 6010 300 6874 600 9111 600 7262 301
2186 5774 10
1858 9251 10
192 5801 600 5335 600 8335 600 6271 590 6393 150 6440 600 6744 600 6912 364
2460 9403 10
1001 28 10
1892 6939 10
2720 6960 10
2922 9572 10
2377 8516 10
2801 8493 10
2347 5378 10
2358 6268 10
2823 9542 10
1066 8572 10
1172 5791 10
927 8728 10
2638 5939 10
1724 6907 10
2255 7015 10
2412 5436 10
2937 8970 10
2952 8211 10
2855 39 10
1115 5782 10
1789 8312 10
1705 6693 10
265 7057 590 8188 600 8890 506 9275 590 6050 600 7714 590 7870 600 8893 600 5872 590 6425 600 6557 590 6582 600 7446 600 8254 580 8747 150 9170 600 5451 600 7442 600 7958 600 8460 600 6798 600 8553 590 8694 391
507 9679 600 9459 590 9658 600 8873 600 8884 600 6019 290 6921 600 7455 580 8363 600 8433 590 9427 600 5722 600 6565 580 7724 600 9517 590 7098 600 8636 600 8670 556
857 6104 10
750 6292 10
1389 7356 10
1363 7391 10
292 7661 600 7667 600 7950 600 8982 580 9040 590 5261 600 5943 300 7646 600 8932 478
1140 5250 10
998 5660 10
1940 6056 10
213 9473 600 9410 600 8812 590 5643 295 8324 600 8956 590 6500 600 8872 171 9001 224
1265 5320 10
956 5858 10
693 9083 10
2700 6468 10
808 7023 10
1741 8175 10
972 243 10
1639 6705 10
1886 6733 10
1238 7938 10
487 5987 300 7419 600 6081 300 5618 600 5739 600 5747 590 5920 300 6792 600 6479 290 6954 600 7642 600 6033 600 7174 600 5508 600 7826 600 6531 600 6966 600 7307 600 7835 600 7182 600 7800 600 5627 558
272 8394 600 8251 600 8338 590
1577 8822 10
2130 6400 10
2345 8392 10
77 9790 512 9176 600 9481 600 9343 115 8671 300 8752 150 9035 580 9168 600 9680 499
985 20 10
2976 6548 10
2165 7412 10
2390 5334 10
2332 5723 10
1489 6091 10
1310 7594 10
1819 9782 10
2759 7669 10
1516 6447 10
1631 172 10
1196 8187 10
2004 19 10
232 8431 580 8839 590 8996 600 6514 580 8034 590 8142 600 7402 600 6822 600 8768 431
1659 5291 10
2494 5949 10
1507 6302 10
468 9041 600 7056 600 7647 600 9251 211 8547 590 5697 590 6002 600 7119 590 7625 600 8004 590 8300 600 8483 600 9271 590 7272 590 5498 590 5770 600 8385 600 9091 145 7791 600 8234 600 8869 300 8008 541
2618 5399 10
2872 8502 10
1157 7028 10
1350 7538 10
2724 195 10
635 9592 10
127 9426 600 9662 600 7884 580 9544 580 5684 590 6644 600 7653 590 8297 600 8493 290 6028 300 6379 590 7102 513
2168 7341 10
2489 7793 10
1070 8728 10
1275 8852 10
2214 5673 10
458 6753 590 5782 290 7233 600 6790 600 7268 590 7974 600 8169 600 5939 364 6985 590 7096 600 7530 600 6568 300 6612 600 8273 600 5455 600 6681 600 6955 600 5757 600 6539 300 6807 590 6006 300 6639 590 6942 600 7900 590 6749 600 8166 412
2532 8993 10
2754 5383 10
1042 6292 10
958 152 10
2246 8692 10
1624 8815 10
2415 6617 10
1118 8128 10
2679 319 10
1530 8491 10
1731 313 10
2328 8597 10
2745 9394 10
2198 9505 10
1239 9532 10
1920 8538 10
2935 9110 10
309 8638 590 8528 590 8825 600 9003 600 8891 300 9118 300 6272 150 5534 600 7163 600 8806 600 9103 300 5419 587
735 9475 10
2455 320 10
1555 9405 10
2373 9815 10
1337 5779 10
1760 5858 10
1010 5604 10
1698 9189 10
2730 9403 10
1545 314 10
1120 9083 10
1664 9316 10
1982 8983 10
1330 9447 10
1771 81 10
2508 5328 10
947 8516 10
2796 7681 10
1806 9388 10
2363 7843 10
2571 6362 10
1955 9572 10
1139 142 10
2988 6555 10
178 5825 600 8970 580 5602 300 5647 600 6939 590 6960 590 7906 600 8312 580 5436 580 5642 300 6068 600 6216 600 6268 590 6693 580 7690 600 8572 590 5791 590 6226 600 6907 590 7015 309
1163 9090 10
2043 154 10
1312 9616 10
2100 8211 10
9 6048 600 7315 600 5528 600 6283 300 7629 600 5707 600 6774 600 7231 600 7546 600 7608 600 7764 600 6367 300 6671 600 7092 600 5303 600 5502 600 5837 300 6104 580 6121 300 7367 600 7734 600 5526 600 7657 600 6197 600 7356 590 7391 590 7393 447
1936 9435 10
1638 8822 10
1495 9196 10
2748 9733 10
711 7510 10
859 22 10
1905 8294 10
2704 9082 10
1579 8641 10
987 5785 10
250 6086 600 6851 600 7033 600 5250 590 5690 600 6505 300 6804 600 7685 600 7756 600 6246 300 6468 580 6830 600 8175 580 5320 590 6733 580 7023 590 7975 600 5288 600 6705 590 7938 493
850 9499 10
1967 9542 10
2889 9716 10
2470 8520 10
719 9525 10
2200 9147 10
2481 8840 10
2157 8649 10
513 9723 600 9027 600 9826 600 9039 457
2476 8854 10
1983 194 10
2262 8334 10
2252 9228 10
2512 5780 10
2990 9621 10
2606 7011 10
1611 88 10
577 9484 600 9714 600 5766 600 8504 600 9290 600 5675 600 7912 600 8512 558
1146 8651 10
1637 8108 10
2601 149 10
2633 8114 10
398 6536 600 6809 600 6746 600 7049 600 7778 600 8709 300 9216 600 5711 600 8392 590 9395 600 5370 600 8177 600 9559 600 5196 600 5205 590 5464 600 5842 569
1991 6936 10
539 7254 600 7321 600 8624 600 8674 300 5334 580 5723 580 7368 600 7669 580 8336 600 7412 590 8075 600 9515 600 9550 600 6344 300 7594 590 8187 590 6542 600 6630 600 5283 600 5593 497
681 9189 10
1097 5233 10
1589 7516 10
659 319 10
1736 66 10
1338 8 10
2746 7964 10
1326 5291 10
1449 62 10
2302 8579 10
2507 244 10
2847 9252 10
1136 5949 10
2709 9692 10
1671 9356 10
700 8384 10
1493 8237 10
606 5564 10
1635 9202 10
467 6689 600 9538 600 6158 300 6324 300 7004 600 7192 600 8161 600 7948 600 9122 600 9592 590 5217 590 5744 600 8902 150 7715 600 8983 290 6238 150 6634 600 8676 600 9440 272 8502 590 8630 600 9144 344 9492 583
2397 39 10
905 5399 10
1002 6340 10
1563 6362 10
939 7028 10
2316 25 10
1188 8723 10
686 7341 10
1626 5649 10
120 9174 600 8571 300 5888 300 7793 590 8172 600 8204 600 8993 590 9249 600 9499 336 5673 590 8086 600 8295 600 9532 580 7857 600 7913 600 8116 600 8491 590 8971 131 9199 600 9685 600 6687 600 9505 590 5655 295 6203 600 8171 600 8538 580 8836 300 6695 600 9394 477
1080 5696 10
2070 5990 10
1351 7670 10
1835 130 10
1207 9734 10
2308 9746 10
2616 6140 10
619 9110 10
183 6908 63
2210 88 10
916 8321 10
1687 8333 10
1084 8641 10
2479 6483 10
2835 245 10
1890 6617 10
612 9782 10
1407 9325 10
2334 9070 10
2620 9797 10
443 8634 600 9228 189 6821 325
636 7875 10
1695 7946 10
2552 8619 10
1000 9475 10
2438 5383 10
2484 9403 10
751 5679 10
662 5681 10
640 6899 10
1020 9405 10
2492 8359 10
798 66 10
689 333 10
1578 9811 10
1086 8561 10
1518 8958 10
1779 6802 10
1008 6818 10
1657 9815 10
1328 83 10
1431 7185 10
929 5998 10
2722 8128 10
1566 8840 10
2788 9447 10
133 8936 600 9316 590 5562 600 8228 600 9388 590 6575 600 6993 600 9050 160 5779 590 8047 600 8516 580 8946 600 6120 600 6486 600 8474 600 8775 600 9435 590 5483 600 5604 590 5328 590 5944 600 6385 300 7130 591
99 9572 580 9733 590 9616 590 7681 590 7843 590 8606 300 8961 600 9605 390
1805 6555 10
1259 8163 10
1817 8569 10
32 152 590 142 590 214 600 172 590 114 600 236 580 159 600 157 600 154 590 210 600 149 590 130 580 148 600 186 600 168 600 195 580 194 580 245 580 139 600 116 600 192 600 293 600 280 600 125 528
981 328 10
2382 320 10
610 5202 10
976 9090 10
1178 8716 10
2892 94 10
403 6125 300 6217 600 8531 600 8211 580 5553 150 5640 600 6722 600 7432 600 5354 600 5388 600 5743 300 6136 300 8368 600 6374 600 6833 600 5280 600 6020 600 8067 600 5330 600 6008 300 6663 600 7375 600 5659 95 7371 600 6364 300 6117 362
1393 9245 10
935 19 10
1092 30 10
1927 5652 10
865 9542 10
1559 8963 10
2729 9780 10
1032 8922 10
1117 81 10
1961 9082 10
2213 9259 10
2658 9121 10
1294 8789 10
138 241 600 251 600 319 580 258 600 275 600 323 600 259 600 7304 600 8294 590 7828 600 8453 600 8465 600 6904 600 7510 590 7856 600 8137 440
1213 9522 10
842 239 10
1253 8934 10
1794 9202 10
1191 9525 10
1015 8618 10
1203 75 10
1408 8953 10
2265 9716 10
2621 9789 10
1918 5785 10
1586 7997 10
464 5194 77
2196 9147 10
881 9252 10
701 5817 10
1722 369 10
886 9194 10
2018 8059 10
755 8520 10
1575 8557 10
2253 11 10
723 201 10
1039 9105 10
2131 8703 10
2158 5201 10
767 8245 10
2028 8648 10
2225 7697 10
1371 9621 10
945 6151 10
2406 8649 10
440 9444 600 8854 590 5736 600 7920 600 8334 590 9156 300 6230 600 6933 600 6946 600 7011 575
1376 9746 10
2771 8098 10
352 8942 150 5438 600 6244 85 5219 600 6340 290 8651 590 8108 590 8114 590 6236 600 6405 600 6741 370
1947 9801 10
1473 6934 10
1877 6990 10
1201 8382 10
2809 9708 10
1513 5552 10
483 7334 600 7663 600 6936 590 6952 600 6848 600 9125 300 9566 600 5795 600 9843 600 6042 600 5696 290 5990 290 9141 600 9407 600 8060 600 8376 600 5192 600 5291 580 5949 580 9692 532
2985 5233 10
1865 6437 10
1641 6483 10
1029 7516 10
631 235 10
2867 22 10
2957 7743 10
856 7964 10
962 8579 10
1027 8857 10
2445 9734 10
1871 9356 10
2001 9379 10
2828 7867 10
325 361 600 376 580 297 600 333 590 308 600 387 600 8384 590 5679 290 7736 600 5998 290 6512 300 7198 600 7433 600 8237 389
891 9086 10
2515 8374 10
2978 8389 10
3000 5564 10
313 8042 600 5963 600 6931 600 7212 600 5402 600 8922 145 5341 600 6032 150 6088 600 8232 600 5310 600 5399 580 7028 580 7331 600 6614 600 6661 600 7559 600 9059 600 6844 600 8111 600 8716 290 8723 590 9173 300 5327 600 6989 600 8497 300 8733 300 8950 300 7494 342
1708 8269 10
918 9367 10
1075 9293 10
2940 9745 10
769 9377 10
2797 9597 10
1211 160 10
1531 22 10
2413 9066 10
489 9140 600 6107 150 5251 600 8735 600 8719 600 8347 600 8625 300 6382 600 7279 600 8560 300 5471 600 5804 600 7027 600 7541 600 8236 600 5596 300 6926 600 9105 106 9110 580 6276 600 8831 300 5277 600 6309 600 6316 600 6706 600 7670 590 7911 600 8934 290 5652 290 6140 148
1935 221 10
1949 9513 10
1583 9325 10
1064 9433 10
2387 262 10
2155 193 10
387 9781 600 9697 369
1682 8321 10
1281 211 10
2644 8333 10
2289 79 10
2686 9688 10
1849 8599 10
817 9776 10
1743 9545 10
776 239 10
2000 328 10
2228 362 10
2862 9625 10
930 9519 10
1360 9811 10
1692 198 10
396 9800 600 9797 590 9798 600 9070 590 9475 580 9570 600 5418 600 5877 600 9405 580 5383 580 7875 590 7946 590 8619 590 8648 192 5218 600 5372 600 6899 590 7121 600 8359 590 8561 590 9447 580 9510 300 9857 497
792 5338 10
2388 6005 10
2786 6802 10
1644 6818 10
1810 224 10
103 7185 590 7325 600 7413 600 8128 580 5316 600 5456 600 7709 600 6328 600 7637 600 7985 600 8557 290 6719 600 9239 600 6258 300 6563 600 8487 549
2146 18 10
1509 5521 10
145 6151 290 7207 600 5784 600 6711 560
476 9789 487 9840 600 6555 580 8633 600 9090 580 9529 592
654 8163 10
237 8494 600 8569 590 9603 600 5281 600 8700 600 9780 590 5202 590 5738 300 5855 150 6566 300 7069 600 8261 600 8963 590 9496 600 9527 600 6526 300 7283 600 6758 600 9082 580 5292 600 5407 600 6450 600 6789 600 8220 600 8874 300 9259 590 9493 600 9522 590 9716 315
729 6087 10
1323 8320 10
2257 7636 10
2761 8068 10
107 9121 590 5566 600 6022 300 6426 300 6668 600 7429 600 8789 590 5401 600 9087 269 5938 300 9147 308
1515 7127 10
1540 385 10
1471 7335 10
1753 8900 10
1223 9883 10
2035 9379 10
2526 9549 10
1237 9525 10
1341 9598 10
2629 5387 10
1217 201 10
2071 5620 10
2301 6628 10
2873 9609 10
2840 5469 10
926 160 10
2251 6298 10
413 6437 290 8618 590 8876 150 5636 600 5785 580 5789 600 9194 590 9201 600 6077 600 7129 600 7997 590 8520 580 5231 600 5817 590 6356 600 7290 600 7707 600 8059 590 8445 600 5339 600 6647 600 8244 600 8304 600 8045 600 8225 600 8245 498
2769 8649 10
758 9621 10
1072 221 10
2002 9389 10
2739 9415 10
1430 7697 10
2431 369 10
41 9801 563 8591 600 7235 600 8215 600 7673 600 8791 600 5355 600 7956 600 8827 600 5979 104 7180 600 8098 590 8742 300 5863 600 6280 61 6659 600 8657 300 9711 600 5475 600 7064 600 7124 600 9641 600 5541 325
2085 5996 10
2504 8248 10
2805 5893 10
1772 7366 10
2546 9106 10
2034 62 10
1400 9175 10
2171 6886 10
668 193 10
2187 211 10
2655 6934 10
2405 6990 10
2878 9861 10
782 235 10
2941 5590 10
2403 153 10
2625 83 10
1067 7879 10
2531 111 10
2383 39 10
718 81 10
1774 330 10
1382 8213 10
1744 8382 10
2149 9620 10
727 88 10
1110 315 10
1041 9708 10
1632 5552 10
1759 6850 10
616 6975 10
1881 120 10
1958 8088 10
2074 8153 10
647 9171 10
1429 267 10
184 7302 600 9519 290 9130 600 9274 300 9545 377 6159 300 8015 600 8725 600 9269 300 9681 600 7979 600 8664 272 9777 600 6261 276 7085 600 7999 600 9611 600 9734 580 9829 574 9885 600 5233 580 6992 600 7210 600 7516 580 7964 580 8579 408
1352 9356 10
509 390 600 324 600 9469 600 5413 600 8256 600 9579 600 312 600 5530 600 6940 600 7743 590 8135 600 8857 590 9404 600 325 600 7867 590 9086 339
716 9745 10
2307 45 10
2101 5564 10
308 9970 589 7480 600 5569 600 6005 290 6690 600 8374 590 8389 590 5856 300 7790 600 7955 300 9204 180
2688 9434 10
1538 5521 10
2662 262 10
861 328 10
260 227 600 198 590 213 600 224 590 239 580 201 580 221 580 211 580 235 580 238 600 267 590 8046 600 5274 600 9067 600 9218 600 9367 590 9597 590 5800 600 6815 600 7674 600 332 600 7328 600 7521 600 9513 580
2115 185 10
2309 9811 10
1160 5689 10
1033 79 10
395 9849 441
165 9776 590 9334 300 9377 590 8186 600 9293 590 6110 300 6469 300 7103 600 8269 590 9600 600 9688 590 6360 300 6365 300 8006 600 8756 300 9161 600 9312 189 385 580 6445 300 8875 300 6991 600 7219 600 9625 590 5691 600 6087 290 6444 300 7580 600 5430 407
2024 64 10
2267 160 10
2656 111 10
584 9400 600 9673 600 5826 300 6794 462
425 69 600 75 590 83 580 94 590 79 580 87 600 106 600 144 600 124 600 193 580 153 590 120 564
912 108 10
1122 45 10
1902 110 10
2880 111 10
2829 24 10
