30
7 97 2
25 98 2
26 96 2
1 75 2
6 93 6
16 92 3
5 94 3
13 91 4
20 90 9
30 63 9
9 59 7
14 97 2
17 71 10 87 10 72 5
24 65 3
4 66 10 67 9
27 62 10 68 10 65 7 69 5
10 85 10 88 9
3 64 10 61 10 60 8
12 57 10 56 10 54 5
15 92 7 65 4 70 10 83 10 89 10 63 1 59 3 66 4
11 52 10 55 10 59 2 58 10 62 5 53 10 68 5 27 10 29 10 51 10 22 7
23 82 10 77 6
28 73 10 62 3 49 10 47 9
22 78 10 75 8 74 10 76 10 71 5 69 5 68 3 66 1 28 10 48 10 67 1 57 5 64 5 56 5 50 5
29 79 10 81 10 80 10 30 10 61 5 72 5 24 10 32 10 34 6
2 86 6
21 84 10 19 10 18 10 91 6 21 10 87 5 85 5 20 10 16 10 54 5 25 10 71 3 69 3 35 10 31 10 70 5 44 10 83 5 75 3
19 11 10 14 10 91 3 15 10 12 10 46 10 38 10 42 7
18 98 8 97 6 99 10 96 8 95 10 93 4 94 7 92 4 89 5 26 10 33 10 57 3 64 3 56 3 87 3 61 3 72 3 17 7
8 3 10 4 10 93 2 7 10 94 4 6 5
