10
1
200
9 4625 50 4641 82
29 4665 50 4697 85
11 4516 50 4553 50 4536 86
19 4152 50 4017 50 4183 62
17 4577 50 4574 50 4600 68
15 4557 50 4454 50 4479 50 4519 50 4525 50 4508 50 4618 50 4503 50 4572 50 4483 62
6 4338 50 4305 50 4335 50 4326 50 4293 50 4294 82
8 4228 50 4270 50 4240 50 4226 66
1 2973 50 2954 50 3003 50 2943 50 2876 50 2955 50 2881 50 2874 50 2970 50 2956 72
31 365 50 395 50 339 50 459 50 397 50 544 50 340 50 327 50 378 50 359 50 344 60
21 4527 19
10 4609 50 4537 50 4576 50 4635 50 4465 50 4639 50 4512 50 4711 77
23 4570 50 4374 50 4593 50 4679 50 4395 50 4473 50 4518 50 4769 50 4528 50 4426 50 4397 50 4602 85
3 4419 50 4430 50 4453 50 4377 81
16 1171 50 1107 50 1297 50 1364 50 1186 50 1282 50 1245 50 1221 50 1041 50 1193 50 1342 50 995 50 1163 50 1075 50 1326 50 1271 50 1115 50 1330 93
138 1287 10
186 1025 10
27 1294 50 292 50 1462 50 1154 50 1201 50 287 50 1215 50 1420 50 1003 50 1231 50 1044 50 1094 50 1187 50 1273 50 1004 50 1147 50 1247 50 1327 50 1179 50 1170 50 1412 50 1234 50 1423 50 1389 50
12 4595 50 4599 50 4620 50 4477 50 4614 50 4700 50 4751 50 4666 50 4634 50 4552 50 4659 50 4550 50 4587 50 4605 50 4678 50 4597 50 4626 50 4417 50 4580 64
187 2576 10
2 4527 40 4451 50 4440 50 4562 99
75 1172 10
132 220 10
14 4539 50 4584 50 4346 50 4482 50 4564 92
92 168 10
53 1057 10
57 15 10
104 1190 10
155 1068 10
103 1280 10
81 144 10
32 4449 50 4499 50 4423 50 4585 50 4439 50 4475 50 4401 50 4433 50 4371 50 4516 25 4608 50 4460 50 4298 50 4533 50 4325 50 4625 25 4418 50 4478 50 4352 50 3648 50 4339 50 4421 50 4535 50 4487 50 3636 50 4553 25 4598 50 4610 50
101 2540 10
167 1406 10
122 111 10
67 196 10
168 65 10
47 1151 10
190 315 10
107 2699 10
30 3103 50 3104 50 2983 50 3078 50 3030 50 2962 50 2964 50 2883 50 2910 50 2891 50 3070 50 3164 50 2993 50 3020 50 2966 50 2858 50 3170 50 2787 50 2947 50 2982 50 2859 50 3140 50 2873 58
183 1357 10
72 2852 10
37 3231 50 3261 50 3258 50 3281 50 3237 50 3223 50 4468 50 3250 50 4393 50 4389 50 4368 50 3265 50 4668 50 4624 50 4741 50 4784 50 4680 50 3518 50 3290 50 4422 50 4691 59
74 2512 10
98 2830 10
154 179 10
123 1348 10
181 1195 10
125 2808 10
59 2511 10
7 2960 50 3085 50 2997 50 3120 50 2936 50 2924 50 2853 50 3124 50 2973 25 3071 50 2975 50 2935 50 2932 50 3016 50 3177 50 3111 50 2867 50 2930 50 3106 50 3076 86
145 2813 10
199 45 10
49 2871 10
90 2878 10
20 3127 50 3075 50 3142 50 2985 50 2974 50 3148 50 3014 50 3009 50 2959 50 2852 45 2882 50 2854 50 2911 50 3046 50 2830 45 3132 50 2941 50 2721 50 2980 50 2954 25 2940 50 2905 50 3008 50 3182 50 3042 50 3135 50 3003 25 3044 50 3017 50 3024 50 3039 50 3154 50 3213 50 2991 50 2894 50 3153 50 3056 50 2753 50 2886 50 3163 55
44 2999 10
94 2808 10
56 2813 10
191 58 10
112 17 10
51 1426 10
96 3118 10
136 3059 10
173 251 10
197 2913 10
18 2797 50 2871 45 2878 45 3133 50 2892 50 2902 50 3082 50 2943 25 3080 50 2895 50 3084 50 2890 50 2737 50 2876 25 2955 25 2953 50 3169 50 2872 50 2862 50 2973 12 3058 50 2881 25 2914 50 3027 50 2977 59
182 2555 10
172 2874 10
91 265 10
184 76 10
137 5 10
121 3193 10
106 3196 10
159 214 10
28 2719 50 3203 50 3156 50 3167 50 3116 61
195 132 10
105 2795 10
70 2740 10
169 2978 10
157 86 10
34 3214 50 3197 50 2814 50 3220 50 2828 50 2992 50 2995 50 2823 50 3198 50 4367 50 4551 50 3491 50 4309 50 4410 50 3117 50 3091 50 3191 50 3089 50 3225 50 2971 50 3178 50 4567 50 3334 50 2970 25 4543 50 3208 50 2868 50 2934 50 3094 50 2754 50 2802 50 2885 50 2915 50 4441 50 3239 50 4586 50 3077 50 4557 25 2909 34
78 2800 10
200 20 10
176 2833 10
144 2861 10
80 3397 10
117 2939 10
87 3066 10
22 4794 50 4717 50 4705 50 4725 50 4651 50 4629 50 4776 50 4777 50 4752 50 4677 50 4767 50 4461 50 4459 50 4467 50 4592 50 2887 50 3283 50 4307 50 2749 50 4488 50 4304 50 4548 73
82 2741 10
43 3043 10
85 3048 10
143 2848 10
162 2671 10
146 3103 10
42 2903 10
95 2764 10
140 3432 10
148 2921 10
142 3104 10
38 3204 50 2869 50 3123 50 2808 40 2813 40 2983 25 2942 50 3160 50 3341 50 2999 45 3078 25 3251 50 2973 6 2816 50 2954 12 2933 50 3529 50 3098 50 3118 45 3598 50 3059 45 3136 50 3030 25 3347 50 2913 45 2948 50 3074 50 2874 20 3146 50 2825 50 2774 50 2962 25 2767 50 2824 50 3131 50 3222 50 3125 50 2952 50 3256 50 2880 50 3139 50 2964 25 2883 25 3021 50 2910 25 2917 50 3003 12 3031 50 3032 50 3262 50 3294 50 3179 50 3576 50 3023 50 3105 50 3279 50 3338 50 3200 50 3018 50 2699 45 2891 25 2994 50 3691 50 2857 50 2855 61
147 2973 3 3248 7
108 4091 10
171 3158 10
124 2729 10
127 3926 10
135 3193 10
41 3196 10
33 4388 50 4481 50 4340 50 4268 50 4474 50 4396 50 4429 50 4540 50 4568 50 4267 50 4531 50 4292 50 4454 25 4372 50 4431 50 4522 50 4513 50 4273 50 4042 50 4381 50 4479 25 4519 25 4534 50 4330 50 4507 50 4313 50 4577 25 4296 50 4243 50 4458 50 4282 50 4144 50 4320 50 4445 50 4223 50 4547 50 4241 50 4432 50 4480 50 4302 50 4364 50 4444 50 4259 50 4051 50 4435 50 4463 50 4312 50 2780 50 3588 50 4390 50 2841 50 3070 25 3181 26
97 3112 10
99 2879 10
62 2762 10
39 2790 50 2978 45 2958 50 3164 25 2732 50 2781 50 3310 50 2938 50 3063 50 3121 50 3101 50 3109 50 3103 20 2765 50 2926 50 3343 50 2998 50 3194 50 2735 50 2795 45 3145 50 2740 45 3037 50 3050 50 3104 20 2847 50 2993 25 3020 25 2966 25 3276 50 2843 50 2864 50 3159 50 3342 66
158 3604 10
65 3954 10
164 2791 10
35 4632 50 4594 50 4583 50 4714 50 4703 50 4788 50 4686 50 4642 50 4660 50 4612 67
26 2900 50 2954 6 2943 12 3001 50 2807 50 2800 45 2972 50 2833 45 2861 45 3066 45 2715 50 2939 45 2820 50 3043 45 2849 50 2986 50 3048 45 42 50 2848 45 2876 12 2920 50 2955 12 2903 45 2764 45 2988 50 2858 25 2946 50 3069 50 3130 50 2921 45 2931 50 3057 50 3003 6 2881 12 2787 25 2839 50 3061 50 2725 50 3022 50 2906 50 2798 50 3129 50 2723 50 2840 50 2741 45 2827 50 3060 50 2672 50 3099 50 2801 50 45 45 2956 14 3115 50 3126 50 2947 25 2766 50 2671 45 2982 25 3034 50 3006 89
100 3162 10
76 3430 10
128 4122 10
58 4120 10
88 3318 10
165 3183 10
151 3226 10
55 3626 10
84 4354 10
45 4227 10
4 4476 50 4450 50 4175 50 4150 50 4456 50 4574 25 4200 50 4222 50 4452 50 4525 25 4563 50 4355 50 4350 50 4323 50 4255 50 4589 50 4398 50 4378 50 4469 50 4315 50 4347 50 4542 50 4408 50 4334 50 4198 50 4161 50 4573 50 4508 25 4070 50 4579 50 4194 50 4284 50 4529 50 4063 50 4358 50 4406 50 4618 25 4310 50 3549 50 4308 50 4365 50 4516 12 4009 50 4436 50 3234 50 4314 50 3215 79
163 3245 10
133 4380 10
89 3397 10
149 3403 10
73 3891 10
68 4342 10
13 4665 25 4734 50 4800 50 4761 50 4775 50 4828 50 4812 50 4746 50 4772 50 4797 50 4778 50 4511 50 3511 50 3505 50 3273 50 4351 50 3621 50 3672 50 4399 50 4699 50 3848 50 3548 50 4212 50 4332 50 4833 50 3277 50 3867 50 4087 50 4613 50 4184 50 3143 50 3309 50 4333 50 4254 50 4506 50 3747 50 3696 50 4625 12 3352 50 3190 50 3187 50 4360 50 3690 50 4503 25 3432 45 4457 50 4218 50 4225 50 4336 50 4443 50 3289 50 3151 50 3184 50 3240 50 3346 50 3165 50 4631 50 3380 50 4091 45 3409 50 4553 12 4338 25 4650 50 4606 50 3170 25 4172 50 4258 50 4187 80
131 3244 10
109 3235 10
189 4188 10
198 30 10
54 4555 10
61 4219 10
36 4803 50 4427 50 4387 50 4163 50 3926 45 4663 50 4622 50 4321 50 4492 50 4182 50 4327 50 3285 50 4363 50 3157 50 4204 50 4689 50 4486 50 4136 50 4572 25 2954 3 4049 50 4207 50 4189 50 4167 50 4545 50 4873 50 3248 58
116 3249 10
180 3274 10
77 3374 10
102 3238 10
188 3311 10
5 3271 50 3423 50 3406 50 3331 50 3348 50 3402 50 3571 50 3172 50 3267 50 3328 50 3387 50 3218 50 3367 50 3192 50 3394 50 2987 50 3205 50 3171 50 3003 3 3284 50 3217 50 3401 50 2850 50 3119 50 3209 50 2970 12 3193 40 3196 40 3107 50 2772 50 2874 10 3243 50 3210 50 3028 50 3054 50 2859 25 3140 25 3088 50 3808 50 3474 51
46 4329 10
66 4394 10
130 4138 10
129 3158 10
118 4238 10
134 4560 10
160 4530 10
25 4164 50 4019 50 4134 50 3928 50 3860 50 3911 50 4128 50 4083 50 3982 50 3971 50 4148 50 4031 50 4104 50 3557 50 2729 45 3002 50 3029 50 4034 50 2957 50 3019 50 3292 50 3112 45 2879 45 2762 45 2722 50 4018 50 4132 50 3390 50 4081 50 3855 50 2943 6 4129 90
86 4805 10
177 3113 10
178 4386 10
113 4438 10
141 4420 10
179 4802 10
192 4264 10
196 3268 10
120 4544 10
194 4609 10
24 4684 50 4379 50 4701 50 4571 50 4318 50 4500 50 4362 50 4383 50 4295 50 4489 50 4369 50 4361 50 4442 50 4464 50 4311 50 4322 50 4357 50 4537 25 4343 50 4300 50 4683 50 4286 50 4283 50 4305 25 4413 50 4349 50 4281 50 4491 50 4538 50 4277 50 4324 50 4209 50 4505 50 4576 25 4557 12 4635 25 4485 50 4271 50 4278 50 4205 50 4206 50 4354 45 4465 25 4242 50 4227 45 4673 50 4516 6 4251 50 4466 50 4501 50 3506 50 4247 50 4704 50 4617 50 4093 50 2965 50 4166 50 4149 50 4403 50 3134 50 3572 50 4272 50 4168 50 3733 50 3681 50 3067 50 3659 50 4249 50 3231 25 2945 50 4123 50 4402 50 2960 25 3180 50 4122 45 4234 50 4667 50 3750 50 2680 50 2865 50 3908 50 4142 88
111 4819 10
110 3322 10
83 4260 10
175 2876 10
60 4865 10
170 2955 10
193 85 10
119 4639 10
50 3266 10
40 3604 45 3085 25 2983 12 2829 50 2835 50 4120 45 4213 50 3166 50 2927 50 3479 50 3078 12 3355 50 3662 50 3985 50 3206 50 3954 45 4048 50 4337 50 3327 50 2881 6 2997 25 3120 25 4299 50 3011 50 3939 50 2791 45 3030 12 3533 50 3340 50 3396 50 3468 50 3563 50 3890 50 3253 50 3397 40 2695 50 2936 25 3282 50 3233 50 3362 50 3412 50 4005 50 3162 45 2924 25 3645 50 3430 45 2785 50 3068 50 3260 50 3318 45 2739 50 3472 50 3183 45 3626 45 2951 50 3398 50 3211 50 3226 45 3392 50 3523 50 2811 50 2962 12 2863 50 3465 50 3620 50 3052 50 3100 50 3891 45 2853 25 3124 25 4276 74
153 4409 10
115 4448 10
93 4625 10
63 4512 10
69 4380 10
79 4553 10
48 4541 10
161 4549 10
185 31 10
71 4747 10
166 4773 10
150 23 10
114 4871 10
174 4661 10
64 4698 10
152 4692 10
126 4730 10
52 4554 10
156 21 10
139 4740 10
2
200
6 4895 57
32 4687 59
36 4342 50 4143 50 4089 50 4115 50 4000 50 4137 77
1 3881 50 4280 50 4404 50 4285 50 4044 50 4074 50 4319 50 3892 50 4317 50 4066 82
15 4603 50 4454 50 4582 50 4516 50 4570 50 4462 50 4527 50 4609 50 4472 89
29 4672 50 4731 50 4479 50 4600 84
27 4519 50 4100 50 4578 64
38 3941 50 3927 50 4577 94
17 2973 50 2954 50 3003 50 2984 50 2759 50 2943 50 2771 50 2964 50 2883 50 2904 50 2910 50 2908 73
4 3812 50 3776 50 4374 50 4335 50 4647 50 3934 50 4811 95
126 1168 10
102 265 10
5 3199 50 3411 50 3103 50 3245 50 3344 50 3254 50 3403 50 3055 50 3102 50 3623 50 3740 50 3137 50 3580 50 3104 50 3714 50 3288 61
189 1005 10
55 1136 10
160 1099 10
44 1434 10
158 1200 10
161 1226 10
59 2580 10
117 2641 10
186 1023 10
66 1259 10
182 1383 10
141 1130 10
60 189 10
113 15 10
52 1089 10
174 2724 10
95 1243 10
140 2792 10
195 1517 10
176 237 10
92 990 10
20 3665 50 3461 50 3373 50 4536 93
185 1016 10
123 251 10
154 1049 10
83 2692 10
118 2773 10
99 2554 10
137 2852 10
68 475 10
45 2531 10
128 312 10
150 2874 10
37 3230 50 3097 50 3095 50 3004 50 3128 50 2979 50 3366 50 3444 50 2873 50 3427 50 3093 50 2891 50 3353 50 3227 50 2830 50 3041 50 3071 50 3354 50 2923 50 3272 50 3316 50 2881 50 2768 50 3464 50 2970 50 3244 73
82 2693 10
198 2928 10
162 2711 10
170 2935 10
63 1165 10
13 3884 50 3973 50 4262 50 3920 50 4181 50 3966 50 4119 50 4197 50 4236 50 4188 50 4219 50 4080 50 3956 50 3489 50 4109 50 4297 50 4110 50 2956 50 2975 50 4199 50 3070 50 3176 50 3436 50 4263 50 3038 50 3235 50 3365 50 4274 50 3349 50 3424 50 3832 50 2932 50 3433 98
197 2625 10
67 473 10
2 3189 50 3306 50 3202 50 3164 50 3304 50 3141 50 3249 50 3274 50 3016 50 3177 50 2876 50 2955 50 3238 50 2838 50 3188 50 3311 50 2698 50 3293 50 3301 50 2916 50 2803 50 3111 50 3152 50 3286 50 2706 50 2867 50 3252 50 2901 91
78 2634 10
79 550 10
124 2470 10
131 2832 10
180 2690 10
76 3079 10
39 4517 50 4636 50 4370 50 4483 50 4504 50 4555 50 4665 50 4795 50 4593 50 4706 50 4416 50 4641 50 3492 50 4694 50 3450 50 3904 50 4425 50 4728 50 3514 50 4105 50 4656 50 4557 50 3377 50 3664 50 3350 50 4348 50 4359 50 3320 50 3874 50 4329 74
11 3356 50 3501 50 3451 50 3326 50 3374 50 3376 50 3713 50 3670 50 3323 50 3753 50 3400 50 3418 50 3559 50 3743 50 3488 50 3452 50 3574 50 3300 50 3469 50 3391 50 2930 50 3333 50 2937 50 2746 50 3404 50 3329 50 3259 50 2993 50 3026 50 3149 50 3496 74
101 2569 10
49 3324 10
12 4721 50 4394 50 4574 50 4679 50 3997 50 4382 50 4373 50 4138 50 4625 50 4238 84
65 2617 10
86 2543 10
171 220 10
96 2845 10
57 3106 10
127 196 10
167 176 10
72 51 10
24 4560 50 4530 50 4174 50 4210 50 4438 50 4121 50 4525 50 4420 50 4386 50 4264 50 4544 50 4269 50 4057 50 4553 50 4575 50 3802 50 4114 50 4160 50 4395 50 4141 50 4061 50 4177 91
157 2983 10
90 65 10
54 256 10
75 3315 10
135 3020 10
21 4135 50 4202 50 4139 50 4239 50 3460 50 4512 50 2966 50 4288 50 4508 50 3369 50 3417 50 3613 50 3815 50 3158 50 3319 50 3687 50 3893 50 3446 50 2812 50 3414 50 3428 50 3127 50 3840 50 3078 50 3921 50 3674 50 4067 50 4157 50 4079 50 2817 50 2969 50 3053 50 3075 50 3242 50 4257 50 3447 50 3943 50 3142 50 2834 50 3345 50 4391 50 3727 67
139 3305 10
110 2666 10
10 4805 50 4648 82
155 2689 10
175 2775 10
58 3030 10
61 3173 10
46 2985 10
3 4802 50 4630 50 4832 50 4743 50 4707 50 4779 50 4819 50 4753 50 4786 50 4745 50 4591 50 4639 50 4854 50 4790 50 4546 50 4618 50 4596 50 4799 50 4147 50 4178 50
94 2626 10
181 2761 10
109 3368 10
151 2899 10
85 3587 10
132 3155 10
178 2974 10
41 2783 10
138 144 10
107 3014 10
114 168 10
136 3317 10
125 2793 10
77 154 10
163 3148 10
56 58 10
42 3072 10
146 3302 10
23 4708 50 4473 50 4818 50 4842 50 3847 50 3382 50 4029 50 2874 45 3247 50 3609 50 4816 50 3009 50 3637 50 3358 50 3185 50 4863 50 2959 50 2962 50 3083 50 3607 50 4434 50 4215 50 4766 50 3960 50 3269 50 2918 50 3618 50 3295 50 3312 50 4865 50 2770 50 2893 50 3015 50 3357 50 3113 50 3268 50 3657 50 4211 50 3528 50 3994 99
70 2760 10
177 3938 10
187 2751 10
145 2981 10
134 2852 10
191 2858 10
153 3025 10
194 3337 10
9 4643 50 4581 50 4518 50 4588 50 4356 50 4424 50 4503 50 4331 50 4117 50 3388 50 3484 50 4244 50 3475 50 4078 50 3584 50 3375 50 2898 50 3275 50 2769 50 3299 50 4047 50 4621 50 3736 50 4528 50 4341 50 2882 50 4426 50 4685 50 2854 50 3990 50 4217 50 2884 50 4338 50 3170 50 3568 50 4662 50 2716 50 2911 50 3322 50 4208 50 4260 50 4737 50 3195 50 3266 50 3668 50 4409 50 4747 62
183 2787 10
179 3537 10
196 2912 10
169 3555 10
159 3466 10
105 4173 10
80 3483 10
48 3216 10
193 3046 10
47 4007 10
16 2 50 0 77
88 3819 10
115 3132 10
26 4771 50 4769 50 4245 50 4720 50 4590 50 4773 50 4291 50 4448 50 4146 50 4623 50 4231 50 4180 50 4235 50 3935 50 4375 50 4397 50 3869 50 4186 50 2941 50 3385 50 4099 50 4155 50 3092 50 4595 50 4661 50 2721 50 4250 50 4697 50 2747 50 3280 50 4056 50 4384 50 4158 50 4599 50 3767 61
71 2815 10
148 4230 10
133 3147 10
28 3507 50 2856 50 3495 50 2980 50 3161 50 3493 50 3600 50 3553 50 4131 50 3612 50 4012 50 2940 50 4101 50 2871 50 4084 50 2878 50 4153 50 2727 50 2905 50 3298 50 2950 50 3456 50 3232 50 3219 50 2935 45 3138 50 3389 50 3482 50 3640 50 3992 50 3593 50 3780 50 3859 50 2989 50 3755 50 3012 50 3236 50 3008 50 3689 50 3064 50 3308 50 2870 50 3372 50 3291 50 3330 50 3182 50 3201 50 3863 50 3381 50 3546 50 4113 50 2784 95
62 3042 10
108 141 10
168 2888 10
30 3700 50 3086 50 3321 50 3540 50 4106 50 3303 50 3325 50 3261 50 3278 50 3314 50 3516 50 2806 50 3443 50 4108 50 4006 50 3601 50 2846 50 3339 50 3470 50 3463 50 3531 50 2896 50 3857 50 3122 50 3081 50 2983 45 3384 50 3524 50 2947 50 3221 50 3697 50 3974 50 3144 67
34 4830 50 4792 50 4810 50 4871 50 4813 50 4825 50 4785 50 4229 50 4541 50 4572 50 4380 50 4757 50 4620 50 4835 50 4549 50 4698 50 4781 50 4344 50 4477 50 4301 50 4692 50 4614 50 4730 51
119 3181 10
130 4303 10
81 2909 10
164 108 10
22 4062 50 3586 50 3924 50 4082 50 3351 50 4022 50 2604 50 2982 50 3013 50 3020 45 3582 50 2738 50 3825 50 4064 50 3799 50 4014 50 3135 50 3543 50 3544 50 4041 52
84 3660 10
106 3044 10
53 3899 10
120 2973 10
100 143 10
7 4419 50 4195 50 4196 50 4176 50 4035 50 2708 50 3255 50 4185 50 3174 50 2925 50 3040 50 3918 50 4046 50 2696 50 3565 50 3737 50 3872 50 2602 50 2686 50 2724 45 3090 50 3894 50 4430 50 2792 45 3931 50 4020 50 2601 50 4032 50 4305 50 3030 45 3554 50 3467 50 4328 50 4326 50 2743 75
93 3017 10
8 4896 50 4834 50 4554 50 4515 50 4740 50 4700 50 4750 50 4446 50 4497 50 4615 50 4751 50 4722 50 4633 50 4666 50 4634 50 4718 50 4552 50 4628 50 4733 50 4659 72
188 76 10
122 3024 10
40 3106 45 2859 50 3140 50 2692 45 3207 50 2866 50 3386 50 3421 50 2808 50 2773 45 3108 50 3399 50 2813 50 3263 50 3039 50 3634 50 3246 50 3065 50 3455 50 3425 50 3154 50 3213 50 3442 50 2949 50 2928 45 2703 50 3296 50 3007 50 3212 50 2693 45 2985 45 3313 50 3684 50 3359 50 2974 45 3229 50 2711 45 3148 45 2641 45 3258 50 3014 45 3688 50 2929 50 3738 50 2858 45 2697 95
116 4447 10
14 4874 50 4455 50 4550 50 4537 50 4763 50 4808 50 4587 50 4605 50 4693 50 4678 50 4646 50 4726 50 4845 50 4453 50 4024 50 4597 50 4316 50 4626 50 4232 50 4233 50 3845 50 4345 50 4417 50 4495 50 4682 50 4576 50 4858 50 4156 50 4405 50 4493 50 4635 50 4085 50 4820 50 4934 50 4008 50 4256 50 4502 50 4221 50 4765 50 4880 50 4451 50 4293 50 4465 50 4846 50 4844 50 4440 50 4524 50 4498 50 4220 50 3861 50 4102 50 4287 50 4159 50 4652 50 4921 50 4098 50 4306 50 4043 50 4822 50 4275 50 4290 50 4539 50 4559 50 4001 50 2991 50 4228 59
104 2894 10
121 3846 10
74 4126 10
103 50 10
98 3383 10
73 3504 10
152 2709 10
43 4584 10
31 2796 50 2642 50 3792 50 3035 50 2685 50 2619 50 3062 50 3989 50 2852 40 4203 50 4526 50 3153 50 2625 45 3056 50 3231 50 3950 50 4130 50 4165 50 2968 50 3420 50 3335 50 2753 50 2960 50 3951 50 4072 50 4414 50 3986 50 3999 50 4090 50 4346 50 2787 45 4482 50 2618 50 3228 50 4385 50 2886 50 4116 50 3085 50 3434 50 3745 50 3264 50 3976 50 3087 71
147 4611 10
97 206 10
156 4804 10
149 3471 10
51 4036 10
69 56 10
144 4764 10
129 4607 10
143 2752 10
91 4145 10
35 4791 50 4653 50 4449 50 4713 50 4676 50 3079 45 4499 50 3862 50 4762 50 2789 50 3946 50 4814 50 3486 50 3426 50 4289 50 2756 67
166 2832 10
25 4125 50 4237 50 4140 50 4423 50 3962 50 2634 45 2656 50 4055 50 3307 50 2650 50 3499 50 3324 45 2694 50 2731 50 2997 50 3120 50 3315 45 2842 50 3363 50 3046 45 3917 50 2690 45 2805 50 2845 45 3806 50 3132 45 2799 77
87 4566 10
165 2936 10
18 2973 20 3779 50 3378 50 2967 50 4439 50 3763 50 2797 50 2924 50 3805 50 3462 50 3829 50 3413 50 3644 50 4401 50 3010 50 3849 50 4179 50 2844 50 3677 50 4224 50 2976 50 4353 50 3133 50 4433 50 4026 50 4371 50 3525 50 4073 50 4151 50 2776 50 2892 50 2745 50 3361 50 4253 50 2644 50 2707 50 2877 50 2902 50 3305 45 3532 50 3587 45 2775 45 3173 45 3082 50 3368 45 2761 45 2853 50 3124 50 2899 45 3155 45 3683 50 2837 50 2730 50 3224 50 3287 50 2990 50 2608 50 3364 50 4054 50 4096 50 3080 50 3317 45 4460 94
192 4585 10
111 4071 10
199 4688 10
173 4922 10
184 4475 10
200 4709 10
64 205 10
33 4556 50 4252 50 4298 50 4261 50 3302 45 3072 45 3410 50 3445 50 2748 86
190 4608 10
50 114 10
19 69 50 83 50 82 50 74 50 68 50 86 50 66 50 111 50 70 50 73 50 85 50 65 45 72 50 89 50 115 50 107 50 91 50 95 50 132 50 138 50 76 45 105 50 78 50 144 45 125 50 63 50 128 50 64 50 117 50 106 50 137 50 77 50 75 50 124 50 84 50 108 45 79 50 114 45 122 50 116 50 118 50 119 50 168 45 179 50 140 50 231 50 71 50 226 50 191 50 182 50 2793 45 3508 50 3661 50 3535 50 3577 50 3615 50 3744 50 3988 50 2688 50 3042 45 2895 50 3096 50 3810 50 154 45 4412 50 3036 50 3987 50 4021 50 2666 45 3478 50 3888 80
142 4838 10
112 4619 10
172 17 10
89 4759 10
3
200
31 4366 2
11 4645 50 4521 50 4670 85
17 4533 93
14 4190 50 4484 50 4171 50 4325 50 4627 50 4418 50 4400 62
1 3084 50 3732 50 3578 50 3049 50 3768 50 3671 50 3542 50 3570 50 3552 50 3337 71
19 3959 50 4068 50 3938 50 4059 50 4112 59
23 4862 50 4924 50 4901 50 4878 50 4919 50 4899 50 4855 50 4824 50 4817 50 4897 50 4756 50 4787 74
30 4888 50 4711 59
100 1287 10
24 2963 50 2778 50 2783 50 2890 50 2713 50 2760 50 2674 50 2794 50 2822 50 2687 50 2751 50 2981 56
2 3395 50 3520 50 3907 50 3476 50 3575 50 3281 50 4076 50 4478 50 4490 50 3680 50 3793 50 4411 50 4015 50 4352 50 4016 50 3169 50 3914 50 3163 50 3408 50 4471 50 3370 99
157 2535 10
33 2836 50 2763 50 3025 50 2953 73
111 180 10
87 2579 10
147 134 10
15 2581 50 2737 50 2872 50 2757 50 3648 50 3371 50 3599 50 2689 50 3044 50 3608 50 4004 50 2862 50 2627 50 3058 50 3439 50 3636 50 3596 50 3804 50 3537 50 2632 50 3110 50 3594 62
77 2587 10
44 1331 10
182 476 10
88 96 10
62 2592 10
104 40 10
7 4695 50 4841 50 4783 50 4770 50 4735 50 4339 50 4421 50 4535 50 4487 50 4265 50 4133 50 4216 50 4392 50 3555 50 3168 50 4173 50 4598 50 3466 50 3483 50 4118 50 3332 50 3216 57
128 1025 10
153 2909 10
180 2734 10
117 2954 10
81 2617 10
64 2631 10
79 271 10
92 367 10
42 214 10
125 2652 10
55 2912 10
131 1386 10
124 2815 10
34 1268 50 951 50 1436 50 1358 50 1123 50 1288 50 630 50 910 50 1184 50 1474 50 1254 50 1153 50 1433 50 1206 50 948 50 1278 50 568 50 1336 50 1135 50 1126 81
151 2999 10
160 177 10
190 2719 10
119 98 10
93 51 10
142 2922 10
107 3047 10
94 2429 10
5 3237 50 4007 50 3407 50 3631 50 4806 92
143 2914 10
126 2638 10
174 2584 10
138 404 10
101 3017 10
129 183 10
71 2913 10
8 3223 50 3757 50 3819 50 3419 50 3024 50 3765 50 3836 50 3422 50 4610 50 4094 50 3181 50 3948 50 3730 50 4468 65
195 2718 10
89 3027 10
38 3853 2
185 2819 10
84 2665 10
177 2996 10
3 3415 50 4002 50 3118 50 3059 50 3512 50 3649 86
91 2636 10
75 3147 10
171 2821 10
10 4957 50 4951 50 4916 50 4864 50 4914 50 4907 50 4893 50 4910 50 4933 50 4875 50 4827 50 4789 50 4798 50 4809 50 4758 50 3500 50 4230 50 3186 50 3558 50 4601 50 3560 50 3972 50 4037 50 4201 50 4437 50 4569 50 3257 50 3639 50 3834 50 3589 50 3203 50 3156 50 4509 50 3114 86
152 3250 10
21 3591 50 4052 50 3167 50 3772 50 4069 50 4393 50 3818 50 3175 50 4154 50 3895 50 3487 50 3270 50 4366 49 4389 50 4368 50 3617 50 4303 50 3265 50 3515 50 4092 50 3214 50 4624 50 3658 50 3686 50 3731 50 3630 50 3197 50 3711 50 4494 50 4111 50 3996 50 3150 50 3518 50 4095 63
99 2578 10
47 3290 10
120 189 10
80 2888 10
169 2626 10
37 3710 50 2736 50 2814 50 3220 50 3827 50 3336 50 2944 50 3814 50 3448 50 3480 50 2828 50 2894 50 2992 50 2995 50 3656 50 3898 50 2742 50 3784 50 3902 50 2823 50 3198 50 3909 50 3981 50 2860 50 3003 50 2677 50 3033 50 3491 50 3539 50 3912 50 3718 50 3809 50 3567 50 3788 50 3853 49 3534 50 2889 50 2678 50 3117 50 3379 50 3091 50 3762 89
12 4658 50 4644 50 4637 50 4638 50 4422 50 4270 50 4428 50 4584 50 4075 50 4169 50 4367 50 4551 64
60 2603 10
25 4668 50 4680 50 4674 50 4705 50 4279 50 4170 50 4214 50 4077 50 4309 50 4410 50 4053 50 4103 50 4447 50 4651 50 4246 50 4629 50 2750 50 4011 50 3660 50 3435 50 3899 50 2658 58
86 2936 10
167 2651 10
20 3191 50 3490 50 3759 50 3416 50 3089 50 3225 50 2971 50 3178 50 2818 50 3494 50 3334 50 2699 50 2809 50 2622 50 3208 50 3360 50 3440 50 2868 50 2934 50 3094 50 3477 50 2640 50 2700 92
110 2754 10
22 4193 10
200 2802 10
58 2897 10
189 3045 10
41 2885 10
188 2915 10
181 2954 10
96 3000 10
9 4152 50 3968 50 4266 50 4240 50 3922 50 3913 50 3979 50 4192 50 4086 50 4023 50 4191 50 3838 50 3633 50 4027 50 3643 89
139 3239 10
156 2607 10
27 3603 50 3077 50 3653 50 3521 50 2978 50 3794 50 2654 50 3967 50 4040 50 3481 50 2655 50 2887 50 2637 50 3283 65
28 4741 50 4717 50 4725 50 4580 50 4558 50 4567 50 4732 50 4657 50 4543 50 4565 50 4585 50 4677 60
137 2566 10
66 3405 10
154 2744 10
115 2749 10
199 58 10
112 2633 10
144 2726 10
67 2831 10
197 3297 10
72 20 10
26 4849 50 4784 50 4794 50 4829 64
82 3785 10
132 2973 10
105 280 10
4 4475 50 4441 50 4586 50 4461 50 4459 50 4467 50 4592 50 4496 50 4608 50 4127 50 4307 50 4488 50 3889 50 3964 50 3978 50 4304 50 3602 50 4017 50 3627 50 3786 50 3937 50 2605 98
54 3764 10
102 2576 10
122 3790 10
192 112 10
16 4523 50 4388 90
45 3383 10
68 3504 10
43 2709 10
32 4632 50 3846 50 4126 50 3998 50 3873 50 3887 50 4481 50 2720 50 4248 50 2574 50 2635 50 3801 50 4340 50 3878 50 4268 50 3449 50 4474 50 3509 50 3929 50 2832 50 3709 50 4514 50 2663 50 2675 50 2795 50 4376 50 3980 50 2550 50 3457 50 3777 50 4050 50 4038 50 4510 50 4611 50 2598 50 2740 50 2907 50 3752 50 2786 50 3204 50 2869 50 3123 50 4516 50 3958 56
51 2649 10
145 21 10
165 7 10
36 4898 50 4939 50 4932 50 4887 50 4953 50 4852 50 4840 50 4837 50 4886 50 4776 50 4768 50 4891 50 4889 50 4760 50 4777 50 4752 50 4917 50 4739 50 4952 50 4767 50 4748 50 4793 50 4696 50 4796 50 4851 50 4928 50 4866 50 4804 50 4922 50 4838 50 4884 50 4681 50 4729 50 4727 50 4162 50 3868 50 3901 50 4912 50 3547 50 4764 50 4396 50 2659 50 4607 50 2943 50 3726 50 4856 50 4955 50 2662 50 4754 50 4801 50 4943 50 3471 50 3721 50 4532 84
184 3454 10
164 3536 10
90 2752 10
127 147 10
194 2712 10
170 3538 10
130 2942 10
78 3160 10
134 2568 10
50 3497 10
176 4036 10
46 4145 10
135 3606 10
193 188 10
63 27 10
196 3341 10
83 4065 10
97 184 10
191 243 10
18 3969 50 3530 50 2977 50 2999 45 3241 50 3251 50 3017 45 2728 50 3673 50 4429 50 4124 50 2816 50 3473 50 4003 50 4520 50 2933 50 3529 50 3716 50 2909 45 3879 50 3098 87
179 3598 10
186 3136 10
183 2668 10
162 32 10
61 160 10
65 2914 10
59 2562 10
163 141 10
121 2595 10
159 248 10
158 3347 10
133 194 10
74 2614 10
136 4561 10
29 2913 45 3027 45 3193 50 3196 50 2629 50 3942 50 2948 50 3074 50 2555 50 3146 50 3510 50 3952 50 2719 45 3103 50 2825 50 2682 50 3250 45 3885 50 3663 50 2774 50 2518 50 3910 50 2645 50 2800 50 2525 50 2767 50 3947 50 2833 50 2824 50 2861 50 3066 50 3590 50 3431 50 2881 50 2939 50 3131 50 3526 50 2673 50 2810 50 3104 50 3222 50 3773 50 2954 40 3125 50 2952 50 3256 50 3043 50 3561 50 3628 50 3841 50 3116 50 3290 45 2590 50 2880 50 3393 50 2936 45 3139 60
69 4267 10
95 4028 10
161 150 10
173 3048 10
168 4860 10
6 4594 50 4759 50 4826 50 4836 50 4566 50 4688 50 4540 50 4640 50 4407 50 4719 50 4568 50 4531 50 4583 50 4714 50 4292 50 4709 50 4691 50 3995 50 4454 50 4738 50 4619 50 4030 50 4071 50 4669 50 4859 50 3975 50 4703 50 4788 50 4372 50 4107 50 4807 50 4431 50 4522 50 2521 50 2848 50 4513 50 4273 50 4654 50 2973 45 2964 50 3485 50 2970 50 2670 50 2883 50 4042 50 4381 50 4479 50 2903 50 2764 50 4686 50 3021 50 3858 50 2876 50 2910 50 2955 50 4519 50 4625 50 3676 50 3754 50 2917 74
141 3432 10
35 2570 50 2580 50 3031 50 3562 50 4534 50 2582 50 4330 50 4507 50 3032 50 3632 50 3842 50 3811 50 2956 50 2579 45 2912 45 4313 50 4642 50 4655 50 2577 50 2606 50 2921 50 4716 50 3262 50 3294 50 2875 50 3179 50 3870 50 4296 50 2782 50 3843 50 4243 50 4458 50 4091 50 3076 50 3566 50 3723 50 2546 50 4660 50 2617 45 4282 50 2874 50 4702 50 3459 50 3576 50 3023 50 3965 50 4144 50 2684 50 4553 50 2549 50 2702 50 4320 50 4557 50 2815 45 3105 50 3147 45 3279 53
175 143 10
106 207 10
57 3338 10
108 4915 10
114 4967 10
198 3200 10
103 4445 10
116 4223 10
140 3005 10
187 3018 10
113 4749 10
70 4823 10
13 4742 50 2611 50 3695 50 4547 50 4641 50 2891 50 3503 50 2667 50 2994 50 4241 50 4432 50 4480 65
53 2554 10
146 3691 10
172 58 10
166 4302 10
49 283 10
48 4920 10
40 3926 50 2587 45 3694 50 3833 50 4649 80
148 4616 10
178 2922 10
85 4971 10
73 2857 10
118 135 10
98 4881 10
155 4970 10
109 56 10
52 4966 10
39 126 50 155 50 146 50 151 50 161 50 164 50 220 50 196 50 136 50 149 50 121 50 172 50 176 50 261 50 210 50 206 50 131 50 251 50 237 50 130 50 178 50 221 50 213 50 171 50 205 50 142 50 195 50 163 50 197 50 166 50 256 50 145 50 255 50 134 45 127 50 246 50 167 50 180 45 141 45 177 45 147 45 281 50 3047 45 3955 50 4364 50 160 45 4444 50 2734 45 4259 50 3583 50 4051 50 2919 50 3051 50 2592 45 3800 50 4435 50 4665 50 2631 45 2613 50 2652 45 4013 50 4463 50 4782 50 4312 50 4734 50 3953 50 189 45 2780 50 4415 50 4527 50 4800 50 3588 50 3746 50 4390 50 2701 50 2754 45 2802 45 2841 50 3070 50 2628 50 2718 60
149 102 10
76 4923 10
150 4946 10
123 30 10
56 25 10
4
200
26 4967 33
20 4724 50 4761 50 4775 50 4828 55
17 3397 50 3517 50 3441 50 3545 77
38 4894 50 4905 50 4609 50 4848 50 4890 88
32 4476 50 4450 50 4456 50 4574 50 4452 50 4525 77
23 3993 50 4060 50 4175 50 4039 50 4150 50 4033 50 3835 50 3932 50 4088 50 4200 98
5 4972 50 4945 50 4971 50 4940 50 4911 50 4958 50 4936 50 4938 50 4222 50 4913 50 4937 50 4483 79
29 3616 50 3749 50 3239 50 3629 50 3647 60
13 2888 50 2885 50 2915 50 2790 50 2961 50 2996 50 2958 50 3164 50 2741 50 2758 50 2781 50 3310 50 2938 75
37 458 50 513 50 1415 50 430 50 1110 50 1399 50 1010 50 1292 50 1204 50 1026 50 1192 50 1064 50 953 50 1132 50 1341 64
16 4973 25
25 3770 50 3703 50 3778 50 3771 50 3930 50 4563 50 4570 50 3970 75
27 2638 50 2626 50 2548 50 2563 50 2732 50 2691 50 2571 50 2714 50 2584 50 3063 50 2819 50 3121 50 3624 50 2665 93
71 1079 10
112 265 10
196 1307 10
53 1133 10
137 1466 10
193 323 10
77 986 10
30 3622 18
130 1141 10
109 238 10
176 503 10
134 214 10
104 282 10
186 2513 10
106 377 10
40 2749 50 3101 50 2821 50 3109 50 3429 50 2765 50 2926 50 3675 50 3078 50 3343 50 2873 50 3614 50 2998 50 3194 50 2735 50 3923 50 3145 50 4045 50 3702 50 4097 50 3883 50 3037 50 3758 50 3852 58
170 2501 10
8 4470 50 4355 50 4350 50 4323 50 4255 50 3734 50 4398 50 3050 50 3453 50 3877 50 4378 50 3822 50 4469 50 3073 50 4315 50 3498 50 4058 50 4347 50 4183 50 2993 50 3961 50 3502 50 4193 50 3807 65
132 2471 10
39 4664 50 4602 50 4604 50 4589 50 4847 50 4774 50 4812 50 4746 50 4772 50 4542 50 4780 50 4872 50 4408 50 3527 58
35 2830 50 2847 50 4334 50 4374 50 2942 50 3160 50 3541 50 3625 50 4198 50 4161 50 2966 50 4335 50 2962 76
52 2561 10
64 2636 10
124 1377 10
81 1073 10
162 766 10
63 1035 10
110 2560 10
55 358 10
183 2597 10
118 2578 10
9 4906 50 4909 50 4712 50 4573 50 4508 95
12 2661 50 2564 50 2639 50 2502 50 2669 50 2497 50 2671 50 2573 50 2705 50 2651 90
66 2503 10
101 46 10
33 2616 50 2558 50 2603 50 3276 50 2843 50 2864 50 3159 50 3341 50 2491 50 2522 50 2533 50 2914 50 2540 50 2599 50 2900 50 2514 50 2710 50 3438 50 2983 50 2551 50 3071 50 2520 50 3136 50 3458 50 2480 50 2569 50 2729 50 2553 50 3347 50 2897 50 2612 96
86 15 10
2 4962 50 4977 50 4941 50 4070 50 4579 50 3597 50 4194 50 3701 50 4010 50 4377 50 4284 50 4529 50 4063 50 3783 50 3984 50 4358 50 4710 50 4882 50 3865 50 4797 50 3991 50 4406 50 4778 50 4618 62
75 347 10
76 3045 10
119 228 10
79 1137 10
189 2610 10
72 1308 10
7 4736 50 3851 50 3598 50 4310 50 3549 50 4308 50 4365 61
150 1320 10
3 2717 50 2576 50 2607 50 2709 50 2542 50 2715 50 2683 50 2620 50 2566 50 2744 50 2633 50 2704 78
19 2807 50 2851 50 2972 50 2879 50 2762 50 2975 50 2804 50 2788 50 2932 50 2820 50 2726 50 2465 50 2849 50 2831 50 2986 50 2733 50 2596 50 2752 50 2920 50 2531 50 2988 50 2646 50 2946 50 2543 50 2519 50 2630 50 2649 50 2931 50 2867 50 2712 50 2568 50 2826 63
131 3000 10
83 99 10
24 3729 50 4009 50 3717 50 4436 50 3234 50 4314 50 4354 50 3001 50 4267 50 3112 50 4511 50 4227 50 3383 50 3504 50 4593 50 3511 58
143 2594 10
62 2779 10
91 3030 10
192 391 10
58 2839 10
102 3016 10
113 2660 10
90 94 10
187 3143 10
111 2507 10
173 10 10
15 3789 50 3505 50 3273 50 4351 50 3621 50 3712 50 3828 50 4294 50 3405 50 3785 50 3672 50 3666 50 3824 50 3949 50 4399 50 4699 50 3297 50 4861 50 4831 50 3848 50 3548 50 4212 50 4853 50 3619 50 4332 50 4833 50 3277 50 3803 50 3867 50 4087 50 4613 50 4675 50 3760 50 3764 50 3790 50 4639 57
182 2532 10
97 3048 10
36 3642 50 4184 50 3309 50 3654 50 4333 50 4821 50 4254 50 4506 50 3747 50 3705 50 3696 50 3781 50 4679 50 4036 50 4145 50 4512 50 3177 50 3352 50 3190 50 3187 50 3595 50 3903 50 4869 50 3020 50 4360 50 4815 71
92 2725 10
198 3069 10
98 2723 10
184 2535 10
4 4926 50 4927 50 4925 92
49 3130 10
195 3151 10
28 3796 50 3550 50 3690 50 3707 50 4122 50 4503 50 4697 50 3432 50 3437 50 4457 50 3679 50 3957 50 4218 50 4225 50 4336 50 4443 50 3289 50 3604 50 4850 50 3184 50 3240 50 3346 50 4671 50 3165 50 3817 50 4120 50 4226 50 3963 50 4631 50 4839 50 4025 50 3380 50 3057 50 3111 50 3409 50 3667 50 3871 50 3915 50 4338 62
56 2930 10
65 3170 10
175 2668 10
191 3200 10
47 3018 10
50 291 10
45 3061 10
57 2791 10
95 39 10
10 4650 50 4606 50 3708 50 3897 50 3678 50 4172 50 4258 50 3454 50 3536 50 3886 50 3795 50 3954 50 3538 50 4561 50 4395 50 4427 50 3497 50 4065 50 4387 76
152 3338 10
181 3022 10
172 2906 10
190 2857 10
178 3157 10
144 2798 10
74 211 10
73 286 10
85 3606 10
155 3285 10
194 3691 10
149 2852 10
133 3129 10
31 16 50 31 50 11 50 17 50 28 50 13 50 12 50 23 50 20 50 18 50 9 50 10 45 21 50 50 50 27 50 15 45 19 50 32 50 30 50 49 50 29 50 25 88
158 3162 10
200 174 10
197 2935 10
165 3183 10
80 2562 10
11 4860 50 4870 50 4803 50 4445 50 4163 50 4715 50 4223 50 4690 50 4663 50 3856 50 4622 50 4321 50 4492 50 4302 50 4182 50 4327 50 4868 50 4363 50 4204 56
188 3430 10
128 2595 10
142 3318 10
135 3626 10
129 3830 10
123 2777 10
100 2614 10
163 2623 10
122 3513 10
141 271 10
44 3226 10
140 3127 10
121 2437 10
82 4049 10
154 2512 10
159 3900 10
138 4136 10
84 2460 10
67 4207 10
116 112 10
115 3579 10
177 3075 10
51 53 10
180 4189 10
161 183 10
42 4167 10
43 2473 10
61 2840 10
164 3748 10
99 2827 10
114 3891 10
103 3142 10
1 2855 50 3060 50 2653 50 2681 50 2858 50 3692 50 2672 50 3271 50 2488 50 3423 50 2475 50 3698 50 1435 50 2483 50 3099 50 2583 50 1156 50 2648 50 2374 50 2801 50 3406 50 3650 50 548 50 3331 50 3348 50 1095 50 2455 50 3402 50 1040 50 959 50 3009 50 514 98
146 3983 10
34 4984 50 4970 50 4949 50 4982 50 4948 50 4979 50 4931 50 4966 50 4947 50 4980 50 4885 50 4915 50 4918 50 4689 50 4985 50 4486 50 4969 50 4572 50 4920 50 4881 50 4857 50 4986 50 4545 50 4873 50 4028 50 4959 50 4942 50 4923 50 4946 50 4473 98
156 4019 10
105 3928 10
93 3571 10
60 2959 10
94 4164 10
70 4134 10
21 4684 50 4379 50 4701 50 4571 50 4318 50 4500 50 4744 50 4362 50 4383 50 3592 50 4295 50 1372 50 3115 50 2621 50 3682 50 3172 50 4489 50 2787 61
174 2419 10
127 965 10
167 2534 10
120 3126 10
78 3267 10
88 248 10
41 1214 10
160 4369 10
117 1076 10
125 2947 10
169 3328 10
69 3387 10
185 319 10
59 3860 10
199 4902 10
166 2509 10
148 1038 10
151 3218 10
147 3722 10
179 2454 10
145 2766 10
157 3367 10
48 158 10
139 4361 10
136 3192 10
126 2495 10
96 34 10
168 3394 10
68 2515 10
153 2982 10
46 3034 10
89 4900 10
87 300 10
171 184 10
54 2333 10
22 4974 50 955 50 3735 50 3911 50 4442 50 1479 50 2987 50 3030 45 3769 50 3573 50 4464 50 1058 50 2420 50 3205 50 2554 50 2565 50 3704 50 4518 50 4311 50 1470 50 3171 50 4322 50 4357 94
108 188 10
107 4537 10
6 4823 50 4904 50 1217 50 2922 50 3896 50 3905 50 4343 50 618 50 4749 50 3284 50 4954 50 509 50 3217 50 3401 50 639 50 2850 50 3119 50 3209 50 1172 50 1309 50 1138 50 4300 50 3106 50 4683 50 4286 50 2643 50 4305 50 3775 50 4283 50 4413 50 1057 50 1098 50 3107 50 4769 50 2772 50 3243 50 4528 50 4879 50 2882 50 4426 50 732 50 4349 50 4548 50 2854 90
14 150 50 143 50 135 50 157 50 241 50 169 50 192 50 194 50 243 50 187 50 175 50 186 50 207 50 280 50 139 50 275 50 266 50 278 50 285 50 209 50 219 50 148 50 120 50 223 50 181 50 153 50 162 50 218 50 202 50 306 50 165 50 307 50 283 50 265 45 229 50 214 45 249 50 332 50 346 50 190 50 133 50 272 50 273 50 3210 50 4128 50 4281 50 4491 50 1190 50 4538 50 1142 50 263 50 3005 96
18 80 50 88 50 81 50
5
200
14 4950 9
4 3875 19
37 4983 34
38 4843 50 4975 90
29 4755 90
36 4988 80
9 4616 84
1 4908 50 4723 50 4876 79
3 2647 50 2511 50 2539 50 2470 50 2448 50 2636 79
30 4576 50 4505 50 4635 50 4485 50 4595 77
18 4083 50 3982 50 3971 50 4148 50 3797 50 3808 90
22 4599 50 4465 50 4673 50 4965 76
23 4277 50 4324 96
13 4031 50 4209 50 4104 50 3706 50 4271 50 4278 50 3823 50 4034 50 4205 50 4206 50 4242 50 3940 50 4018 88
27 4397 50 4132 50 4251 50 4342 50 4620 50 4466 50 4477 50 4501 50 4614 50 4612 50 4247 94
26 3028 50 3054 50 2859 50 2911 50 3140 50 2871 50 2878 50 3088 50 3016 50 2941 50 3002 50 3029 50 2721 50 2957 60
10 4081 50 4903 50 4883 50 4704 50 4617 50 4093 50 4166 50 4700 50 4149 50 4403 50 4272 50 4168 50 4564 50 4419 50 4751 50 4867 62
16 3855 50 3798 89
192 1328 10
128 1497 10
186 1068 10
76 183 10
58 1146 10
90 1065 10
163 57 10
94 1155 10
174 315 10
129 1205 10
187 1280 10
39 3569 50 3581 50 3519 50 3557 50 3641 50 3605 50 4964 50 3506 50 4930 50 3611 50 3572 50 3733 50 3681 79
145 1406 10
54 457 10
106 1289 10
150 1157 10
35 3292 50 3474 50 3390 50 3403 50 3659 50 3882 50 4249 50 4123 50 3751 50 3844 50 4402 50 4234 50 4667 50 3750 50 3936 50 3908 50 4666 50 3522 50 4634 50 4552 50 3669 50 3977 50 4213 50 3479 50 3820 50 3338 85
51 1357 10
182 1151 10
118 1348 10
168 1257 10
48 624 10
61 1195 10
81 1104 10
183 1426 10
195 52 10
5 2530 50 2985 50 2472 50 3170 50 3019 50 2974 50 2980 50 3148 50 2547 50 2940 50 3014 50 2722 50 2575 50 2578 50 2905 50 2526 50 3048 50 2513 50 2600 50 2679 50 2561 50 3008 50 2439 50 2434 85
146 858 10
166 603 10
121 1168 10
15 3248 50 3245 50 2501 50 2965 50 2560 50 3003 50 2471 50 2597 50 3182 50 2930 50 3134 94
55 875 10
41 1317 10
87 1198 10
83 109 10
56 389 10
155 1143 10
151 333 10
62 1526 10
157 890 10
32 3067 50 3231 50 3143 50 3261 50 3180 50 3085 50 3069 50 3127 50 3130 50 3151 50 3166 50 3075 50 3355 50 3662 50 3985 50 3206 50 3142 50 3200 50 4048 50 3816 50 3720 64
71 222 10
138 1005 10
162 233 10
101 1178 10
170 988 10
159 1136 10
127 1219 10
99 1252 10
107 1240 10
193 1062 10
78 516 10
144 433 10
156 1346 10
49 1099 10
97 1129 10
171 399 10
117 883 10
143 184 10
104 1407 10
103 100 10
176 329 10
57 203 10
66 2346 10
77 2266 10
8 2436 50 2852 50 2585 50 2588 50 2945 50 2529 50 2755 50 2424 50 2960 50 2935 50 2399 50 2680 87
194 870 10
69 1419 10
180 1102 10
6 2865 50 2479 50 2451 50 2508 50 2808 50 2813 50 2829 50 2835 50 2414 50 2589 50 2927 50 2498 50 2441 50 2370 50 2586 50 2954 50 2457 50 3046 50 2567 50 3018 50 3135 50 3715 50 2503 50 2609 50 3327 50 3132 50 2997 50 3120 50 3691 50 2591 50 3831 50 2839 50 3045 50 2857 50 2947 50 3000 50 3011 50 2791 50 3533 50 3340 50
179 1131 10
200 1434 10
34 3944 50 4337 50 4550 50 4555 50 4188 50 4219 50 4299 50 4587 50 4430 50 4605 50 3939 50 3396 50 3468 50 3563 50 3890 50 4678 66
12 3253 50 2695 50 3061 50 3158 50 3282 50 2982 50 2664 50 2725 50 3233 50 3362 50 3412 50 4005 50 3162 50 2924 50 3945 50 3645 50 3430 50 2959 50 3022 50 3235 50 4326 50 2785 50 2906 50 3068 50 3318 50 3285 50 3933 50 3157 50 3260 50 3839 50 4453 50 2739 50 3472 50 3183 50 3626 50
98 1354 10
196 1285 10
169 1286 10
47 1200 10
110 35 10
139 962 10
102 1253 10
31 4960 50 4968 50 4935 50 2528 50 2557 50 4597 50 2798 50 3129 50 3585 50 4537 50 4626 50 4136 50 2723 50 2951 50 3398 50 3646 50 3211 50 3226 50 4417 50 3392 50 3523 50 2811 50 3739 50 3342 50 4049 50 3685 80
85 1226 10
2 2482 50 2466 50 3039 50 2863 50 3465 50 2973 50 4207 50 4189 50 2610 50 4167 50 3620 50 3866 50 3052 50 3100 50 3154 50 3213 50 3891 50 2853 50 3124 50 3249 50 3274 50 3837 50 3199 50 3411 50 2427 50 2984 98
43 284 10
21 1517 50 1499 50 1501 50 3344 50 2615 50 3254 50 2536 50 2759 50 2676 50 2657 71
167 47 10
91 62 10
199 1023 10
164 1259 10
124 173 10
161 1449 10
89 982 10
135 918 10
158 1105 10
190 1310 10
116 1067 10
140 282 10
141 1345 10
74 1012 10
126 174 10
40 4603 50 4672 50 4582 50 4562 50 4462 50 4394 50 2840 50 3042 50 3564 50 2461 50 3881 50 4143 50 4451 50 4731 50 3812 50 4293 50 3055 50 4805 98
148 1197 10
173 971 10
152 1207 10
60 923 10
105 1383 10
109 228 10
185 152 10
53 598 10
28 2827 50 3374 50 4138 50 3238 50 4560 50 2478 50 3311 50 3919 50 3864 50 4089 50 4115 50 4530 50 2447 50 2771 50 3102 50 3623 50 4000 50 2504 50 4438 50 4280 50 4440 50 2494 50 2559 50 3651 50 3740 50 4404 50 4420 50 3728 50 2435 50 4386 50 4285 50 2467 50 4264 50 4544 50 2347 50 3137 50 3580 50 3610 50 4164 50 4044 50 4074 50 4319 50 4019 50 3258 50 3714 50 4600 50 3892 50 4134 50 2527 50 4317 50 2904 50 2403 50 3776 63
88 97 10
111 660 10
133 1441 10
142 820 10
45 1130 10
64 1089 10
17 1422 50 1467 50 1304 50 1318 50 1359 50 1465 50 1463 50 1331 50 1386 50 1500 50 1373 50 1411 64
70 238 10
92 103 10
115 96 10
73 1243 10
112 906 10
153 551 10
178 1287 10
198 357 10
86 1263 10
132 1007 10
123 540 10
137 24 10
113 158 10
134 425 10
154 726 10
125 40 10
120 930 10
24 4991 50 4992 50 4990 50 4997 50 4987 50 4996 50 4989 50 4976 50 4978 50 4802 50 4994 50 3928 50 4539 50 3741 50 3756 50 4963 50 3941 50 4929 50 2492 50 3230 50 3638 50 3665 50 3927 50 4819 50 2991 50 3097 50 3461 50 3571 50 4100 50 3095 50 3373 50 3556 50 1520 50 3004 50 3126 64
147 958 10
114 844 10
149 869 10
75 1061 10
197 291 10
72 980 10
172 619 10
50 852 10
122 224 10
165 475 10
108 990 10
46 485 10
19 1295 50 1165 50 1161 50 1228 50 1181 50 1189 50 3267 50 4369 50 1250 50 1355 50 1397 50 1486 50 3328 50 3387 50 3551 50 3860 50 2352 50 3218 50 4516 50 3725 50 1176 50 1210 50 2232 50 3606 50 4647 50 3934 50 3153 50 2766 50 3367 50 4361 50 3056 50 3128 50 3192 50 2405 50 2943 97
188 427 10
93 1016 10
33 1049 50 1080 50 1096 50 1139 50 1060 50 1112 50 1128 50 2979 50 4536 80
136 1025 10
130 1031 10
177 829 10
52 2200 10
160 807 10
25 3366 50 3394 50 1152 50 2390 50 3034 50 3444 50 3884 50 4517 50 1208 50 2247 50 2753 50 3826 50 3655 50 3906 50 2556 50 3427 50 3973 50 4262 50 1300 50 2624 50 4346 50 4636 50 973 50 3093 50 4370 50 1124 50 1504 50 4482 50 3920 50 1351 50 2886 50 3353 50 3774 50 4181 50 2429 50 1293 50 3227 50 4504 50 2464 50 2486 50 3966 50 4119 50 1344 50 2366 50 3041 50 4197 50 2535 50 3354 50 2923 50 3272 50 3791 50 1553 50 2668 50 3316 50 4236 50 4449 50 2562 50 2595 50 1001 50 2614 50 2545 59
20 334 50 321 50 522 50 473 50 521 50 706 50 573 50 350 50 403 50 550 50 612 50 476 50 383 50 596 50 367 50 933 50 957 50 909 50 413 50 691 50 451 50 794 50 448 50 506 50 566 50 593 50 411 50 606 50 323 50 479 50 929 50 549 50 380 50 533 50 453 50 793 50 404 50 899 50 904 50 838 50 600 50 887 50 2386 50 2768 50 3464 50 2779 50 4080 50 337 50 336 50 2512 50 3956 50 2594 50 3489 50 456 50 2203 50 2660 50 884 50 1490 50 1009 50 1533 50 622 50 717 50 426 50 3925 50 3787 50 2469 50 3821 50 386 50 3176 50 3436 50 1174 50 3038 50 3365 52
84 4109 10
42 201 10
11 4961 50 4499 50 4297 50 4110 50 4423 50 4795 50 4199 50 4263 50 4274 50 4706 50 2376 50 2507 50 2532 50 3349 50 1445 50 3424 50 3832 50 4416 50 1349 50 3492 50 3189 52
79 3306 10
100 312 10
96 1361 10
119 90 10
63 56 10
95 1079 10
59 3 10
68 102 10
181 208 10
67 2544 10
175 1340 10
80 44 10
131 4694 10
44 444 10
7 199 50 260 50 216 50 211 50 204 50 289 50 271 50 188 50 277 50 248 50 198 50 262 50 286 50 302 50 200 50 295 50 299 50 308 50 250 50 235 50 245 50 264 50 316 50 268 50 274 50 296 50 293 50 236 50 1307 50 3450 50 3904 50 3830 50 2433 50 4425 50 2265 50 2431 50 2474 50 3202 50 3514 50 4105 50 1392 50 1133 50 2552 50 2777 50 3513 50 2623 50 3304 50 503 50 225 50 543 50 609 50 4380 50 4656 50 428 64
184 3719 10
189 4728 10
191 93 10
82 98 10
65 41 10
6
200
23 4993 7
14 4981 15
6 4877 50 4865 50 4902 53
17 3997 87
20 4721 50 4577 50 4630 50 4832 50 4625 75
1 4439 57
31 4348 50 4359 80
16 4401 50 4382 50 4433 50 4371 50 4373 50 4269 96
13 3664 70
28 3900 50 3874 50 4174 50 4210 50 4121 50 4298 50 3983 50 4743 50 4057 50 4707 50 4711 50 4575 50 4779 50 4114 50 4160 50 3876 64
39 1296 10
21 3854 50 3802 50 4753 95
29 3579 50 3748 50 3635 50 3713 50 3670 50 3753 50 3559 50 3743 50 4141 51
19 3574 50 3742 50 4061 50 3722 50 4553 50 3622 50 4135 50 4591 50 3652 50 4454 50 4260 50 4409 50 4202 50 4139 99
18 3141 50 3377 50 3350 50 3320 50 3356 50 3133 50 3501 50 3451 50 3326 50 3188 50 3082 50 3293 50 3113 50 3268 50 3301 81
25 2797 50 2881 50 2505 50 2572 50 2838 50 2892 50 2698 50 2902 50 2523 50 2916 50 3376 50 3103 50 2803 50 3080 50 3044 50 3323 50 2876 50 2955 50 3400 50 3418 53
195 227 10
74 1466 10
192 1536 10
163 907 10
68 886 10
94 156 10
4 2437 50 2442 50 2180 50 2460 50 2473 50 2375 50 2401 50 2450 50 2462 50 2216 50 2340 50 2409 50 2537 50 2500 50 2510 50 2422 50 2541 50 2706 50 2895 50 2419 50 2534 50 2509 50 2022 50 2454 50 2517 50 2890 73
54 917 10
196 377 10
119 986 10
165 1141 10
113 889 10
55 33 10
114 781 10
132 1377 10
104 1203 10
164 358 10
170 1284 10
189 1028 10
51 916 10
52 1325 10
90 1073 10
111 1035 10
56 766 10
86 914 10
158 1137 10
81 1308 10
82 1082 10
47 1516 10
9 3152 50 3286 50 3252 50 3488 50 3452 50 3300 50 3104 50 3469 50 3084 50 3163 50 3024 50 3391 50 3333 50 4745 50 3404 50 3329 50 3322 50 3259 81
142 855 10
70 300 10
190 1091 10
91 760 10
183 7 10
41 330 10
69 1144 10
101 1270 10
187 920 10
148 1376 10
7 2970 50 4786 50 2937 50 3266 50 3026 50 3149 50 4239 50 2956 50 4773 50 3460 50 4854 50 4325 50 4448 50 4288 50 4790 50 4871 50 4546 50 3369 50 3417 50 3613 50 3815 50 4418 50 3319 50 3687 50 3893 50 3281 50 4478 50 3446 50 3916 50 4352 50 3169 50 3414 51
123 1394 10
84 347 10
98 1050 10
106 414 10
64 1555 10
49 633 10
22 4900 50 3428 50 4661 50 4557 50 3840 50 4892 50 3648 50 3921 50 3118 50 3674 50 4339 50 4421 50 4535 50 2964 50 3059 50 4541 50 4067 50 4157 50 4479 50 4487 50 4228 50 4079 50 4596 84
198 373 10
26 2874 50 2872 50 2883 50 2862 50 2969 50 3053 50 3242 55
48 1087 10
139 1320 10
172 1405 10
127 1074 10
112 391 10
59 1494 10
173 1306 10
11 2495 71
184 438 10
58 1387 10
83 587 10
141 796 10
166 710 10
156 1059 10
2 815 50 1314 50 650 50 680 50 1565 50 827 50 1027 50 1539 50 1077 50 1352 50 1166 50 965 50 1214 50 678 50 1076 50 1038 50 936 50 931 50 1400 50 1167 50 1134 50 2515 50 2746 50 992 50 1312 50 2333 50 1595 50 2476 50 839 50 996 50 1068 50 2724 50 2443 50 1280 50 1406 50 1021 50 1315 50 2792 50 2456 50 748 50 2167 68
128 474 10
155 1151 10
33 2477 50 2737 50 2692 50 2812 50 2538 50 2773 50 2817 50 3724 50 4799 50 3058 50 3636 50 4257 50 2910 50 4519 50 3447 50 3943 50 2430 50 2834 50 3345 50 4391 50 2524 50 2593 50 2928 50 2468 50 4598 50 4549 50 4698 50 2936 50 4147 50 4178 50 4687 50 3880 50 4692 50 3237 50 4641 50 4708 50 3223 50 2894 65
79 8 10
197 1043 10
3 2381 50 2364 50 2361 50 4584 50 4818 50 4842 50 3847 50 4554 50 4610 50 2440 50 2693 50 2485 50 3382 50 4740 50 2402 50 2496 50 4029 50 2453 50
176 500 10
89 532 10
40 2276 50 2329 50 3247 50 3609 50 2487 50 2711 50 3637 50 2641 50 3358 50 3185 50 3203 50 2245 50 2499 50 3156 50 3083 50 3607 50 4434 50 2404 50 2891 50 4215 50 3167 50 4580 50 3960 50 4393 50 3269 50 2481 50 2918 50 3618 50 3295 50 3312 50 2417 50 2770 50 2893 50 3015 50 3357 50 3657 50 4211 50 4389 50 3017 50 4368 50 3528 50 3265 50 2625 50 4643 50 4581 50 3214 50 4624 50 2338 99
181 569 10
157 144 10
125 1090 10
161 1150 10
115 317 10
93 375 10
24 1634 50 1858 50 3693 50 3197 50 2342 50 2346 50 2266 50 4356 50 2516 50 3761 50 3070 50 4331 50 3518 50 4117 50 3388 50 3484 50 4244 50 2349 50 3475 50 4078 66
168 1357 10
150 99 10
135 87 10
38 1599 50 1608 50 3584 50 3375 50 2814 50 2999 50 3220 50 4270 50 2898 50 3275 50 2769 50 3299 50 4047 50 2379 50 2828 50 2992 50 2995 50 3164 50 3736 50 2182 50 4341 50 3078 50 3990 50 4217 50 3079 50 2884 50 2365 50 3568 50 2823 50 3198 50 2716 50 4208 50 3195 50 3668 50 2207 50 4245 50 2395 50 3782 50 1602 50 1641 50 2913 50 3491 50 2634 50 2359 50 4309 50 4291 55
36 4588 50 4424 50 4422 50 4585 50 4367 50 4590 50 4574 50 4475 50 4410 50 2326 50 2233 50 3288 50 3215 50 4146 50 2699 86
167 1348 10
97 288 10
73 61 10
151 782 10
15 319 50 614 50 362 50 501 50 364 50 556 50 315 50 415 50 424 50 993 50 1379 50 1125 50 305 50 247 50 455 50 1195 50 253 50 1220 50 242 50 464 50 795 50 1456 50 700 50 934 50 1426 50 1070 50 1081 50 239 50 694 50 1168 50 780 50 1431 50 818 50 354 50 1428 50 1169 50 254 50 1202 50 836 50 1160 50 1328 50 941 50 1083 50 1497 50 484 50 490 50 374 50 1146 50 1185 50 457 50 1065 97
153 1155 10
105 1205 10
120 1157 10
27 4816 50 4944 50 4863 50 4766 50 4730 50 4830 50 4665 50 4668 50 4771 50 4741 50 4784 80
61 1256 10
110 228 10
118 1140 10
5 4680 50 4792 50 4621 50 4685 50 4794 50 4717 50 4662 50 4737 50 4810 50 4720 50 4705 50 4725 50 4623 50 4231 50 4813 50 3324 50 4180 95
136 703 10
200 1368 10
117 94 10
88 222 10
44 1289 10
8 4896 50 4235 50 2490 50 3315 50 4825 50 2286 50 3935 50 4375 50 4651 50 3869 50 4186 50 3117 50 3385 50 4099 50 4155 50 2153 50 3092 50 4629 50 4250 50 2690 50 3091 50 2747 50 3280 50 2357 50 4056 50 4384 50 4785 50 2845 50 4158 50 4776 50 4527 50 3507 50 4229 50 2458 50 2171 50 2856 83
34 1563 50 1503 50 1550 50 1471 50 1526 50 1577 50 1511 50 1568 50 1492 50 1535 50 1534 50 1522 50 1956 50 3495 50 3813 50 3161 50 2320 50 2407 50 3493 50 3600 50 3191 50 3553 50 4131 50 2387 50 3612 50 4012 50 4152 50 2351 50 3027 50 3181 50 4101 50 3089 50 3225 50 2971 50 2371 50 4084 50 4109 50 1487 50 2072 50 3178 50 4153 50 2727 50 2328 50 3298 50 1571 50 3334 50 4240 50 2719 50 2240 50 2950 50 4344 50 1610 88
182 1452 10
129 897 10
57 1257 10
159 1108 10
133 1005 10
149 974 10
121 1136 10
50 1104 10
65 1382 10
87 1227 10
186 1099 10
152 26 10
154 1317 10
137 709 10
35 842 50 894 50 858 50 924 50 875 50 1244 50 1381 50 814 79
116 51 10
175 648 10
147 462 10
75 519 10
160 110 10
179 39 10
191 1356 10
134 1143 10
32 1434 50 1236 50 1450 50 1446 50 1259 50 1252 50 1313 50 1240 50 1283 50 1334 50 1374 50 1287 50 1346 50 1407 50 1274 50 1419 50 1367 50 1354 92
107 970 10
60 624 10
96 355 10
130 1198 10
30 1200 50 1178 50 1226 50 1219 50 1129 50 1131 50 1409 50 1285 50 1383 50 1130 50 1286 50 1229 50 1366 50 1442 50 1272 50 1253 50 1243 50 1410 50 1117 50 1385 50 1149 50 1249 50 1449 50 1310 50 1345 50 1197 50 1194 50 1207 50 1224 50 1441 50 1196 50 1183 50 1414 50 1437 50 4608 50 1216 50 1263 50 1199 50 4609 50 1235 95
162 603 10
53 471 10
131 183 10
77 641 10
85 728 10
143 389 10
43 4567 10
145 259 10
95 4757 10
177 552 10
45 282 10
140 46 10
72 37 10
144 607 10
193 4835 10
92 55 10
71 1011 10
188 871 10
146 1019 10
67 109 10
42 252 10
46 991 10
199 233 10
174 890 10
99 238 10
171 1017 10
37 716 50 516 50 634 50 932 50 988 50 1023 50 902 50 1062 50 883 50 866 50 1055 50 1103 50 1045 50 538 50 847 50 922 50 870 50 1056 50 1102 50 1054 50 1025 50 846 50 1089 50 770 50 962 50 1024 50 853 50 856 50 778 50 860 50 982 78
109 961 10
185 491 10
194 620 10
76 7 10
80 433 10
103 918 10
124 589 10
169 101 10
12 1105 50 1051 50 1067 50 990 50 1016 50 1012 50 775 50 812 50 971 50 820 50 923 50 797 50 906 50 930 50 958 50 840 50 844 50 1018 50 785 50 1007 50 869 50 762 50 1061 50 1020 50 787 50 985 50 784 50 980 50 802 98
62 159 10
108 184 10
63 598 10
102 463 10
126 660 10
66 291 10
122 38 10
10 399 50 402 50 475 50 439 50 434 50 644 50 551 50 425 50 540 50 4956 50 726 50 558 50 487 50 758 50 396 50 485 50 572 50 427 50 967 50 4950 50 619 50 852 50 1042 50 867 50 577 50 1113 50 1100 50 4781 50 829 50 807 50 2983 50 3456 50 4301 50 881 50 4543 50 4659 50 1031 50 3250 50 2438 50 2463 50 2506 50 1370 50 1164 50 1305 50 3232 50 4834 50 1525 50 3219 50 3138 50 3208 50 2452 50 3305 50 3587 50 419 50 3389 50 3482 50 3640 50 3992 50 1451 50 1649 50 2978 50 3593 50 3780 92
178 5 10
78 342 10
138 333 10
100 215 10
180 170 10
7
200
11 4934 10
34 4973 37
30 4694 55
31 4995 50 4777 50 4767 79
10 4515 50 4446 77
38 3859 28
12 4752 50 4728 50 4750 50 4615 50 4586 63
28 4497 50 4722 50 4461 64
25 4441 50 4459 50 4633 59
23 4195 50 4718 50 4467 50 4592 50 4628 50 4578 50 4307 50 4733 50 4196 50 4488 50 4304 56
14 129 50 174 50 168 50 158 50 173 50 152 50 203 50 234 50 132 50 329 50 314 50 290 50 201 50 284 50 294 58
19 3755 80
32 4113 73
16 2775 50 3173 50 2989 50 3012 50 3236 50 2868 50 3306 50 3368 54
24 4106 50 4967 90
1 2761 50 2899 50 3155 50 2934 50 3064 62
37 3689 50 3766 50 3863 50 3700 50 4108 50 4006 50 3601 50 3857 50 3697 50 3974 50 4062 50 3586 50 3924 50 4082 50 4017 50 4022 50 3582 50 3825 84
86 384 10
92 318 10
15 3094 50 3308 50 2870 50 2909 50 3372 50 3291 50 3330 50 3317 50 2993 50 3201 50 3381 50 3546 50 3302 50 3072 50 2793 50 3086 50 3321 50 2966 50 3540 50 3303 96
71 693 10
78 876 10
137 997 10
105 1478 10
148 900 10
110 1429 10
84 14 10
106 1000 10
132 561 10
158 1666 10
20 1618 50 947 50 1343 50 764 50 872 50 1171 50 779 50 863 50 1472 50 854 50 950 50 1266 82
83 545 10
56 338 10
59 60 10
112 208 10
53 244 10
108 2199 10
103 2445 10
80 2044 10
21 3516 50 3443 50 3339 50 3470 50 3463 50 3531 50 3384 50 3524 50 4895 50 3351 50 4874 50 4064 50 3799 50 4632 50 4176 50 4014 50 4570 50 4187 50 4455 50 3543 50 3544 50 4481 50 4763 50 4035 50 4185 50 3699 85
178 67 10
33 4340 50 3918 50 4046 50 4808 50 3565 50 4268 50 3737 90
35 3325 50 2204 50 2335 50 3278 50 3076 50 3077 50 3290 85
94 1408 10
186 312 10
131 2806 10
55 1430 10
17 3314 50 3221 50 3255 50 3872 50 4474 50 3894 50 3931 50 4020 50 4693 50 4697 50 4032 50 3554 50 4646 50 3467 50 4726 50 4328 50 4845 50 3850 50 4024 50 4396 50 3386 50 4316 50 4232 50 4233 50 3845 50 4345 50 4495 50 3421 50 4682 50 3399 50 3263 60
22 2846 8
166 2398 10
70 357 10
57 297 10
123 1120 10
27 3122 65
111 837 10
154 554 10
13 2666 50 2896 50 2873 50 3081 50 2887 50 2795 50 2604 50 3013 50 2740 50 2738 50 2977 50 2708 50 3174 54
142 821 10
74 1683 10
126 2178 10
151 629 10
136 1101 10
96 530 10
177 1265 10
197 2493 10
183 2330 10
46 2406 10
190 954 10
88 48 10
102 400 10
145 324 10
152 1039 10
85 1072 10
162 1085 10
39 2925 50 3040 50 3090 50 3193 50 3196 50 2830 50 3204 50 2869 50 3123 50 3020 50 3207 50 2866 50 3030 59
139 349 10
170 232 10
175 969 10
184 848 10
66 1084 10
198 100 10
195 1621 10
130 92 10
62 2304 10
160 2170 10
169 401 10
191 1239 10
51 725 10
122 2392 10
73 224 10
127 744 10
97 1447 10
68 2290 10
40 1640 50 1424 50 1489 50 1638 50 1476 50 1877 50 1701 50 1464 50 1432 50 2055 56
100 671 10
149 1114 10
2 2696 50 2602 50 2686 50 2083 50 2200 50 2601 50 2296 91
147 388 10
101 1212 10
155 1037 10
4 2362 50 2023 50 2251 50 2299 50 2289 50 2425 50 2344 50 3108 50 3634 50 2428 50 3246 50 2106 50 3065 50 3455 50 4156 50 4374 50 4405 50 3425 50 4493 68
156 987 10
81 998 10
76 942 10
124 1655 10
120 798 10
194 212 10
93 1311 10
7 4858 50 4691 50 4503 50 4594 50 3442 50 4335 50 4085 50 4820 50 2432 50 2754 50 2802 50 4008 50 4256 50 2327 50 2949 50 4502 50 4221 50 4747 50 4765 50 3116 50 4880 50 2489 76
75 937 10
125 580 10
54 1591 10
8 1242 50 1444 50 1276 50 1543 50 1053 50 1582 50 1173 50 1303 50 1014 50 1455 50 1495 50 1267 50 1719 50 1002 50 1572 50 1549 50 1248 50 1246 50 1225 90
98 649 10
50 390 10
79 938 10
67 977 10
182 1079 10
36 97 50 104 50 96 50 113 50 103 50 98 50 112 50 123 50 99 50 102 50 110 50 109 50 100 45 101 50 111 50 108 50 193 50 156 50 114 50 115 50 107 50 144 50 95 50 267 50 230 50 154 50 138 50 494 50 343 50 105 50 387 50 534 93
157 1353 10
104 1302 10
167 583 10
29 2302 50 2005 50 2273 50 2308 50 2210 98
119 407 10
63 915 10
44 542 10
90 372 10
65 22 10
58 576 10
9 1586 50 1514 50 1820 50 1466 50 1808 50 1540 50 1578 50 1605 50 1395 50 1454 50 1642 50 4041 50 3251 50 1664 50 2391 50 2703 50 4429 50 2154 50 1672 50 1720 50 2816 50 3296 50 1589 50 1597 50 3007 50 3212 50 1697 50 2800 50 2544 50 1709 50 2933 50 3529 50 2833 79
153 1175 10
87 36 10
189 1275 10
168 472 10
95 1107 10
188 555 10
134 1141 10
45 537 10
181 841 10
89 1377 10
174 90 10
69 460 10
196 52 10
61 999 10
193 843 10
173 125 10
200 1145 10
159 729 10
26 825 50 864 84
135 898 10
199 1137 10
180 408 10
143 298 10
192 59 10
161 695 10
121 1308 10
179 1073 10
91 926 10
43 986 10
48 1035 10
64 664 10
128 683 10
3 1251 50 1319 50 1388 50 1048 50 1162 50 1361 50 1340 50 4524 50 4540 50 3313 50 3684 50 4498 50 1320 50 2242 50 2861 50 3066 50 3359 50 1398 50 3071 50 4220 50 1585 50 3861 50 1538 50 1121 50 1564 50 4102 50 1384 50 3719 71
107 4846 10
176 452 10
82 445 10
5 4844 50 1559 50 1688 50 3229 50 4287 50 2384 50 2939 50 3244 93
6 826 50 903 50 896 50 921 50 966 50 892 50 907 50 886 50 1360 50 1296 50 4159 50 877 50 917 50 956 50 1536 50 4602 50 889 50 1378 50 4098 50 4306 50 882 50 1022 50 3688 50 4043 50 2948 50 3074 50 4275 50 4290 50 2397 50 2291 50 2929 50 1557 50 2377 50 3146 50 4568 50 1203 50 1620 50 3738 50 4559 50 916 50 1284 50 4001 50 1034 50 1151 50 1404 50 2421 50 1036 50 1047 50 1028 50 1443 50 1461 50 2341 50 2825 50 3043 50 1029 50 964 50 1401 50 1581 50 2484 50 1086 50 1357 50 1488 50 1574 50 4531 50 4583 50 914 50 1325 50 1537 91
171 766 10
165 616 10
146 547 10
115 4652 10
118 381 10
109 806 10
41 698 10
141 687 10
138 2394 10
49 4822 10
47 394 10
187 179 10
144 768 10
164 582 10
133 4921 10
129 791 10
72 4512 10
77 730 10
117 686 10
163 368 10
18 4993 50 874 50 2796 50 901 50 911 50 1348 50 2642 50 3792 50 4593 98
113 377 10
114 43 10
99 574 10
52 183 10
140 735 10
172 488 10
60 467 10
150 724 10
185 128 10
42 358 10
116 300 10
8
200
19 4924 15
24 4862 51
30 4901 57
27 4714 78
14 4878 22
3 4703 50 4788 75
17 4526 41
16 4292 50 4203 50 4165 59
39 4791 50 4919 65
1 4572 50 4468 50 4414 50 4567 50 4653 50 4899 69
26 3989 50 3950 50 4130 50 3938 50 3951 50 4072 50 3986 50 3999 65
2 4713 50 4431 50 4522 50 4679 50 4676 50 4762 65
5 2131 50 1940 50 1869 50 1985 50 2197 50 1986 50 2415 50 1600 50 1657 50 2410 68
7 392 50 185 50 303 50 347 50 184 50 391 50 444 50 523 50 376 50 325 50 137 50 227 50 718 50 635 50 511 50 217 50 781 50 670 50 330 50 697 50 361 61
33 4090 35
20 1082 50 1091 50 1516 50 1144 50 1403 50 1270 50 1376 50 1394 50 1460 50 1396 50 1087 50 1507 50 1555 50 1335 50 1380 50 1498 50 1074 50 1405 50 1494 95
18 855 50 713 50 760 99
198 702 10
175 920 10
69 1258 10
105 943 10
60 946 10
13 4385 50 4116 50 3745 50 3976 50 4372 50 4091 50 3862 50 3946 50 4814 50 4513 50 4273 50 4289 50 4329 50 4125 50 4855 50 4824 50 4237 50 4377 50 4042 87
41 675 10
199 1306 10
154 117 10
42 633 10
81 1050 10
29 3420 94
150 913 10
125 1387 10
184 2619 10
124 34 10
170 587 10
34 2975 50 3035 52
36 2774 50 2685 50 3062 50 2767 50 2783 50 2848 50 3003 50 2824 50 2932 50 2968 50 3335 50 2903 50 2764 50 2760 50 3131 50 2412 50 2751 50 3222 50 2287 50 3125 50 2618 50 3228 54
149 93 10
160 414 10
109 369 10
189 1290 10
162 527 10
193 1059 10
181 58 10
168 989 10
31 2952 50 3256 50 2858 50 3434 50 2921 50 2880 50 3025 50 3264 50 2954 50 3177 50 2973 50 2789 50 3486 50 3426 50 4381 56
55 40 10
57 1333 10
83 935 10
65 796 10
71 1097 10
61 862 10
127 2036 10
120 710 10
140 734 10
21 4140 50 3875 50 3962 50 4686 50 4817 50 4677 50 4055 50 3307 50 3537 50 3499 50 4534 50 4618 50 4330 50 4507 50 3555 50 4173 50 4313 50 3926 50 3466 50 3483 50 4642 50 3111 50 3262 50 3294 50 3363 50 3179 50 4007 50 4296 50 3239 56
56 94 10
102 1119 10
47 1674 10
187 35 10
75 416 10
133 432 10
126 1556 10
90 2220 10
118 373 10
182 604 10
116 405 10
88 438 10
128 24 10
9 3021 50 3031 50 3032 50 2731 50 2842 50 2885 50 2915 50 3917 50 4551 50 3819 50 4243 50 4458 50 2805 50 3397 50 3806 50 2867 50 3779 50 4660 50 3378 50 4897 50 2967 50 4282 50 3576 50 3023 50 4144 50 4395 50 3763 50 3805 50 3462 50 3829 50 4276 50 3413 50 4320 50 3644 50 4230 50 3105 50 3010 50 3849 50 4179 71
10 2444 50 1691 50 1510 50 1678 50 2006 50 1628 50 1680 50 2322 50 2139 50 2253 50 1643 50 2367 50 1519 50 1780 50 2689 50 1508 50 2416 50 1736 50 2306 50 2354 50 2211 50 2656 50 2115 50 2650 50 1675 50 2169 50 2186 50 1576 50 2694 50 2426 50 1791 50 1453 50 2282 50 1528 50 2209 57
166 1324 10
100 474 10
152 442 10
79 1188 10
110 1222 10
174 623 10
80 1158 10
15 2449 50 2844 50 3677 50 4224 50 2459 50 2976 50 4353 50 4756 50 2846 89
122 1118 10
130 1005 10
172 1136 10
190 661 10
144 1071 10
40 2382 50 2369 50 2316 50 2383 50 2334 50 2288 50 2310 50 4026 50 4547 50 2749 50 4294 50 2228 50 2274 50 2908 83
171 328 10
101 567 10
8 1337 30
115 835 10
89 880 10
163 940 10
48 888 10
73 1032 10
117 952 10
78 301 10
28 4757 50 3525 50 4835 50 2994 50 4073 50 4241 50 4432 77
4 2160 50 2147 50 2098 50 2104 50 4151 50 2776 50 4639 50 2745 50 3361 50 4253 50 2309 50 2644 50 2707 50 2877 50 3532 50 4364 50 4444 83
119 1233 10
104 1099 10
93 1148 10
180 317 10
138 978 10
183 92 10
156 1155 10
155 1205 10
141 1078 10
194 532 10
66 1260 10
195 885 10
123 1209 10
59 822 10
97 500 10
153 1157 10
167 824 10
91 51 10
49 288 10
76 1013 10
99 569 10
159 808 10
148 435 10
164 571 10
131 800 10
11 1393 50 1660 50 1611 50 1668 50 1700 50 1438 50 1942 50 1873 50 1839 50 1496 50 1575 50 1452 50 1750 50 1633 50 1561 50 1562 78
169 1043 10
82 1090 10
139 493 10
113 769 10
165 1289 10
96 1006 10
161 891 10
136 652 10
191 375 10
121 1299 10
177 87 10
37 345 50 335 50 565 50 673 50 790 50 908 50 1150 50 1088 50 570 50 782 50 805 50 352 50 712 50 1257 50 679 50 1030 50 1237 50 624 50 651 50 1298 50 628 50 1104 50 1347 50 603 50 1297 50 1364 50 792 53
51 282 10
114 776 10
35 1232 50 1317 50 984 50 1269 50 1127 50 1143 50 1365 50 1256 50 1140 50 1198 50 1368 50 974 50 1616 50 1323 50 1371 50 1779 50 1008 50 1108 50 2191 50 4259 50 2393 50 3683 50 1382 50 2837 50 1227 50 2741 50 4051 50 944 50 2730 50 3224 50 3767 50 1473 50 3287 50 2175 50 2990 50 1580 50 2608 50 3364 50 4054 50 4096 50 1122 50 2067 50 2331 50 2914 50 4252 50 1551 50 4261 50 2112 50 1277 50 1741 50 3410 50 1594 50 3445 50 972 64
32 4888 50 4957 55
143 777 10
132 708 10
188 4556 10
54 878 10
107 803 10
6 711 24
192 879 10
74 228 10
52 895 10
45 4303 10
129 4435 10
176 291 10
87 890 10
173 4645 10
157 62 10
53 714 10
179 238 10
186 124 10
64 831 10
63 819 10
151 643 10
142 703 10
12 279 50 389 50 333 50 897 50 709 50 736 50 433 50 719 50 648 50 810 50 462 50 737 50 355 50 461 50 519 50 696 50 747 50 312 50 482 50 341 50 471 50 481 50 667 50 690 50 641 50 342 50 728 50 536 50 636 50 552 50 832 50 441 50 657 50 406 50 607 50 970 50 2780 50 654 50 1622 50 2301 50 665 50 1338 50 3508 50 3588 50 559 50 1011 50 2219 50 1579 50 1960 50 3661 50 2841 50 3535 50 3577 83
50 8 10
103 4305 10
84 4463 10
44 3615 10
58 4312 10
196 258 10
112 4734 10
147 491 10
46 159 10
68 4390 10
92 871 10
106 524 10
145 1356 10
25 1544 50 3744 50 4521 50 945 50 1211 50 3170 50 601 50 1019 50 3988 50 681 50 1186 50 2688 50 1786 50 3096 50 3810 50 861 50 1177 50 851 50 2859 50 3140 50 4476 50 991 50 1159 50 4412 50 4450 50 1682 50 2953 50 786 50 1529 50 1715 50 2234 50 3036 50 3987 50 4021 50 2790 50 1531 50 602 50 655 50 4175 50 2226 50 4183 50 3478 50 2068 50 830 50 2963 50 1716 50 2778 50 2958 50 1402 50 1484 50 1694 50 1711 50 2732 50 3732 50 865 50 1017 81
86 1301 10
77 4695 10
134 1817 10
185 53 10
22 520 50 499 50 436 50 322 50 535 50 505 50 2358 50 2423 50 1321 50 2806 50 3959 50 318 50 925 50 960 50 2193 50 799 50 2360 50 2781 50 4150 50 2389 50 2713 50 1702 50 3310 50 357 50 918 50 2305 50 4068 50 642 50 845 50 3578 50 1282 50 1459 50 3063 50 3279 50 598 50 3049 50 3727 50 4190 50 2674 50 2794 50 3768 50 4059 50 3121 50 975 50 2388 50 2822 50 928 50 2687 50 3671 50 660 50 3542 50 4338 50 371 50 949 50 3570 50 338 50 849 50 2671 50 2836 50 2942 50 3160 50 526 50 2267 50 2763 50 4171 50 939 50 1339 50 1469 50 2278 50 4222 50 919 50 2581 50 422 50 2099 50 3101 50 3552 50 811 50 3395 91
98 4576 10
62 4456 10
197 4635 10
94 276 10
200 4484 10
67 4800 10
108 4951 10
70 313 10
43 4783 10
137 65 10
158 4512 10
23 56 50 57 50 54 50 55 50 61 50 58 76
72 106 10
95 269 10
135 4864 10
85 222 10
111 233 10
38 76 50 86 50 69 50 83 50 82 50 74 50 85 50 90 50 93 45 87 45 70 50 73 50 94 45 72 50 89 50 91 50 78 50 92 45 77 50 75 50 84 50 79 50 122 50 116 50 118 50 119 50 140 50 170 50 231 50 71 50 226 50 270 50 259 50 252 50 208 50 191 50 215 50 220 50 182 50 224 50 196 50 244 50 212 50 4465 50 1069 50 1245 50 3520 50 4627 50 1221 50 3109 58
178 60 10
146 4916 10
9
200
39 4452 50 4447 50 4490 86
3 4761 87
13 2108 50 2133 50 2314 50 2350 50 2446 50 2757 50 2372 79
1 3907 46
5 4076 50 3793 50 4411 50 4015 50 4016 50 3914 67
31 4137 50 4516 50 4563 50 4735 50 4471 50 4366 50 4004 50 4265 50 4133 50 4355 50 4216 50 4350 50 4392 50 4323 74
2 3009 50 3341 50 3476 50 3575 98
38 3680 50 2832 50 3408 50 3371 50 3599 50 3660 50 2765 50 2926 50 3608 50 2981 50 3343 50 2998 50 3194 50 2735 50 3439 54
7 3899 50 3598 50 3596 50 3804 50 3283 50 3347 50 3168 50 4118 73
17 1710 50 1909 50 1493 50 1527 50 1896 50 1875 96
11 4841 50 4914 50 4907 50 4770 50 4893 73
30 4910 50 4775 50 4933 50 4875 50 4518 50 4255 50 4589 50 4525 96
37 2121 50 2627 50 2231 50 2418 50 3145 50 2155 50 2962 50 3106 50 2632 50 3110 50 3136 50 2236 50 2134 50 2380 50 2912 50 3037 50 3016 50 2060 50 2294 50 2852 50 3050 50 2617 50 2871 65
9 1976 50 2118 50 2284 50 2878 50 1975 50 2815 50 2960 50 3147 50 2069 50 2847 50 2882 50 2105 50 3006 50 2047 56
22 3407 50 4398 50 3631 50 4267 50 3757 50 4378 50 3419 50 3765 50 3836 50 3422 50 4469 50 4094 50 3948 50 3730 50 3415 50 4002 50 3512 50 4315 50 3500 57
80 1264 10
153 562 10
182 1182 10
46 1041 10
136 1421 10
44 1797 10
128 518 10
146 1213 10
23 3332 50 3231 50 3186 50 3558 50 3560 50 3257 50 2729 50 2787 50 3432 50 2911 50 3085 50 2255 50 3276 50 3175 50 2843 50 2864 50 2985 50 3159 50 2947 50 3487 50 3112 50 3270 50 2261 50 2269 56
178 981 10
64 1332 10
150 588 10
200 463 10
155 704 10
99 1818 10
16 3639 50 3589 70
14 1821 50 1835 50 1863 50 1928 50 1815 50 1929 50 1939 50 1994 50 1827 50 2123 50 1816 50 1887 50 1895 50 2974 50 2250 79
195 834 10
161 1777 10
74 740 10
36 4981 50 4812 50 4827 57
12 3972 50 4037 50 3834 50 3591 50 4052 50 3772 50 4069 50 3818 50 4070 50 3895 83
157 1440 10
148 1686 10
176 553 10
168 961 10
120 356 10
19 1665 50 1193 50 1262 50 1629 50 1639 50 1707 50 1695 58
174 324 10
123 1116 10
172 297 10
29 1799 50 2879 50 2762 50 2413 50 3617 50 3148 50 3139 50 2982 50 2217 50 3515 50 3014 50 2900 50 2318 50 2325 50 3658 50 3686 50 2941 50 3216 50 3630 50 2721 50 2199 50 2445 50 3549 50 1882 50 2270 50 2229 50 2930 50
33 4347 50 4201 50 4437 50 4426 50 4408 50 4334 50 4198 50 4161 50 4154 50 4354 50 4226 50 4194 50 4227 90
111 595 10
199 662 10
66 912 10
81 384 10
20 4789 50 4798 50 4809 50 4746 50 4758 50 4772 50 4769 50 4542 50 4528 50 4601 50 4569 50 4509 50 4573 50 4898 50 4934 50 4939 50 4579 50 4849 50 4932 50 4658 50 4284 50 3853 50 4529 50 4644 50 4063 50 4846 50 4358 50 4637 50 4797 50 4092 50 4406 50 4397 50 4778 50 3731 50 4638 50 3711 50 4310 50 4494 82
140 741 10
102 1063 10
61 1363 10
138 1530 10
32 4537 50 4308 50 4600 50 4111 50 4599 50 2935 50 3996 50 3150 50 4674 50 4887 50 4652 50 2997 50 3120 50 2881 50 2980 50 3710 50 4009 50 4921 50 4436 50 3234 50 3827 50 4314 50 4822 50 2940 50 3336 50 2944 50 3001 66
50 893 10
65 850 10
21 2736 50 4305 50 3814 50 2807 50 3448 50 3480 50 3656 50 3846 50 4126 50 4428 50 2905 50 2972 50 3898 50 2742 50 3784 50 4075 50 4169 50 4477 50 2398 50 2876 50 2955 50 3902 68
73 620 10
86 823 10
69 663 10
55 788 10
197 1681 10
190 1566 10
163 1554 10
77 589 10
4 1731 50 1747 50 1703 50 1624 50 1590 50 1625 50 1630 50 1748 50 1676 50 1666 50 1662 50 1787 50 1781 50 1807 50 2044 50 2040 50 2271 50 2056 50 1828 50 2336 50 2215 50 2285 50 1684 50 1724 50 2277 50 2924 50 3909 50 1683 50 2283 50 2619 50 2808 50 2860 50 3505 50 2041 50 2178 51
121 743 10
70 575 10
42 773 10
57 611 10
68 994 10
94 669 10
85 857 10
175 507 10
145 692 10
24 3981 48
59 179 10
169 757 10
6 4511 50 2385 50 3273 50 4351 50 2813 50 4238 50 2715 50 3621 50 3496 50 2677 50 2225 50 4122 50 2493 50 2330 50 2406 50 2820 50 4279 50 3127 50 3672 50 2353 50 3008 50 3033 50 4170 50 2304 50 4399 50 3539 50 3912 50 4214 50 4077 50 2396 50 2170 50 4053 50 3718 50 2187 50 2321 50 3809 50 3848 50 4576 50 4445 50 4483 50 2300 50 3548 50 3567 50 3604 50 4212 50 2264 88
185 976 10
112 257 10
156 1413 10
160 320 10
122 789 10
171 468 10
113 1230 10
26 4620 50 4614 50 4699 50 4700 50 2392 50 3182 50 3788 50 4103 50 4611 50 2290 50 3075 50 4332 50 4223 50 2849 50 3277 50 3534 50 3867 50 4087 50 4613 50 2227 50 2579 50 4419 50 4751 50 2889 50 4120 50 4635 50 2678 50 2986 50 4184 50 4553 50 2853 92
159 722 10
188 52 10
76 750 10
115 1375 10
118 353 10
18 1106 50 1107 50 1547 50 1218 50 1542 50 1475 50 1342 50 995 50 968 50 1046 50 983 50 1512 50 997 50 1478 50 1000 50 1429 50 1427 50 1532 50 1163 50 1506 50 1291 50 1408 50 1255 50 1279 50 979 50 1075 50 1015 50 1430 50 1120 50 1079 50 1101 50 1039 50 1072 50 1085 50 969 50 1322 50 1885 50 2019 50 1951 50 1265 50 1690 50 1084 50 1621 50 1481 50 986 50 1584 50 1141 50 1377 50 1239 50 1598 50 1632 50 1447 50 1659 87
130 1326 10
8 1708 50 1810 50 3124 50 3142 50 4246 50 2145 50 3309 50 1593 50 3379 50 4302 50 4333 50 2343 50 3103 98
127 763 10
183 767 10
96 963 10
124 232 10
90 987 10
131 1271 10
107 412 10
164 927 10
196 804 10
58 1114 10
141 1212 10
100 876 10
35 4607 50 1609 50 2297 50 2750 91
34 4953 50 4852 50 4804 50 4922 50 4838 50 4828 50 4833 50 4840 50 4837 50 4764 50 4886 50 4254 50 4506 50 2411 50 3261 50 3747 50 4011 50 3471 50 2157 50 2258 50 2874 50 3696 50 2166 50 2244 50 2311 50 3435 50 4768 50 4066 50 4512 50 2920 50 1865 50 2062 50 3352 50 3490 50 3759 50 3190 50 3416 50 2345 50 3954 50 3187 50 3968 50 4666 69
43 5 10
119 429 10
142 125 10
186 813 10
165 251 10
106 672 10
15 1418 50 1137 50 1308 50 1505 50 1390 50 1573 50 1655 50 1311 50 1591 50 1738 50 1727 50 1570 50 1241 50 1854 50 2988 50 3690 50 1725 50 1788 50 2970 50 2818 50 4266 50 1601 50 2946 50 3494 50 1115 50 3046 50 1619 50 1739 50 1783 50 1329 50 2363 50 4218 50 4225 50 1425 50 2037 50 3289 50 4142 50 3184 50 4129 50 2279 50 3240 50 3922 50 1904 50 3132 50 1369 50 2809 50 3346 50 1770 50 3104 50 1541 50 2587 50 2622 50 2082 50 2959 50 3165 50 3913 79
108 817 10
98 676 10
79 900 10
166 954 10
114 752 10
40 4360 50 4634 50 4435 50 4759 50 4552 50 4558 50 4732 50 4463 50 4657 50 4312 50 4457 50 4734 50 4577 50 4336 50 4443 50 4800 92
134 311 10
78 868 10
101 755 10
105 848 10
67 4390 10
116 1073 10
187 731 10
170 1035 10
192 742 10
184 998 10
173 816 10
92 739 10
117 4564 10
97 1037 10
103 326 10
95 47 10
75 385 10
110 420 10
63 492 10
82 693 10
193 310 10
179 465 10
189 454 10
104 409 10
53 942 10
51 128 10
154 141 10
181 2400 10
28 561 50 443 50 715 50 707 50 545 50 400 50 349 50 541 50 754 50 401 50 388 50 554 50 390 50 629 50 530 50 837 50 446 50 821 50 809 50 418 50 584 50 759 50 725 50 363 50 377 50 450 50 744 50 671 50 783 50 677 50 365 50 592 50 801 50 358 50 382 50 525 50 580 50 393 50 761 50 583 50 407 50 766 50 542 50 649 50 372 50 431 50 576 50 905 50 859 50 798 50 937 50 938 50 486 50 977 50 546 50 472 50 555 50 460 50 765 50 915 50 537 50 615 50 772 50 841 50 423 50 843 50 447 50 729 50 408 50 689 68
162 4760 10
56 1902 10
25 4631 50 2855 50 3047 50 3360 50 3380 50 1889 50 2281 50 1588 50 2931 50 3057 50 3409 50 3440 50 3979 50 4566 50 2734 50 3144 50 1353 50 2956 50 4565 50 4650 50 1302 50 3477 50 4606 50 4688 50 1175 50 1922 50 4192 50 1644 50 2030 50 4086 50 4172 50 4258 50 2640 65
87 1066 10
60 452 10
151 3 10
84 304 10
41 4739 10
135 4891 10
198 1735 10
149 746 10
126 682 10
132 664 10
180 2592 10
52 898 10
143 720 10
109 44 10
49 1647 10
194 4023 10
83 4191 10
93 4889 10
147 1005 10
91 183 10
10 117 50 189 50 240 50 124 50 126 50 176 50 155 50 300 50 134 50 206 50 146 50 237 50 180 50 177 50 151 50 147 50 309 50 298 50 160 50 228 50 1944 50 3838 50 695 50 1757 50 2631 50 3135 50 381 50 608 50 2652 50 394 50 161 50 445 50 1706 50 547 50 1275 50 1890 50 368 50 1932 50 205 50 1671 50 683 50 926 50 1316 50 2298 50 2408 50 1136 50 164 50 421 50 3633 50 238 50 488 50 999 50 4027 78
158 4548 10
62 4917 10
71 738 10
167 4456 10
177 4550 10
152 4952 10
45 41 10
144 106 10
54 4748 10
191 33 10
72 59 10
133 26 10
89 4803 10
88 4793 10
48 39 10
47 62 10
27 4427 50 4454 50 4557 50 1842 50 2165 50 282 50 4587 50 4696 50 3603 50 379 50 646 50 621 50 2555 50 4430 50 517 50 1099 50 4163 50 666 50 1607 50 2128 50 4605 50 291 50 833 50 1145 50 616 50 698 50 3653 50 512 50 4663 50 414 50 1667 50 2293 50 4303 50 331 50 373 50 1782 50 1111 50 1569 50 2158 50 4622 50 449 50 497 50 687 50 806 50 1477 50 1052 50 2368 50 3521 50 4321 50 4492 50 1949 50 582 50 686 50 1801 50 1604 50 437 50 1223 50 1784 50 1804 50 4182 50 4327 50 1696 50 605 99
129 4796 10
139 4709 10
137 2206 10
125 3794 10
10
200
15 4851 56
2 4928 73
24 4326 50 4040 50 4127 50 3978 51
36 4689 50 4597 50 4556 50 4626 54
32 4496 50 4486 85
33 4363 50 4071 50 3998 50 4112 50 4248 67
4 4619 50 4645 50 4479 82
8 4453 50 4417 50 4641 50 4519 78
10 4523 50 4545 50 4562 50 4480 50 4451 50 4293 50 4695 50 4514 50 4376 50 4440 67
9 2654 50 2064 50 2655 50 2637 50 2307 50 2626 50 2239 50 2088 90
21 3967 50 3481 50 3889 50 3964 50 3602 50 3627 50 3786 50 3937 50 3615 50 3873 82
30 3887 50 3801 50 3878 50 3449 50 3509 50 3929 50 3709 50 3980 50 3423 68
18 3457 50 3777 50 4050 50 4038 50 3752 50 3406 50 4162 50 3868 50 3901 50 3547 50 3402 50 3726 50 3721 50 3511 50 3969 50 3530 54
20 4951 91
13 3271 50 3258 50 3331 50 3348 50 3911 50 3673 55
34 4379 50 4318 50 4362 50 4383 50 4295 94
37 4510 50 4484 50 4571 50 4500 50 4539 50 4489 50 4612 50 4460 50 4442 50 4472 50 4464 50 4124 50 4533 50 4311 50 4346 50 4322 50 4482 50 4343 50 4003 56
23 4342 50 4520 72
5 4873 50 4866 50 4916 50 4924 50 4864 78
3 4884 58
14 4648 97
38 4681 50 4684 50 4701 50 4729 50 4727 50 4711 50 4754 50 4665 50 3716 50 3879 50 4640 50 4300 50 4365 50 4449 50 4683 76
86 1603 10
73 438 10
176 1491 10
87 1391 10
25 3213 50 3248 50 3241 50 3205 50 3473 50 3284 50 3245 50 3217 50 3401 50 3403 50 3209 50 4286 50 4407 50 4283 50 4413 50 4499 50 3942 50 3243 50 4349 50 4400 50 3210 50 3510 50 3952 50 4128 96
79 1645 10
131 920 10
80 467 10
122 1294 10
108 2039 10
66 46 10
106 1693 10
193 1050 10
168 1483 10
42 574 10
77 1306 10
188 1612 10
91 256 10
19 4783 50 4856 50 4801 50 4826 50 4836 50 4719 50 4281 50 4491 50 4574 50 4538 50 4423 50 4083 50 3982 50 4277 50 4508 50 3885 50 3971 50 3663 50 3691 50 4204 50 3910 50 4564 50 4148 50 3947 50 4031 50 4209 50 4505 78
199 768 10
196 510 10
11 4998 50 4912 50 4955 50 4943 50 4971 50 4983 50 3590 50 4104 50 3594 50 3995 50 4738 50 4550 50 4030 50 4669 50 4859 50 3526 50 3557 50 3975 50 4485 50 4271 50 4278 50 3773 50 4034 50 4205 50 4206 68
22 3042 50 2888 50 2964 50 2883 50 3039 50 2910 50 3154 50 3048 50 2720 50 3060 50 3099 50 2907 50 2786 50 2801 50 2891 50 2991 50 3115 50 3172 50 3078 50 3153 50 3056 50 2728 50 2753 52
185 653 10
161 474 10
118 1387 10
99 1515 10
197 1109 10
174 633 10
166 730 10
53 498 10
1 2394 50 2574 50 2635 72
52 1191 10
55 1059 10
136 1592 10
194 756 10
94 37 10
85 585 10
134 1596 10
46 88 10
54 796 10
125 587 10
153 67 10
75 735 10
57 724 10
48 710 10
183 771 10
35 1965 50 1966 50 2159 50 2183 84
88 317 10
170 1937 10
78 68 10
26 1092 50 1416 50 1623 50 1155 50 1205 50 1518 50 1157 50 1033 50 1654 50 1289 50 1545 50 1898 50 1350 50 2181 50 2373 50 1745 50 1558 50 1831 50 943 50 946 50 1968 50 1552 50 913 50 1482 50 2663 50 2675 50 2672 51
60 749 10
45 288 10
129 685 10
192 791 10
154 1258 10
179 532 10
68 500 10
40 2257 50 2092 50 2126 50 2292 50 2550 50 2036 50 2598 50 2580 50 1984 50 2220 50 2212 50 2659 50 2025 50 2662 50 2016 50 2035 50 2185 50 2987 84
186 569 10
142 1631 10
29 3070 50 3171 50 2886 50 3164 50 2850 50 3119 50 2629 50 3107 50 2772 50 3200 88
145 1462 10
6 3028 50 3018 50 2682 50 2936 50 2983 50 3054 50 2638 50 2756 50 2645 50 2996 72
198 1290 10
70 1884 10
111 1458 10
184 1333 10
12 1921 50 1941 50 2230 50 2339 50 2138 50 2246 50 2009 50 1991 50 2268 50 2194 50 2355 50 2378 50 2109 50 2127 50 1990 50 2223 50 2518 50 2525 50 2857 50 2152 50 3088 50 1993 50 3143 50 3431 50 2584 50 3158 50 2248 50 2819 50 3044 50 2033 50 2238 50 2673 50 2810 61
39 3002 50 3029 50 4390 50 2576 50 2797 50 3383 50 3504 50 3019 50 2709 50 3561 50 3628 50 3841 50 4401 50 3292 50 4242 50 2658 50 3069 50 3474 50 2821 50 2590 50 3393 50 2192 50 3130 50 4107 50 2917 50 3151 50 3133 50 4433 50 2722 50 4132 50 2256 50 2791 50 4371 50 4251 50 2521 50 4466 50 2337 50 3390 50 4081 50 3024 50 3855 50 2892 50 2260 50 3485 50 2184 50 2902 60
82 45 10
49 862 10
150 489 10
189 1097 10
89 1819 10
104 1674 10
140 375 10
132 745 10
16 3162 50 2670 50 3430 50 4456 50 4501 50 3082 50 2280 50 3318 50 2348 50 3337 60
51 638 10
31 4548 50 4673 50 4654 50 3858 50 3506 50 3183 50 3626 50 3676 50 3754 50 2993 50 2570 50 4555 50 3342 50 4527 50 3080 50 3562 50 4704 50 2582 50 4188 50 4298 50 3226 50 3632 50 3842 50 4219 50 4617 50 3811 50 4093 50 3163 50 3859 50 2839 50 4655 87
180 753 10
143 515 10
113 1556 10
149 1119 10
127 1188 10
126 1043 10
148 658 10
175 480 10
155 1567 10
190 369 10
163 222 10
116 416 10
97 873 10
160 417 10
92 136 10
90 1090 10
171 527 10
124 432 10
178 989 10
120 62 10
107 935 10
64 828 10
62 702 10
165 1154 10
59 734 10
152 1362 10
177 835 10
137 1222 10
167 890 10
61 1158 10
162 1560 10
50 751 10
117 1118 10
84 880 10
43 1201 10
139 405 10
95 626 10
135 774 10
144 529 10
172 675 10
191 159 10
181 143 10
156 1324 10
74 149 10
128 1032 10
102 1840 10
27 661 50 888 50 940 50 822 50 1041 50 721 50 824 50 1071 50 1722 98
110 590 10
65 531 10
47 233 10
130 1677 10
121 121 10
158 442 10
76 1636 10
109 604 10
157 637 10
146 1733 10
200 623 10
151 631 10
71 80 10
147 1468 10
159 567 10
69 1913 10
100 493 10
112 328 10
17 808 50 800 50 952 50 1233 50 1546 50 1148 50 1813 50 885 89
96 652 10
41 1513 10
103 1180 10
133 1705 10
28 571 50 668 50 769 52
101 978 10
187 891 10
7 528 50 1078 50 1260 50 1215 50 703 50 1209 50 1013 50 1420 50 563 50 1006 50 1698 50 1439 50 1837 50 1299 50 627 50 1752 50 1729 50 1756 50 1775 50 1728 50 1687 50 599 50 1855 50 1003 50 1809 50 564 50 1825 50 632 50 1231 50 1778 50 776 50 610 50 777 50 708 50 878 50 1044 50 1587 50 803 50 1094 50 1617 50 879 50 895 50 1281 50 1524 50 871 50 1356 50 714 50 819 50 1796 50 643 50 586 50 597 50 705 50 831 50 1878 50 1759 50 617 50 557 50 1583 50 1187 50 1860 50 1653 50 1273 50 625 50 1509 50 1785 50 1523 65
195 1848 10
164 727 10
58 1870 10
173 48 10
105 2002 10
56 1650 10
81 645 10
44 43 10
93 1417 10
63 292 10
182 496 10
141 435 10
114 495 10
98 172 10
138 301 10
123 360 10
67 395 10
169 51 10
72 370 10
83 261 10
115 4 10
119 38 10
